Ansys Lumerical 2020 R2 Variational FDTD Solver Version 7.16.2387 (Windows 64bit)
 expires (month/day/year): 12/31/2035
using config file: Ansys Licensing set with ANSYSLMD_LICENSE_FILE
license host: 
current time: Sun Jul 24 23:35:54 2022
Running on host: DESKTOP-08OE850
All processes are communicating and ready to proceed to simulation...
Running lms file: C:\Program Files\Lumerical\v202\bin\varfdtd-engine-msmpi.exe -t 1 -remote -hide C:/Users/lucas/Desktop/TEEE Fotonica/Anelderessonancia/Ressonance 1_sweep/sweep_10.lms
Starting meshing
Simulation size in gridpoints: 1 x 165 x 1
Refined 0 mesh cells (0%)
Completed meshing!
Meshing complete in 0 seconds of CPU time
Starting meshing
Simulation size in gridpoints: 1 x 165 x 1
Refined 0 mesh cells (0%)
Completed meshing!
Meshing complete in 0.015625 seconds of CPU time
Starting meshing
Simulation size in gridpoints: 1 x 165 x 1
Refined 0 mesh cells (0%)
Completed meshing!
Meshing complete in 0 seconds of CPU time
number of processors is 16
processors are distributed as: 8x2x1
Running TE Simulation
Starting meshing
Simulation size in gridpoints: 350 x 199 x 1
Refined 0 mesh cells (0%)
Completed meshing!
Meshing complete in 7.29688 seconds of CPU time
20288 20288
Starting meshing
Simulation size in gridpoints: 350 x 199 x 1
Refined 0 mesh cells (0%)
Completed meshing!
Meshing complete in 4.8125 seconds of CPU time
20208 20208
finished material properties
Selected kernel with optimization level: 0 and split-field propagation direction: 0
-----------------------------------------
Beginning initialization of TE Simulation
Starting to add sources to simulation
Adding TE Mode Source propagating in X
Starting to add boundary conditions to simulation
Adding TE PML BC
Adding TE parallel BC
Adding TE PML BC
Adding TE parallel BC
Starting to add monitors to Simulation
Adding analysis monitor
Adding TE DFT monitor
Adding TE DFT monitor
Monitor ::model::drop is outside the simulation and will not record any data
Finished initialization of TE Simulation
-----------------------------------------
All processes are communicating and ready to proceed to simulation...
Starting 87095 total iterations
0% complete. Max time remaining: 9 mins, 60 secs. Auto Shutoff: 1
1% complete. Max time remaining: 4 mins, 46 secs. Auto Shutoff: 1
2% complete. Max time remaining: 4 mins, 24 secs. Auto Shutoff: 1
4% complete. Max time remaining: 4 mins, 21 secs. Auto Shutoff: 1
4% complete. Max time remaining: 4 mins, 15 secs. Auto Shutoff: 1
5% complete. Max time remaining: 4 mins, 9 secs. Auto Shutoff: 0.983178
6% complete. Max time remaining: 4 mins, 3 secs. Auto Shutoff: 0.981081
7% complete. Max time remaining: 4 mins, 2 secs. Auto Shutoff: 0.985853
8% complete. Max time remaining: 3 mins, 58 secs. Auto Shutoff: 0.982831
9% complete. Max time remaining: 3 mins, 53 secs. Auto Shutoff: 0.983141
11% complete. Max time remaining: 3 mins, 50 secs. Auto Shutoff: 1.01064
11% complete. Max time remaining: 3 mins, 48 secs. Auto Shutoff: 0.994275
12% complete. Max time remaining: 3 mins, 44 secs. Auto Shutoff: 0.991718
14% complete. Max time remaining: 3 mins, 40 secs. Auto Shutoff: 1.01095
14% complete. Max time remaining: 3 mins, 38 secs. Auto Shutoff: 0.996435
15% complete. Max time remaining: 3 mins, 36 secs. Auto Shutoff: 0.986995
16% complete. Max time remaining: 3 mins, 33 secs. Auto Shutoff: 0.993244
17% complete. Max time remaining: 3 mins, 31 secs. Auto Shutoff: 0.986794
18% complete. Max time remaining: 3 mins, 30 secs. Auto Shutoff: 0.988923
19% complete. Max time remaining: 3 mins, 26 secs. Auto Shutoff: 1.05145
21% complete. Max time remaining: 3 mins, 24 secs. Auto Shutoff: 1.01454
21% complete. Max time remaining: 3 mins, 23 secs. Auto Shutoff: 0.993529
22% complete. Max time remaining: 3 mins, 20 secs. Auto Shutoff: 0.997598
23% complete. Max time remaining: 3 mins, 17 secs. Auto Shutoff: 0.985024
24% complete. Max time remaining: 3 mins, 16 secs. Auto Shutoff: 0.945646
25% complete. Max time remaining: 3 mins, 13 secs. Auto Shutoff: 0.203287
26% complete. Max time remaining: 3 mins, 10 secs. Auto Shutoff: 0.00350215
27% complete. Max time remaining: 3 mins, 9 secs. Auto Shutoff: 0.00128338
28% complete. Max time remaining: 3 mins, 5 secs. Auto Shutoff: 0.000938232
29% complete. Max time remaining: 3 mins, 3 secs. Auto Shutoff: 0.000924636
31% complete. Max time remaining: 2 mins, 60 secs. Auto Shutoff: 0.000860995
31% complete. Max time remaining: 2 mins, 58 secs. Auto Shutoff: 0.000803896
32% complete. Max time remaining: 2 mins, 55 secs. Auto Shutoff: 0.000650311
33% complete. Max time remaining: 2 mins, 53 secs. Auto Shutoff: 0.000413403
34% complete. Max time remaining: 2 mins, 51 secs. Auto Shutoff: 0.000367398
35% complete. Max time remaining: 2 mins, 49 secs. Auto Shutoff: 0.000319417
36% complete. Max time remaining: 2 mins, 47 secs. Auto Shutoff: 0.000191712
37% complete. Max time remaining: 2 mins, 45 secs. Auto Shutoff: 0.000159027
38% complete. Max time remaining: 2 mins, 42 secs. Auto Shutoff: 0.000154931
39% complete. Max time remaining: 2 mins, 40 secs. Auto Shutoff: 0.000155529
40% complete. Max time remaining: 2 mins, 38 secs. Auto Shutoff: 0.000152507
41% complete. Max time remaining: 2 mins, 37 secs. Auto Shutoff: 0.000151265
42% complete. Max time remaining: 2 mins, 34 secs. Auto Shutoff: 0.000150192
43% complete. Max time remaining: 2 mins, 31 secs. Auto Shutoff: 0.000148294
44% complete. Max time remaining: 2 mins, 30 secs. Auto Shutoff: 0.000148278
45% complete. Max time remaining: 2 mins, 27 secs. Auto Shutoff: 0.00015103
46% complete. Max time remaining: 2 mins, 25 secs. Auto Shutoff: 0.00015119
47% complete. Max time remaining: 2 mins, 22 secs. Auto Shutoff: 0.000129093
48% complete. Max time remaining: 2 mins, 20 secs. Auto Shutoff: 5.61702e-05
49% complete. Max time remaining: 2 mins, 18 secs. Auto Shutoff: 4.62036e-05
50% complete. Max time remaining: 2 mins, 15 secs. Auto Shutoff: 5.23877e-05
51% complete. Max time remaining: 2 mins, 12 secs. Auto Shutoff: 8.81013e-05
52% complete. Max time remaining: 2 mins, 10 secs. Auto Shutoff: 0.000135389
53% complete. Max time remaining: 2 mins, 7 secs. Auto Shutoff: 0.000258279
54% complete. Max time remaining: 2 mins, 4 secs. Auto Shutoff: 0.000479097
56% complete. Max time remaining: 2 mins, 1 secs. Auto Shutoff: 0.000857472
56% complete. Max time remaining: 1 min, 59 secs. Auto Shutoff: 0.000981625
57% complete. Max time remaining: 1 min, 56 secs. Auto Shutoff: 0.00192893
58% complete. Max time remaining: 1 min, 53 secs. Auto Shutoff: 0.0037554
59% complete. Max time remaining: 1 min, 51 secs. Auto Shutoff: 0.00401442
60% complete. Max time remaining: 1 min, 48 secs. Auto Shutoff: 0.00690182
61% complete. Max time remaining: 1 min, 45 secs. Auto Shutoff: 0.0123669
62% complete. Max time remaining: 1 min, 43 secs. Auto Shutoff: 0.0238219
63% complete. Max time remaining: 1 min, 40 secs. Auto Shutoff: 0.0398059
64% complete. Max time remaining: 1 min, 38 secs. Auto Shutoff: 0.0701279
66% complete. Max time remaining: 1 min, 34 secs. Auto Shutoff: 0.112318
66% complete. Max time remaining: 1 min, 33 secs. Auto Shutoff: 0.20019
67% complete. Max time remaining: 1 min, 30 secs. Auto Shutoff: 0.371419
68% complete. Max time remaining: 1 min, 26 secs. Auto Shutoff: 0.669389
69% complete. Max time remaining: 1 min, 25 secs. Auto Shutoff: 0.667697
70% complete. Max time remaining: 1 min, 21 secs. Auto Shutoff: 1.30235
71% complete. Max time remaining: 1 min, 18 secs. Auto Shutoff: 2.57388
73% complete. Max time remaining: 1 min, 15 secs. Auto Shutoff: 5.73832
73% complete. Max time remaining: 1 min, 13 secs. Auto Shutoff: 5.97681
74% complete. Max time remaining: 1 min, 10 secs. Auto Shutoff: 11.1296
76% complete. Max time remaining: 1 min, 7 secs. Auto Shutoff: 21.5712
76% complete. Max time remaining: 1 min, 6 secs. Auto Shutoff: 34.3497
77% complete. Max time remaining: 1 min, 3 secs. Auto Shutoff: 60.0323
78% complete. Max time remaining: 1 min, 1 secs. Auto Shutoff: 111.672
79% complete. Max time remaining: 59 secs. Auto Shutoff: 173.683
80% complete. Max time remaining: 56 secs. Auto Shutoff: 371.03
81% complete. Max time remaining: 52 secs. Auto Shutoff: 698.294
83% complete. Max time remaining: 49 secs. Auto Shutoff: 1300.03
83% complete. Max time remaining: 47 secs. Auto Shutoff: 1482.64
84% complete. Max time remaining: 45 secs. Auto Shutoff: 2198.1
86% complete. Max time remaining: 41 secs. Auto Shutoff: 6295.69
86% complete. Max time remaining: 39 secs. Auto Shutoff: 8623.68
87% complete. Max time remaining: 36 secs. Auto Shutoff: 16846.9
88% complete. Max time remaining: 32 secs. Auto Shutoff: 33756.5
89% complete. Max time remaining: 31 secs. Auto Shutoff: 59563.4
90% complete. Max time remaining: 28 secs. Auto Shutoff: 106834
ERROR: Early termination of simulation, the electromagnetic fields are diverging.
Please see https://kb.lumerical.com/redirect/fdtd-fix-divergence.html for how to solve this problem.
Completed 78455 iterations, or 4.504e-12s of Simulation Time
Process 0 starting to collect data
    collecting monitor data
Monitor ::model::drop is outside the simulation and will not record any data
    collecting source data
Finished collecting data
Simulation completed successfully at: Sun Jul 24 23:40:22 2022
Overall wall time measurements in seconds:
    time to mesh and initialize: 14
    time to run FDTD simulation: 254
    time to finalize data and save to files: 0
    FDTD solver speed: 0 Mnodes/s
    total FDTD solver speed on 16 processes: 0 Mnodes/s
