Ansys Lumerical 2020 R2 Variational FDTD Solver Version 7.16.2387 (Windows 64bit)
 expires (month/day/year): 12/31/2035
using config file: Ansys Licensing set with ANSYSLMD_LICENSE_FILE
license host: 
current time: Mon Jul 25 00:06:36 2022
Running on host: DESKTOP-08OE850
All processes are communicating and ready to proceed to simulation...
Running lms file: C:\Program Files\Lumerical\v202\bin\varfdtd-engine-msmpi.exe -t 1 -remote -hide C:/Users/lucas/Desktop/TEEE Fotonica/Anelderessonancia/Ressonance 1_sweep/sweep_4.lms
Starting meshing
Simulation size in gridpoints: 1 x 168 x 1
Refined 0 mesh cells (0%)
Completed meshing!
Meshing complete in 0 seconds of CPU time
Starting meshing
Simulation size in gridpoints: 1 x 168 x 1
Refined 0 mesh cells (0%)
Completed meshing!
Meshing complete in 0 seconds of CPU time
Starting meshing
Simulation size in gridpoints: 1 x 168 x 1
Refined 0 mesh cells (0%)
Completed meshing!
Meshing complete in 0 seconds of CPU time
number of processors is 16
processors are distributed as: 8x2x1
Running TE Simulation
Starting meshing
Simulation size in gridpoints: 353 x 211 x 1
Refined 0 mesh cells (0%)
Completed meshing!
Meshing complete in 4.65625 seconds of CPU time
22224 22224
Starting meshing
Simulation size in gridpoints: 353 x 211 x 1
Refined 0 mesh cells (0%)
Completed meshing!
Meshing complete in 3.26562 seconds of CPU time
22240 22240
finished material properties
Selected kernel with optimization level: 0 and split-field propagation direction: 0
-----------------------------------------
Beginning initialization of TE Simulation
Starting to add sources to simulation
Adding TE Mode Source propagating in X
Starting to add boundary conditions to simulation
Adding TE PML BC
Adding TE parallel BC
Adding TE PML BC
Adding TE parallel BC
Starting to add monitors to Simulation
Adding analysis monitor
Adding TE DFT monitor
Adding TE DFT monitor
Monitor ::model::drop is outside the simulation and will not record any data
Finished initialization of TE Simulation
-----------------------------------------
All processes are communicating and ready to proceed to simulation...
Starting 87842 total iterations
0% complete. Max time remaining: 3 mins, 4 secs. Auto Shutoff: 1
1% complete. Max time remaining: 3 mins, 20 secs. Auto Shutoff: 1
2% complete. Max time remaining: 3 mins, 21 secs. Auto Shutoff: 1
3% complete. Max time remaining: 3 mins, 17 secs. Auto Shutoff: 1
4% complete. Max time remaining: 3 mins, 15 secs. Auto Shutoff: 1
5% complete. Max time remaining: 3 mins, 11 secs. Auto Shutoff: 0.984524
6% complete. Max time remaining: 3 mins, 9 secs. Auto Shutoff: 0.984495
8% complete. Max time remaining: 3 mins, 12 secs. Auto Shutoff: 1.0025
8% complete. Max time remaining: 3 mins, 14 secs. Auto Shutoff: 0.987959
9% complete. Max time remaining: 3 mins, 14 secs. Auto Shutoff: 0.98455
10% complete. Max time remaining: 3 mins, 23 secs. Auto Shutoff: 1.0123
11% complete. Max time remaining: 3 mins, 26 secs. Auto Shutoff: 0.997891
12% complete. Max time remaining: 3 mins, 27 secs. Auto Shutoff: 0.994092
