Ansys Lumerical 2020 R2 Variational FDTD Solver Version 7.16.2387 (Windows 64bit)
 expires (month/day/year): 12/31/2035
using config file: Ansys Licensing set with ANSYSLMD_LICENSE_FILE
license host: 
current time: Mon Jul 25 00:05:04 2022
Running on host: DESKTOP-08OE850
All processes are communicating and ready to proceed to simulation...
Running lms file: C:\Program Files\Lumerical\v202\bin\varfdtd-engine-msmpi.exe -t 1 -remote -hide C:/Users/lucas/Desktop/TEEE Fotonica/Anelderessonancia/Ressonance 1_sweep/sweep_2.lms
Starting meshing
Simulation size in gridpoints: 1 x 168 x 1
Refined 0 mesh cells (0%)
Completed meshing!
Meshing complete in 0 seconds of CPU time
Starting meshing
Simulation size in gridpoints: 1 x 168 x 1
Refined 0 mesh cells (0%)
Completed meshing!
Meshing complete in 0 seconds of CPU time
Starting meshing
Simulation size in gridpoints: 1 x 168 x 1
Refined 0 mesh cells (0%)
Completed meshing!
Meshing complete in 0.015625 seconds of CPU time
number of processors is 16
processors are distributed as: 8x2x1
Running TE Simulation
Starting meshing
Simulation size in gridpoints: 353 x 211 x 1
Refined 0 mesh cells (0%)
Completed meshing!
Meshing complete in 4.5625 seconds of CPU time
22864 22864
Starting meshing
Simulation size in gridpoints: 353 x 211 x 1
Refined 0 mesh cells (0%)
Completed meshing!
Meshing complete in 3.25 seconds of CPU time
22976 22976
finished material properties
Selected kernel with optimization level: 0 and split-field propagation direction: 0
-----------------------------------------
Beginning initialization of TE Simulation
Starting to add sources to simulation
Adding TE Mode Source propagating in X
Starting to add boundary conditions to simulation
Adding TE PML BC
Adding TE parallel BC
Adding TE PML BC
Adding TE parallel BC
Starting to add monitors to Simulation
Adding analysis monitor
Adding TE DFT monitor
Adding TE DFT monitor
Monitor ::model::drop is outside the simulation and will not record any data
Finished initialization of TE Simulation
-----------------------------------------
All processes are communicating and ready to proceed to simulation...
Starting 87842 total iterations
0% complete. Max time remaining: 3 mins, 23 secs. Auto Shutoff: 1
1% complete. Max time remaining: 3 mins, 17 secs. Auto Shutoff: 1
2% complete. Max time remaining: 3 mins, 16 secs. Auto Shutoff: 1
3% complete. Max time remaining: 3 mins, 15 secs. Auto Shutoff: 1
4% complete. Max time remaining: 3 mins, 13 secs. Auto Shutoff: 1
5% complete. Max time remaining: 3 mins, 12 secs. Auto Shutoff: 0.984527
6% complete. Max time remaining: 3 mins, 10 secs. Auto Shutoff: 0.984498
8% complete. Max time remaining: 3 mins, 7 secs. Auto Shutoff: 1.0025
8% complete. Max time remaining: 3 mins, 6 secs. Auto Shutoff: 0.987961
9% complete. Max time remaining: 3 mins, 4 secs. Auto Shutoff: 0.984521
10% complete. Max time remaining: 3 mins, 1 secs. Auto Shutoff: 1.00903
11% complete. Max time remaining: 3 mins, 0 secs. Auto Shutoff: 0.995736
12% complete. Max time remaining: 2 mins, 58 secs. Auto Shutoff: 0.994514
13% complete. Max time remaining: 2 mins, 55 secs. Auto Shutoff: 1.00715
15% complete. Max time remaining: 2 mins, 54 secs. Auto Shutoff: 1.0522
15% complete. Max time remaining: 2 mins, 52 secs. Auto Shutoff: 2.65552
16% complete. Max time remaining: 2 mins, 50 secs. Auto Shutoff: 379.774
17% complete. Max time remaining: 2 mins, 47 secs. Auto Shutoff: 98013.6
ERROR: Early termination of simulation, the electromagnetic fields are diverging.
Please see https://kb.lumerical.com/redirect/fdtd-fix-divergence.html for how to solve this problem.
Completed 15439 iterations, or 8.78789e-13s of Simulation Time
Process 0 starting to collect data
    collecting monitor data
Monitor ::model::drop is outside the simulation and will not record any data
    collecting source data
Finished collecting data
Simulation completed successfully at: Mon Jul 25 00:05:48 2022
Overall wall time measurements in seconds:
    time to mesh and initialize: 8
    time to run FDTD simulation: 36
    time to finalize data and save to files: 0
    FDTD solver speed: 0 Mnodes/s
    total FDTD solver speed on 16 processes: 0 Mnodes/s
