Ansys Lumerical 2020 R2 Variational FDTD Solver Version 7.16.2387 (Windows 64bit)
 expires (month/day/year): 12/31/2035
using config file: Ansys Licensing set with ANSYSLMD_LICENSE_FILE
license host: 
current time: Sun Jul 24 23:30:30 2022
Running on host: DESKTOP-08OE850
All processes are communicating and ready to proceed to simulation...
Running lms file: C:\Program Files\Lumerical\v202\bin\varfdtd-engine-msmpi.exe -t 1 -remote -hide C:/Users/lucas/Desktop/TEEE Fotonica/Anelderessonancia/Ressonance 1_sweep/sweep_5.lms
Starting meshing
Simulation size in gridpoints: 1 x 165 x 1
Refined 0 mesh cells (0%)
Completed meshing!
Meshing complete in 0.015625 seconds of CPU time
Starting meshing
Simulation size in gridpoints: 1 x 165 x 1
Refined 0 mesh cells (0%)
Completed meshing!
Meshing complete in 0 seconds of CPU time
Starting meshing
Simulation size in gridpoints: 1 x 165 x 1
Refined 0 mesh cells (0%)
Completed meshing!
Meshing complete in 0 seconds of CPU time
number of processors is 16
processors are distributed as: 8x2x1
Running TE Simulation
Starting meshing
Simulation size in gridpoints: 350 x 199 x 1
Refined 0 mesh cells (0%)
Completed meshing!
Meshing complete in 7.73438 seconds of CPU time
21824 21824
Starting meshing
Simulation size in gridpoints: 350 x 199 x 1
Refined 0 mesh cells (0%)
Completed meshing!
Meshing complete in 5.34375 seconds of CPU time
21696 21696
finished material properties
Selected kernel with optimization level: 0 and split-field propagation direction: 0
-----------------------------------------
Beginning initialization of TE Simulation
Starting to add sources to simulation
Adding TE Mode Source propagating in X
Starting to add boundary conditions to simulation
Adding TE PML BC
Adding TE parallel BC
Adding TE PML BC
Adding TE parallel BC
Starting to add monitors to Simulation
Adding analysis monitor
Adding TE DFT monitor
Adding TE DFT monitor
Monitor ::model::drop is outside the simulation and will not record any data
Finished initialization of TE Simulation
-----------------------------------------
All processes are communicating and ready to proceed to simulation...
Starting 87095 total iterations
0% complete. Max time remaining: 4 mins, 35 secs. Auto Shutoff: 1
1% complete. Max time remaining: 4 mins, 23 secs. Auto Shutoff: 1
2% complete. Max time remaining: 4 mins, 25 secs. Auto Shutoff: 1
4% complete. Max time remaining: 4 mins, 19 secs. Auto Shutoff: 1
4% complete. Max time remaining: 4 mins, 17 secs. Auto Shutoff: 1
5% complete. Max time remaining: 4 mins, 16 secs. Auto Shutoff: 0.983178
6% complete. Max time remaining: 4 mins, 15 secs. Auto Shutoff: 0.981079
7% complete. Max time remaining: 4 mins, 12 secs. Auto Shutoff: 0.985851
8% complete. Max time remaining: 4 mins, 8 secs. Auto Shutoff: 0.982797
9% complete. Max time remaining: 4 mins, 5 secs. Auto Shutoff: 0.981137
11% complete. Max time remaining: 4 mins, 3 secs. Auto Shutoff: 1.00461
11% complete. Max time remaining: 4 mins, 1 secs. Auto Shutoff: 0.992591
12% complete. Max time remaining: 3 mins, 57 secs. Auto Shutoff: 0.991561
14% complete. Max time remaining: 3 mins, 55 secs. Auto Shutoff: 1.00916
14% complete. Max time remaining: 3 mins, 55 secs. Auto Shutoff: 0.997328
15% complete. Max time remaining: 3 mins, 55 secs. Auto Shutoff: 1.90821
16% complete. Max time remaining: 3 mins, 55 secs. Auto Shutoff: 185.251
17% complete. Max time remaining: 3 mins, 53 secs. Auto Shutoff: 6906.78
ERROR: Early termination of simulation, the electromagnetic fields are diverging.
Please see https://kb.lumerical.com/redirect/fdtd-fix-divergence.html for how to solve this problem.
Completed 15431 iterations, or 8.85874e-13s of Simulation Time
Process 0 starting to collect data
    collecting monitor data
Monitor ::model::drop is outside the simulation and will not record any data
    collecting source data
Finished collecting data
Simulation completed successfully at: Sun Jul 24 23:31:34 2022
Overall wall time measurements in seconds:
    time to mesh and initialize: 14
    time to run FDTD simulation: 50
    time to finalize data and save to files: 0
    FDTD solver speed: 0 Mnodes/s
    total FDTD solver speed on 16 processes: 0 Mnodes/s
