Ansys Lumerical 2022 R1.4 FDTD Solver Version 8.27.3044 (Linux 64bit)
 expires (month/day/year): 5/2/2023
using config file: Ansys Licensing set with ANSYSLMD_LICENSE_FILE
license host: 1055@10.75.13.24
current time: Mon Aug 1 17:25:17 2022
Running on host: fotonica05-System-Product-Name
host available memory (GB): 29.198111
All processes are communicating and ready to proceed to simulation...
Running fsp file: /opt/lumerical/v221/bin/fdtd-engine-mpich2nem -t 1 -remote -shared-solve-license QU5TWVNDTF9DT05URVhUX0RBVEE9PEFOU1lTQ0xfQ09OVEVYVF9EQVRBPjxJRD4yNDM3OWIyMi03YzI4LTQ2MWMtYjE3NS1jNWQzZGJmZmNiMDc8L0lEPjxUWVBFPkFQUF9ERUZJTkVEPC9UWVBFPjxOQU1FPmx1bV9zdGFuZGFyZF9zb2x2ZV9zaGFyZTwvTkFNRT48SEFORExFUj41NDk1OUBmb3RvbmljYTA1LVN5c3RlbS1Qcm9kdWN0LU5hbWU8L0hBTkRMRVI+PC9BTlNZU0NMX0NPTlRFWFRfREFUQT4KQU5TWVNfQ09OVEVYVF9JRD0yNDM3OWIyMi03YzI4LTQ2MWMtYjE3NS1jNWQzZGJmZmNiMDcKQU5TWVNfQ09OVEVYVF9TRVJWRVI9NTQ5NTlAZm90b25pY2EwNS1TeXN0ZW0tUHJvZHVjdC1OYW1lCg== /media/lucas/datam01/LucasLObo/Anelderessonancia/FDTD.fsp
Starting meshing
Simulation size in gridpoints: 1 x 71 x 22
Refined 0 mesh cells (0%)
Completed meshing!
Meshing complete in 0.001139 seconds of CPU time
Starting meshing
Simulation size in gridpoints: 1 x 71 x 22
Refined 0 mesh cells (0%)
Completed meshing!
Meshing complete in 0.001047 seconds of CPU time
Starting meshing
Simulation size in gridpoints: 1 x 71 x 22
Refined 0 mesh cells (0%)
Completed meshing!
Meshing complete in 0.000959 seconds of CPU time
Starting meshing
Simulation size in gridpoints: 1 x 71 x 22
Refined 0 mesh cells (0%)
Completed meshing!
Meshing complete in 0.001278 seconds of CPU time
Starting meshing
Simulation size in gridpoints: 1 x 71 x 22
Refined 0 mesh cells (0%)
Completed meshing!
Meshing complete in 0.000956 seconds of CPU time
Starting meshing
Simulation size in gridpoints: 1 x 71 x 22
Refined 0 mesh cells (0%)
Completed meshing!
Meshing complete in 0.001219 seconds of CPU time
left is a duplicate key.
bottom is a duplicate key.
z1 is a duplicate key.
z2 is a duplicate key.
Nx is a duplicate key.
Ny is a duplicate key.
Nz is a duplicate key.
Starting meshing
Simulation size in gridpoints: 1 x 71 x 22
Refined 0 mesh cells (0%)
Completed meshing!
Meshing complete in 0.001276 seconds of CPU time
Starting meshing
Simulation size in gridpoints: 1 x 71 x 22
Refined 0 mesh cells (0%)
Completed meshing!
Meshing complete in 0.001231 seconds of CPU time
Starting meshing
Simulation size in gridpoints: 1 x 71 x 22
Refined 0 mesh cells (0%)
Completed meshing!
Meshing complete in 0.00113 seconds of CPU time
left is a duplicate key.
bottom is a duplicate key.
z1 is a duplicate key.
z2 is a duplicate key.
Nx is a duplicate key.
Ny is a duplicate key.
Nz is a duplicate key.
Starting meshing
Simulation size in gridpoints: 93 x 1 x 22
Refined 0 mesh cells (0%)
Completed meshing!
Meshing complete in 0.001099 seconds of CPU time
Starting meshing
Simulation size in gridpoints: 93 x 1 x 22
Refined 0 mesh cells (0%)
Completed meshing!
Meshing complete in 0.001071 seconds of CPU time
Starting meshing
Simulation size in gridpoints: 93 x 1 x 22
Refined 0 mesh cells (0%)
Completed meshing!
Meshing complete in 0.001093 seconds of CPU time
left is a duplicate key.
bottom is a duplicate key.
z1 is a duplicate key.
z2 is a duplicate key.
Nx is a duplicate key.
Ny is a duplicate key.
Nz is a duplicate key.
Starting meshing
Simulation size in gridpoints: 93 x 1 x 22
Refined 0 mesh cells (0%)
Completed meshing!
Meshing complete in 0.001138 seconds of CPU time
Starting meshing
Simulation size in gridpoints: 93 x 1 x 22
Refined 0 mesh cells (0%)
Completed meshing!
Meshing complete in 0.001081 seconds of CPU time
Starting meshing
Simulation size in gridpoints: 93 x 1 x 22
Refined 0 mesh cells (0%)
Completed meshing!
Meshing complete in 0.001101 seconds of CPU time
left is a duplicate key.
bottom is a duplicate key.
z1 is a duplicate key.
z2 is a duplicate key.
Nx is a duplicate key.
Ny is a duplicate key.
Nz is a duplicate key.
number of processors is 8
processors are distributed as: 4x2x1
Running 3D Simulation
Starting meshing
Simulation size in gridpoints: 155 x 104 x 36
Refined 0 mesh cells (0%)
Completed meshing!
Meshing complete in 0.742217 seconds of CPU time
0 0
Starting meshing
Simulation size in gridpoints: 155 x 104 x 36
Refined 0 mesh cells (0%)
Completed meshing!
Meshing complete in 0.74338 seconds of CPU time
0 0
Starting meshing
Simulation size in gridpoints: 155 x 104 x 36
Refined 0 mesh cells (0%)
Completed meshing!
Meshing complete in 0.538306 seconds of CPU time
0 0
finished material properties
Meshing Time: 1.30624 seconds, Init Electrical Material Time: 0.059546 seconds, Init Magnetic Material Time: 0.001295
Using selected optimization level: 2
Selecting 3d kernel for splitFieldDirection=0 and optLevel=2
-----------------------------------------
Beginning initialization of 3D Simulation
Starting to add sources to simulation
Adding 3D Mode source propagating in X
Using frequency dependent profile
Frequency range of source is less than 1e-3 of center frequency and will be increased to 1e-3 of center frequency.
Starting to add boundary conditions to simulation
Adding 3D PML BC
Adding 3D Parallel BC
Adding 3D PML BC
Adding 3D Parallel BC
Adding 3D PML BC
Adding 3D PML BC
Starting to add monitors to Simulation
Adding analysis monitor
Adding 3D DFT monitor
Adding 3D DFT monitor
Adding 3D DFT monitor
Adding 3D DFT monitor
Adding 3D DFT monitor
Finished initialization of 3D Simulation
-----------------------------------------
All processes are communicating and ready to proceed to simulation...
Starting 11930 total iterations
0.402355% complete. Max time remaining: 4 mins, 29 secs. Auto Shutoff: 1
1.4753% complete. Max time remaining: 4 mins, 19 secs. Auto Shutoff: 1
2.54825% complete. Max time remaining: 4 mins, 15 secs. Auto Shutoff: 1
3.6212% complete. Max time remaining: 4 mins, 13 secs. Auto Shutoff: 1
4.69415% complete. Max time remaining: 4 mins, 9 secs. Auto Shutoff: 1
5.76709% complete. Max time remaining: 4 mins, 6 secs. Auto Shutoff: 1
6.84004% complete. Max time remaining: 4 mins, 2 secs. Auto Shutoff: 1
7.91299% complete. Max time remaining: 3 mins, 60 secs. Auto Shutoff: 0.997019
8.98594% complete. Max time remaining: 3 mins, 57 secs. Auto Shutoff: 0.997106
10.0589% complete. Max time remaining: 3 mins, 54 secs. Auto Shutoff: 0.995718
11.1318% complete. Max time remaining: 3 mins, 51 secs. Auto Shutoff: 1.00152
12.2048% complete. Max time remaining: 3 mins, 48 secs. Auto Shutoff: 1.04497
13.2777% complete. Max time remaining: 3 mins, 45 secs. Auto Shutoff: 1.00559
14.3507% complete. Max time remaining: 3 mins, 42 secs. Auto Shutoff: 0.997793
15.4236% complete. Max time remaining: 3 mins, 40 secs. Auto Shutoff: 0.997174
16.4966% complete. Max time remaining: 3 mins, 36 secs. Auto Shutoff: 0.999967
17.5695% complete. Max time remaining: 3 mins, 34 secs. Auto Shutoff: 1.00011
18.6425% complete. Max time remaining: 3 mins, 31 secs. Auto Shutoff: 0.99991
19.7154% complete. Max time remaining: 3 mins, 28 secs. Auto Shutoff: 0.999666
20.7884% complete. Max time remaining: 3 mins, 25 secs. Auto Shutoff: 0.999357
21.8613% complete. Max time remaining: 3 mins, 22 secs. Auto Shutoff: 0.999388
22.9343% complete. Max time remaining: 3 mins, 20 secs. Auto Shutoff: 1.00436
24.0072% complete. Max time remaining: 3 mins, 17 secs. Auto Shutoff: 1.05377
25.0802% complete. Max time remaining: 3 mins, 14 secs. Auto Shutoff: 1.01835
26.1531% complete. Max time remaining: 3 mins, 11 secs. Auto Shutoff: 1.00211
27.2261% complete. Max time remaining: 3 mins, 8 secs. Auto Shutoff: 0.998629
28.299% complete. Max time remaining: 3 mins, 6 secs. Auto Shutoff: 0.997815
29.3719% complete. Max time remaining: 3 mins, 3 secs. Auto Shutoff: 0.997718
30.4449% complete. Max time remaining: 3 mins, 0 secs. Auto Shutoff: 0.997711
31.5178% complete. Max time remaining: 2 mins, 57 secs. Auto Shutoff: 0.997673
32.5908% complete. Max time remaining: 2 mins, 54 secs. Auto Shutoff: 0.99775
33.6637% complete. Max time remaining: 2 mins, 52 secs. Auto Shutoff: 1.00029
34.7367% complete. Max time remaining: 2 mins, 49 secs. Auto Shutoff: 1.01864
35.8096% complete. Max time remaining: 2 mins, 46 secs. Auto Shutoff: 1.04284
36.8826% complete. Max time remaining: 2 mins, 43 secs. Auto Shutoff: 1.01944
37.9555% complete. Max time remaining: 2 mins, 41 secs. Auto Shutoff: 1.01432
39.0285% complete. Max time remaining: 2 mins, 38 secs. Auto Shutoff: 1.01197
40.1014% complete. Max time remaining: 2 mins, 35 secs. Auto Shutoff: 1.01326
41.1744% complete. Max time remaining: 2 mins, 32 secs. Auto Shutoff: 1.02336
42.2473% complete. Max time remaining: 2 mins, 30 secs. Auto Shutoff: 1.00894
43.3203% complete. Max time remaining: 2 mins, 27 secs. Auto Shutoff: 0.999338
44.3932% complete. Max time remaining: 2 mins, 24 secs. Auto Shutoff: 0.975464
45.4662% complete. Max time remaining: 2 mins, 21 secs. Auto Shutoff: 0.692492
46.5391% complete. Max time remaining: 2 mins, 19 secs. Auto Shutoff: 0.574093
47.6121% complete. Max time remaining: 2 mins, 16 secs. Auto Shutoff: 0.411646
48.685% complete. Max time remaining: 2 mins, 13 secs. Auto Shutoff: 0.237497
49.758% complete. Max time remaining: 2 mins, 10 secs. Auto Shutoff: 0.0490021
50.8309% complete. Max time remaining: 2 mins, 7 secs. Auto Shutoff: 0.0167079
51.9039% complete. Max time remaining: 2 mins, 5 secs. Auto Shutoff: 0.00502331
52.9768% complete. Max time remaining: 2 mins, 2 secs. Auto Shutoff: 0.000931944
54.0497% complete. Max time remaining: 1 min, 59 secs. Auto Shutoff: 0.00074972
55.1227% complete. Max time remaining: 1 min, 56 secs. Auto Shutoff: 0.000701324
56.1956% complete. Max time remaining: 1 min, 53 secs. Auto Shutoff: 0.000681259
57.2686% complete. Max time remaining: 1 min, 51 secs. Auto Shutoff: 0.000657836
58.3415% complete. Max time remaining: 1 min, 48 secs. Auto Shutoff: 0.000650129
59.4145% complete. Max time remaining: 1 min, 45 secs. Auto Shutoff: 0.000641261
60.4874% complete. Max time remaining: 1 min, 42 secs. Auto Shutoff: 0.000640458
61.5604% complete. Max time remaining: 1 min, 40 secs. Auto Shutoff: 0.000619572
62.6333% complete. Max time remaining: 1 min, 37 secs. Auto Shutoff: 0.000602126
63.7063% complete. Max time remaining: 1 min, 34 secs. Auto Shutoff: 0.000585459
64.7792% complete. Max time remaining: 1 min, 31 secs. Auto Shutoff: 0.000574882
65.8522% complete. Max time remaining: 1 min, 28 secs. Auto Shutoff: 0.000540496
66.9251% complete. Max time remaining: 1 min, 26 secs. Auto Shutoff: 0.000507378
67.9981% complete. Max time remaining: 1 min, 23 secs. Auto Shutoff: 0.000482063
69.071% complete. Max time remaining: 1 min, 20 secs. Auto Shutoff: 0.000440091
70.144% complete. Max time remaining: 1 min, 17 secs. Auto Shutoff: 0.000424271
71.2169% complete. Max time remaining: 1 min, 15 secs. Auto Shutoff: 0.00041684
72.2899% complete. Max time remaining: 1 min, 12 secs. Auto Shutoff: 0.000401943
73.3628% complete. Max time remaining: 1 min, 9 secs. Auto Shutoff: 0.000356416
74.4358% complete. Max time remaining: 1 min, 6 secs. Auto Shutoff: 0.000318953
75.5087% complete. Max time remaining: 1 min, 3 secs. Auto Shutoff: 0.000277759
76.5817% complete. Max time remaining: 1 min, 1 secs. Auto Shutoff: 0.000239275
77.6546% complete. Max time remaining: 58 secs. Auto Shutoff: 0.00018429
78.7275% complete. Max time remaining: 55 secs. Auto Shutoff: 0.000162671
79.8005% complete. Max time remaining: 52 secs. Auto Shutoff: 0.000143901
80.8734% complete. Max time remaining: 50 secs. Auto Shutoff: 0.000128628
81.9464% complete. Max time remaining: 47 secs. Auto Shutoff: 9.72742e-05
83.0193% complete. Max time remaining: 44 secs. Auto Shutoff: 8.08939e-05
84.0923% complete. Max time remaining: 41 secs. Auto Shutoff: 6.86176e-05
85.1652% complete. Max time remaining: 38 secs. Auto Shutoff: 4.5056e-05
86.2382% complete. Max time remaining: 36 secs. Auto Shutoff: 3.43178e-05
87.3111% complete. Max time remaining: 33 secs. Auto Shutoff: 2.25068e-05
88.3841% complete. Max time remaining: 30 secs. Auto Shutoff: 1.40866e-05
100% complete. Max time remaining: 0 mins, 0 secs. Auto Shutoff: 8.81901e-06
Early termination of simulation, the autoshutoff criteria are satisfied.
Completed 10559 iterations, or 8.850981e-13s of Simulation Time
Process 0 starting to collect data
    collecting monitor data
    collecting source data
Using frequency dependent profile
Frequency range of source is less than 1e-3 of center frequency and will be increased to 1e-3 of center frequency.
Finished collecting data
left is a duplicate key.
bottom is a duplicate key.
z1 is a duplicate key.
z2 is a duplicate key.
Nx is a duplicate key.
Ny is a duplicate key.
Nz is a duplicate key.
left is a duplicate key.
bottom is a duplicate key.
z1 is a duplicate key.
z2 is a duplicate key.
Nx is a duplicate key.
Ny is a duplicate key.
Nz is a duplicate key.
left is a duplicate key.
bottom is a duplicate key.
z1 is a duplicate key.
z2 is a duplicate key.
Nx is a duplicate key.
Ny is a duplicate key.
Nz is a duplicate key.
left is a duplicate key.
bottom is a duplicate key.
z1 is a duplicate key.
z2 is a duplicate key.
Nx is a duplicate key.
Ny is a duplicate key.
Nz is a duplicate key.
Simulation completed successfully at: Mon Aug 1 17:29:10 2022
Overall wall time measurements in seconds: 233.715
    time to mesh and initialize: 2.69866
    time to run FDTD simulation: 229.625
    time to checkpoint simulation: 1e-06
    time to finalize data and save to files: 0.103404
    miscellaneous time: 1.28805
    FDTD solver speed on process 0: 26.6853 Mnodes/s
    total FDTD solver speed on 8 processes: 213.482 Mnodes/s
