Ansys Lumerical 2022 R1.4 Variational FDTD Solver Version 7.19.3044 (Linux 64bit)
 expires (month/day/year): 5/2/2023
using config file: Ansys Licensing set with ANSYSLMD_LICENSE_FILE
license host: 1055@10.75.13.24
current time: sex jul 22 14:52:44 2022
Running on host: fotonica05-System-Product-Name
All processes are communicating and ready to proceed to simulation...
Running lms file: /opt/lumerical/v221/bin/varfdtd-engine-mpich2nem -t 1 -remote -shared-solve-license QU5TWVNDTF9DT05URVhUX0RBVEE9PEFOU1lTQ0xfQ09OVEVYVF9EQVRBPjxJRD4zOTJhYzhlZi0xNWY3LTRkYzQtYjVkMy05M2IxNDE3Y2I1YWI8L0lEPjxUWVBFPkFQUF9ERUZJTkVEPC9UWVBFPjxOQU1FPmx1bV9zdGFuZGFyZF9zb2x2ZV9zaGFyZTwvTkFNRT48SEFORExFUj41MzMxNUBmb3RvbmljYTA1LVN5c3RlbS1Qcm9kdWN0LU5hbWU8L0hBTkRMRVI+PC9BTlNZU0NMX0NPTlRFWFRfREFUQT4KQU5TWVNfQ09OVEVYVF9JRD0zOTJhYzhlZi0xNWY3LTRkYzQtYjVkMy05M2IxNDE3Y2I1YWIKQU5TWVNfQ09OVEVYVF9TRVJWRVI9NTMzMTVAZm90b25pY2EwNS1TeXN0ZW0tUHJvZHVjdC1OYW1lCg== /media/lucas/datam01/LucasLObo/Anelderessonancia/Ressonance 1.lms
Starting meshing
Simulation size in gridpoints: 1 x 94 x 1
Refined 0 mesh cells (0%)
Completed meshing!
Meshing complete in 0.000808 seconds of CPU time
Starting meshing
Simulation size in gridpoints: 1 x 94 x 1
Refined 0 mesh cells (0%)
Completed meshing!
Meshing complete in 0.000447 seconds of CPU time
Starting meshing
Simulation size in gridpoints: 1 x 94 x 1
Refined 0 mesh cells (0%)
Completed meshing!
Meshing complete in 0.000435 seconds of CPU time
number of processors is 8
processors are distributed as: 8x1x1
Running TE Simulation
Starting meshing
Simulation size in gridpoints: 1740 x 760 x 1
Refined 0 mesh cells (0%)
Completed meshing!
Meshing complete in 3.0968 seconds of CPU time
74384 74384
Starting meshing
Simulation size in gridpoints: 1740 x 760 x 1
Refined 0 mesh cells (0%)
Completed meshing!
Meshing complete in 3.09562 seconds of CPU time
74560 74560
finished material properties
Selected kernel with optimization level: 0 and split-field propagation direction: 0
-----------------------------------------
Beginning initialization of TE Simulation
Starting to add sources to simulation
Adding TE Mode Source propagating in X
Starting to add boundary conditions to simulation
Adding TE PML BC
Adding TE parallel BC
Adding TE PML BC
Adding TE PML BC
Starting to add monitors to Simulation
Adding analysis monitor
Adding TE DFT monitor
Adding TE DFT monitor
Finished initialization of TE Simulation
-----------------------------------------
All processes are communicating and ready to proceed to simulation...
Starting 263023 total iterations
0% complete. Max time remaining: 1 hr, 40 mins, 37 secs. Auto Shutoff: 1
