Ansys Lumerical 2022 R1.4 FDTD Solver Version 8.27.3044 (Linux 64bit)
 expires (month/day/year): 5/2/2023
using config file: Ansys Licensing set with ANSYSLMD_LICENSE_FILE
license host: 1055@10.75.13.24
current time: Mon Aug 1 18:08:20 2022
Running on host: fotonica05-System-Product-Name
host available memory (GB): 27.262624
All processes are communicating and ready to proceed to simulation...
Running fsp file: /opt/lumerical/v221/bin/fdtd-engine-mpich2nem -t 1 -remote -hide -shared-solve-license QU5TWVNDTF9DT05URVhUX0RBVEE9PEFOU1lTQ0xfQ09OVEVYVF9EQVRBPjxJRD5hZjk4M2U4My02NzcwLTRlMjYtODZkOC0yN2QxNmIxMjQwNWM8L0lEPjxUWVBFPkFQUF9ERUZJTkVEPC9UWVBFPjxOQU1FPmx1bV9zdGFuZGFyZF9zb2x2ZV9zaGFyZTwvTkFNRT48SEFORExFUj41NDk1OUBmb3RvbmljYTA1LVN5c3RlbS1Qcm9kdWN0LU5hbWU8L0hBTkRMRVI+PC9BTlNZU0NMX0NPTlRFWFRfREFUQT4KQU5TWVNfQ09OVEVYVF9JRD1hZjk4M2U4My02NzcwLTRlMjYtODZkOC0yN2QxNmIxMjQwNWMKQU5TWVNfQ09OVEVYVF9TRVJWRVI9NTQ5NTlAZm90b25pY2EwNS1TeXN0ZW0tUHJvZHVjdC1OYW1lCg== /media/lucas/datam01/LucasLObo/Anelderessonancia/FDTD_sweep/sweep_9.fsp
Starting meshing
Simulation size in gridpoints: 1 x 71 x 22
Refined 0 mesh cells (0%)
Completed meshing!
Meshing complete in 0.00159 seconds of CPU time
Starting meshing
Simulation size in gridpoints: 1 x 71 x 22
Refined 0 mesh cells (0%)
Completed meshing!
Meshing complete in 0.001463 seconds of CPU time
Starting meshing
Simulation size in gridpoints: 1 x 71 x 22
Refined 0 mesh cells (0%)
Completed meshing!
Meshing complete in 0.001317 seconds of CPU time
Starting meshing
Simulation size in gridpoints: 1 x 71 x 22
Refined 0 mesh cells (0%)
Completed meshing!
Meshing complete in 0.001548 seconds of CPU time
Starting meshing
Simulation size in gridpoints: 1 x 71 x 22
Refined 0 mesh cells (0%)
Completed meshing!
Meshing complete in 0.001402 seconds of CPU time
Starting meshing
Simulation size in gridpoints: 1 x 71 x 22
Refined 0 mesh cells (0%)
Completed meshing!
Meshing complete in 0.001392 seconds of CPU time
left is a duplicate key.
bottom is a duplicate key.
z1 is a duplicate key.
z2 is a duplicate key.
Nx is a duplicate key.
Ny is a duplicate key.
Nz is a duplicate key.
Starting meshing
Simulation size in gridpoints: 1 x 71 x 22
Refined 0 mesh cells (0%)
Completed meshing!
Meshing complete in 0.001471 seconds of CPU time
Starting meshing
Simulation size in gridpoints: 1 x 71 x 22
Refined 0 mesh cells (0%)
Completed meshing!
Meshing complete in 0.001337 seconds of CPU time
Starting meshing
Simulation size in gridpoints: 1 x 71 x 22
Refined 0 mesh cells (0%)
Completed meshing!
Meshing complete in 0.001225 seconds of CPU time
left is a duplicate key.
bottom is a duplicate key.
z1 is a duplicate key.
z2 is a duplicate key.
Nx is a duplicate key.
Ny is a duplicate key.
Nz is a duplicate key.
Starting meshing
Simulation size in gridpoints: 92 x 1 x 22
Refined 0 mesh cells (0%)
Completed meshing!
Meshing complete in 0.001369 seconds of CPU time
Starting meshing
Simulation size in gridpoints: 92 x 1 x 22
Refined 0 mesh cells (0%)
Completed meshing!
Meshing complete in 0.001303 seconds of CPU time
Starting meshing
Simulation size in gridpoints: 92 x 1 x 22
Refined 0 mesh cells (0%)
Completed meshing!
Meshing complete in 0.001381 seconds of CPU time
left is a duplicate key.
bottom is a duplicate key.
z1 is a duplicate key.
z2 is a duplicate key.
Nx is a duplicate key.
Ny is a duplicate key.
Nz is a duplicate key.
Starting meshing
Simulation size in gridpoints: 92 x 1 x 22
Refined 0 mesh cells (0%)
Completed meshing!
Meshing complete in 0.001385 seconds of CPU time
Starting meshing
Simulation size in gridpoints: 92 x 1 x 22
Refined 0 mesh cells (0%)
Completed meshing!
Meshing complete in 0.001214 seconds of CPU time
Starting meshing
Simulation size in gridpoints: 92 x 1 x 22
Refined 0 mesh cells (0%)
Completed meshing!
Meshing complete in 0.001232 seconds of CPU time
left is a duplicate key.
bottom is a duplicate key.
z1 is a duplicate key.
z2 is a duplicate key.
Nx is a duplicate key.
Ny is a duplicate key.
Nz is a duplicate key.
number of processors is 8
processors are distributed as: 4x2x1
Running 3D Simulation
Starting meshing
Simulation size in gridpoints: 155 x 104 x 36
Refined 0 mesh cells (0%)
Completed meshing!
Meshing complete in 0.864316 seconds of CPU time
0 0
Starting meshing
Simulation size in gridpoints: 155 x 104 x 36
Refined 0 mesh cells (0%)
Completed meshing!
Meshing complete in 0.85602 seconds of CPU time
0 0
Starting meshing
Simulation size in gridpoints: 155 x 104 x 36
Refined 0 mesh cells (0%)
Completed meshing!
Meshing complete in 0.623681 seconds of CPU time
0 0
finished material properties
Meshing Time: 6.15274 seconds, Init Electrical Material Time: 0.327227 seconds, Init Magnetic Material Time: 0.00152
Using selected optimization level: 2
Selecting 3d kernel for splitFieldDirection=0 and optLevel=2
-----------------------------------------
Beginning initialization of 3D Simulation
Starting to add sources to simulation
Adding 3D Mode source propagating in X
Using frequency dependent profile
Frequency range of source is less than 1e-3 of center frequency and will be increased to 1e-3 of center frequency.
Starting to add boundary conditions to simulation
Adding 3D PML BC
Adding 3D Parallel BC
Adding 3D PML BC
Adding 3D Parallel BC
Adding 3D PML BC
Adding 3D PML BC
Starting to add monitors to Simulation
Adding analysis monitor
Adding 3D DFT monitor
Adding 3D DFT monitor
Adding 3D DFT monitor
Adding 3D DFT monitor
Adding 3D DFT monitor
Finished initialization of 3D Simulation
-----------------------------------------
All processes are communicating and ready to proceed to simulation...
Starting 11930 total iterations
0.201178% complete. Max time remaining: 27 mins, 1 secs. Auto Shutoff: 1
1.20707% complete. Max time remaining: 25 mins, 51 secs. Auto Shutoff: 1
2.21295% complete. Max time remaining: 26 mins, 1 secs. Auto Shutoff: 1
3.21884% complete. Max time remaining: 26 mins, 0 secs. Auto Shutoff: 1
4.22473% complete. Max time remaining: 25 mins, 37 secs. Auto Shutoff: 1
5.23062% complete. Max time remaining: 25 mins, 13 secs. Auto Shutoff: 1
6.23651% complete. Max time remaining: 24 mins, 46 secs. Auto Shutoff: 1
7.2424% complete. Max time remaining: 24 mins, 31 secs. Auto Shutoff: 0.997021
8.24829% complete. Max time remaining: 24 mins, 20 secs. Auto Shutoff: 0.997042
9.25417% complete. Max time remaining: 24 mins, 2 secs. Auto Shutoff: 0.997105
10.2601% complete. Max time remaining: 23 mins, 42 secs. Auto Shutoff: 0.995719
11.266% complete. Max time remaining: 23 mins, 29 secs. Auto Shutoff: 1.00152
12.3389% complete. Max time remaining: 23 mins, 7 secs. Auto Shutoff: 1.0833
13.4118% complete. Max time remaining: 22 mins, 48 secs. Auto Shutoff: 1.00557
14.4177% complete. Max time remaining: 22 mins, 40 secs. Auto Shutoff: 0.997966
15.4236% complete. Max time remaining: 22 mins, 28 secs. Auto Shutoff: 0.997799
16.4295% complete. Max time remaining: 22 mins, 22 secs. Auto Shutoff: 0.998838
17.5025% complete. Max time remaining: 22 mins, 8 secs. Auto Shutoff: 1.00024
18.5083% complete. Max time remaining: 21 mins, 52 secs. Auto Shutoff: 0.999855
19.5142% complete. Max time remaining: 21 mins, 33 secs. Auto Shutoff: 0.999919
20.5201% complete. Max time remaining: 21 mins, 17 secs. Auto Shutoff: 0.999188
21.5931% complete. Max time remaining: 20 mins, 58 secs. Auto Shutoff: 0.999445
22.599% complete. Max time remaining: 20 mins, 41 secs. Auto Shutoff: 1.0044
23.6049% complete. Max time remaining: 20 mins, 26 secs. Auto Shutoff: 1.05436
24.6107% complete. Max time remaining: 20 mins, 9 secs. Auto Shutoff: 1.06967
25.6166% complete. Max time remaining: 19 mins, 52 secs. Auto Shutoff: 1.01858
26.6225% complete. Max time remaining: 19 mins, 38 secs. Auto Shutoff: 1.002
27.6284% complete. Max time remaining: 19 mins, 22 secs. Auto Shutoff: 0.997791
28.7014% complete. Max time remaining: 19 mins, 4 secs. Auto Shutoff: 0.9977
29.7072% complete. Max time remaining: 18 mins, 46 secs. Auto Shutoff: 0.997697
30.7131% complete. Max time remaining: 18 mins, 29 secs. Auto Shutoff: 0.997684
31.719% complete. Max time remaining: 18 mins, 12 secs. Auto Shutoff: 0.997707
32.7249% complete. Max time remaining: 17 mins, 55 secs. Auto Shutoff: 0.997055
33.7308% complete. Max time remaining: 17 mins, 37 secs. Auto Shutoff: 0.993814
34.7367% complete. Max time remaining: 17 mins, 19 secs. Auto Shutoff: 1.02255
35.8096% complete. Max time remaining: 17 mins, 2 secs. Auto Shutoff: 1.04362
36.8155% complete. Max time remaining: 16 mins, 46 secs. Auto Shutoff: 1.04342
37.8214% complete. Max time remaining: 16 mins, 29 secs. Auto Shutoff: 1.01225
38.8273% complete. Max time remaining: 16 mins, 13 secs. Auto Shutoff: 1.00537
39.8332% complete. Max time remaining: 15 mins, 57 secs. Auto Shutoff: 1.01758
40.8391% complete. Max time remaining: 15 mins, 40 secs. Auto Shutoff: 1.02613
41.845% complete. Max time remaining: 15 mins, 25 secs. Auto Shutoff: 1.02257
42.8509% complete. Max time remaining: 15 mins, 9 secs. Auto Shutoff: 0.99534
43.8567% complete. Max time remaining: 14 mins, 53 secs. Auto Shutoff: 0.976806
44.9297% complete. Max time remaining: 14 mins, 36 secs. Auto Shutoff: 0.891287
45.9356% complete. Max time remaining: 14 mins, 20 secs. Auto Shutoff: 0.683083
46.9415% complete. Max time remaining: 14 mins, 4 secs. Auto Shutoff: 0.526024
47.9474% complete. Max time remaining: 13 mins, 48 secs. Auto Shutoff: 0.191954
49.0203% complete. Max time remaining: 13 mins, 31 secs. Auto Shutoff: 0.0874568
50.0933% complete. Max time remaining: 13 mins, 14 secs. Auto Shutoff: 0.0321735
51.0991% complete. Max time remaining: 12 mins, 58 secs. Auto Shutoff: 0.0100743
52.105% complete. Max time remaining: 12 mins, 42 secs. Auto Shutoff: 0.00115591
53.178% complete. Max time remaining: 12 mins, 25 secs. Auto Shutoff: 0.000699738
54.1839% complete. Max time remaining: 12 mins, 9 secs. Auto Shutoff: 0.000610931
55.1898% complete. Max time remaining: 11 mins, 53 secs. Auto Shutoff: 0.000584139
56.1956% complete. Max time remaining: 11 mins, 37 secs. Auto Shutoff: 0.000567051
57.2015% complete. Max time remaining: 11 mins, 21 secs. Auto Shutoff: 0.000540664
58.2074% complete. Max time remaining: 11 mins, 5 secs. Auto Shutoff: 0.000531163
59.2133% complete. Max time remaining: 10 mins, 49 secs. Auto Shutoff: 0.000519171
60.2192% complete. Max time remaining: 10 mins, 32 secs. Auto Shutoff: 0.000517368
61.2251% complete. Max time remaining: 10 mins, 16 secs. Auto Shutoff: 0.000499927
62.231% complete. Max time remaining: 9 mins, 60 secs. Auto Shutoff: 0.00047268
63.2369% complete. Max time remaining: 9 mins, 44 secs. Auto Shutoff: 0.000427215
64.2428% complete. Max time remaining: 9 mins, 28 secs. Auto Shutoff: 0.000409865
65.3157% complete. Max time remaining: 9 mins, 10 secs. Auto Shutoff: 0.000393105
66.3216% complete. Max time remaining: 8 mins, 53 secs. Auto Shutoff: 0.000368606
67.3945% complete. Max time remaining: 8 mins, 35 secs. Auto Shutoff: 0.000324327
68.4675% complete. Max time remaining: 8 mins, 17 secs. Auto Shutoff: 0.000310217
69.5404% complete. Max time remaining: 7 mins, 59 secs. Auto Shutoff: 0.000276202
70.6134% complete. Max time remaining: 7 mins, 41 secs. Auto Shutoff: 0.000250387
71.6863% complete. Max time remaining: 7 mins, 24 secs. Auto Shutoff: 0.000201543
72.7593% complete. Max time remaining: 7 mins, 6 secs. Auto Shutoff: 0.00016563
73.8322% complete. Max time remaining: 6 mins, 48 secs. Auto Shutoff: 0.000139692
74.8381% complete. Max time remaining: 6 mins, 32 secs. Auto Shutoff: 0.000127786
75.844% complete. Max time remaining: 6 mins, 15 secs. Auto Shutoff: 0.000110385
76.9169% complete. Max time remaining: 5 mins, 58 secs. Auto Shutoff: 0.0001028
77.9228% complete. Max time remaining: 5 mins, 42 secs. Auto Shutoff: 9.54407e-05
78.9958% complete. Max time remaining: 5 mins, 25 secs. Auto Shutoff: 8.58284e-05
80.0687% complete. Max time remaining: 5 mins, 8 secs. Auto Shutoff: 6.9961e-05
81.0746% complete. Max time remaining: 4 mins, 52 secs. Auto Shutoff: 6.05273e-05
82.1476% complete. Max time remaining: 4 mins, 35 secs. Auto Shutoff: 4.71834e-05
83.2205% complete. Max time remaining: 4 mins, 18 secs. Auto Shutoff: 3.87572e-05
84.2264% complete. Max time remaining: 4 mins, 2 secs. Auto Shutoff: 3.42495e-05
85.2323% complete. Max time remaining: 3 mins, 47 secs. Auto Shutoff: 2.54403e-05
86.2382% complete. Max time remaining: 3 mins, 31 secs. Auto Shutoff: 1.85323e-05
87.2441% complete. Max time remaining: 3 mins, 15 secs. Auto Shutoff: 1.27014e-05
100% complete. Max time remaining: 0 mins, 0 secs. Auto Shutoff: 7.73084e-06
Early termination of simulation, the autoshutoff criteria are satisfied.
Completed 10458 iterations, or 8.766319e-13s of Simulation Time
Process 0 starting to collect data
    collecting monitor data
    collecting source data
Using frequency dependent profile
Frequency range of source is less than 1e-3 of center frequency and will be increased to 1e-3 of center frequency.
Finished collecting data
left is a duplicate key.
bottom is a duplicate key.
z1 is a duplicate key.
z2 is a duplicate key.
Nx is a duplicate key.
Ny is a duplicate key.
Nz is a duplicate key.
left is a duplicate key.
bottom is a duplicate key.
z1 is a duplicate key.
z2 is a duplicate key.
Nx is a duplicate key.
Ny is a duplicate key.
Nz is a duplicate key.
left is a duplicate key.
bottom is a duplicate key.
z1 is a duplicate key.
z2 is a duplicate key.
Nx is a duplicate key.
Ny is a duplicate key.
Nz is a duplicate key.
left is a duplicate key.
bottom is a duplicate key.
z1 is a duplicate key.
z2 is a duplicate key.
Nx is a duplicate key.
Ny is a duplicate key.
Nz is a duplicate key.
Simulation completed successfully at: Mon Aug 1 18:31:03 2022
Overall wall time measurements in seconds: 1363.85
    time to mesh and initialize: 12.4559
    time to run FDTD simulation: 1346.09
    time to checkpoint simulation: 1e-06
    time to finalize data and save to files: 1.47945
    miscellaneous time: 3.82443
    FDTD solver speed on process 0: 4.50859 Mnodes/s
    total FDTD solver speed on 8 processes: 36.0687 Mnodes/s
