Ansys Lumerical 2022 R1.4 FDTD Solver Version 8.27.3044 (Linux 64bit)
 expires (month/day/year): 5/2/2023
using config file: Ansys Licensing set with ANSYSLMD_LICENSE_FILE
license host: 1055@10.75.13.24
current time: Mon Aug 1 17:39:02 2022
Running on host: fotonica05-System-Product-Name
host available memory (GB): 28.712067
All processes are communicating and ready to proceed to simulation...
Running fsp file: /opt/lumerical/v221/bin/fdtd-engine-mpich2nem -t 1 -remote -hide -shared-solve-license QU5TWVNDTF9DT05URVhUX0RBVEE9PEFOU1lTQ0xfQ09OVEVYVF9EQVRBPjxJRD45NWQwZjFiNS0xNTIzLTRkNmItYTEwZi1lNjE2MjJlOWEyNjk8L0lEPjxUWVBFPkFQUF9ERUZJTkVEPC9UWVBFPjxOQU1FPmx1bV9zdGFuZGFyZF9zb2x2ZV9zaGFyZTwvTkFNRT48SEFORExFUj41NDk1OUBmb3RvbmljYTA1LVN5c3RlbS1Qcm9kdWN0LU5hbWU8L0hBTkRMRVI+PC9BTlNZU0NMX0NPTlRFWFRfREFUQT4KQU5TWVNfQ09OVEVYVF9JRD05NWQwZjFiNS0xNTIzLTRkNmItYTEwZi1lNjE2MjJlOWEyNjkKQU5TWVNfQ09OVEVYVF9TRVJWRVI9NTQ5NTlAZm90b25pY2EwNS1TeXN0ZW0tUHJvZHVjdC1OYW1lCg== /media/lucas/datam01/LucasLObo/Anelderessonancia/FDTD_sweep/sweep_4.fsp
Starting meshing
Simulation size in gridpoints: 1 x 71 x 22
Refined 0 mesh cells (0%)
Completed meshing!
Meshing complete in 0.001335 seconds of CPU time
Starting meshing
Simulation size in gridpoints: 1 x 71 x 22
Refined 0 mesh cells (0%)
Completed meshing!
Meshing complete in 0.001303 seconds of CPU time
Starting meshing
Simulation size in gridpoints: 1 x 71 x 22
Refined 0 mesh cells (0%)
Completed meshing!
Meshing complete in 0.001159 seconds of CPU time
Starting meshing
Simulation size in gridpoints: 1 x 71 x 22
Refined 0 mesh cells (0%)
Completed meshing!
Meshing complete in 0.001289 seconds of CPU time
Starting meshing
Simulation size in gridpoints: 1 x 71 x 22
Refined 0 mesh cells (0%)
Completed meshing!
Meshing complete in 0.001293 seconds of CPU time
Starting meshing
Simulation size in gridpoints: 1 x 71 x 22
Refined 0 mesh cells (0%)
Completed meshing!
Meshing complete in 0.001188 seconds of CPU time
left is a duplicate key.
bottom is a duplicate key.
z1 is a duplicate key.
z2 is a duplicate key.
Nx is a duplicate key.
Ny is a duplicate key.
Nz is a duplicate key.
Starting meshing
Simulation size in gridpoints: 1 x 71 x 22
Refined 0 mesh cells (0%)
Completed meshing!
Meshing complete in 0.001301 seconds of CPU time
Starting meshing
Simulation size in gridpoints: 1 x 71 x 22
Refined 0 mesh cells (0%)
Completed meshing!
Meshing complete in 0.001219 seconds of CPU time
Starting meshing
Simulation size in gridpoints: 1 x 71 x 22
Refined 0 mesh cells (0%)
Completed meshing!
Meshing complete in 0.001116 seconds of CPU time
left is a duplicate key.
bottom is a duplicate key.
z1 is a duplicate key.
z2 is a duplicate key.
Nx is a duplicate key.
Ny is a duplicate key.
Nz is a duplicate key.
Starting meshing
Simulation size in gridpoints: 89 x 1 x 22
Refined 0 mesh cells (0%)
Completed meshing!
Meshing complete in 0.001117 seconds of CPU time
Starting meshing
Simulation size in gridpoints: 89 x 1 x 22
Refined 0 mesh cells (0%)
Completed meshing!
Meshing complete in 0.000998 seconds of CPU time
Starting meshing
Simulation size in gridpoints: 89 x 1 x 22
Refined 0 mesh cells (0%)
Completed meshing!
Meshing complete in 0.001058 seconds of CPU time
left is a duplicate key.
bottom is a duplicate key.
z1 is a duplicate key.
z2 is a duplicate key.
Nx is a duplicate key.
Ny is a duplicate key.
Nz is a duplicate key.
Starting meshing
Simulation size in gridpoints: 89 x 1 x 22
Refined 0 mesh cells (0%)
Completed meshing!
Meshing complete in 0.001106 seconds of CPU time
Starting meshing
Simulation size in gridpoints: 89 x 1 x 22
Refined 0 mesh cells (0%)
Completed meshing!
Meshing complete in 0.001032 seconds of CPU time
Starting meshing
Simulation size in gridpoints: 89 x 1 x 22
Refined 0 mesh cells (0%)
Completed meshing!
Meshing complete in 0.001045 seconds of CPU time
left is a duplicate key.
bottom is a duplicate key.
z1 is a duplicate key.
z2 is a duplicate key.
Nx is a duplicate key.
Ny is a duplicate key.
Nz is a duplicate key.
number of processors is 8
processors are distributed as: 4x2x1
Running 3D Simulation
Starting meshing
Simulation size in gridpoints: 155 x 104 x 36
Refined 0 mesh cells (0%)
Completed meshing!
Meshing complete in 0.634413 seconds of CPU time
0 0
Starting meshing
Simulation size in gridpoints: 155 x 104 x 36
Refined 0 mesh cells (0%)
Completed meshing!
Meshing complete in 0.639231 seconds of CPU time
0 0
Starting meshing
Simulation size in gridpoints: 155 x 104 x 36
Refined 0 mesh cells (0%)
Completed meshing!
Meshing complete in 0.50543 seconds of CPU time
0 0
finished material properties
Meshing Time: 4.74275 seconds, Init Electrical Material Time: 0.251803 seconds, Init Magnetic Material Time: 0.001342
Using selected optimization level: 2
Selecting 3d kernel for splitFieldDirection=0 and optLevel=2
-----------------------------------------
Beginning initialization of 3D Simulation
Starting to add sources to simulation
Adding 3D Mode source propagating in X
Using frequency dependent profile
Frequency range of source is less than 1e-3 of center frequency and will be increased to 1e-3 of center frequency.
Starting to add boundary conditions to simulation
Adding 3D PML BC
Adding 3D Parallel BC
Adding 3D PML BC
Adding 3D Parallel BC
Adding 3D PML BC
Adding 3D PML BC
Starting to add monitors to Simulation
Adding analysis monitor
Adding 3D DFT monitor
Adding 3D DFT monitor
Adding 3D DFT monitor
Adding 3D DFT monitor
Adding 3D DFT monitor
Finished initialization of 3D Simulation
-----------------------------------------
All processes are communicating and ready to proceed to simulation...
Starting 11930 total iterations
0.268237% complete. Max time remaining: 25 mins, 28 secs. Auto Shutoff: 1
1.27413% complete. Max time remaining: 25 mins, 50 secs. Auto Shutoff: 1
2.28001% complete. Max time remaining: 25 mins, 38 secs. Auto Shutoff: 1
3.2859% complete. Max time remaining: 25 mins, 20 secs. Auto Shutoff: 1
4.35885% complete. Max time remaining: 24 mins, 55 secs. Auto Shutoff: 1
5.36474% complete. Max time remaining: 24 mins, 39 secs. Auto Shutoff: 1
6.37063% complete. Max time remaining: 24 mins, 13 secs. Auto Shutoff: 1
7.37652% complete. Max time remaining: 23 mins, 56 secs. Auto Shutoff: 0.997015
8.3824% complete. Max time remaining: 23 mins, 50 secs. Auto Shutoff: 0.997037
9.38829% complete. Max time remaining: 23 mins, 40 secs. Auto Shutoff: 0.9971
10.3942% complete. Max time remaining: 23 mins, 25 secs. Auto Shutoff: 0.995713
11.4001% complete. Max time remaining: 23 mins, 7 secs. Auto Shutoff: 1.00152
12.406% complete. Max time remaining: 22 mins, 52 secs. Auto Shutoff: 1.08327
13.4118% complete. Max time remaining: 22 mins, 38 secs. Auto Shutoff: 1.0056
14.4177% complete. Max time remaining: 22 mins, 25 secs. Auto Shutoff: 0.997988
15.4907% complete. Max time remaining: 22 mins, 7 secs. Auto Shutoff: 0.997566
16.4966% complete. Max time remaining: 21 mins, 51 secs. Auto Shutoff: 0.997611
17.5025% complete. Max time remaining: 21 mins, 38 secs. Auto Shutoff: 0.999332
18.5754% complete. Max time remaining: 21 mins, 21 secs. Auto Shutoff: 1.00007
19.5813% complete. Max time remaining: 21 mins, 4 secs. Auto Shutoff: 1.00053
20.5872% complete. Max time remaining: 20 mins, 48 secs. Auto Shutoff: 0.999989
21.5931% complete. Max time remaining: 20 mins, 36 secs. Auto Shutoff: 1.00039
22.599% complete. Max time remaining: 20 mins, 21 secs. Auto Shutoff: 1.00481
23.6719% complete. Max time remaining: 20 mins, 3 secs. Auto Shutoff: 1.05824
24.7449% complete. Max time remaining: 19 mins, 46 secs. Auto Shutoff: 1.08092
25.7507% complete. Max time remaining: 19 mins, 30 secs. Auto Shutoff: 1.01974
26.7566% complete. Max time remaining: 19 mins, 14 secs. Auto Shutoff: 0.998393
27.7625% complete. Max time remaining: 19 mins, 1 secs. Auto Shutoff: 0.997708
28.7684% complete. Max time remaining: 18 mins, 44 secs. Auto Shutoff: 0.997635
29.7743% complete. Max time remaining: 18 mins, 28 secs. Auto Shutoff: 0.997622
30.7802% complete. Max time remaining: 18 mins, 13 secs. Auto Shutoff: 0.997529
31.7861% complete. Max time remaining: 17 mins, 57 secs. Auto Shutoff: 0.996116
32.859% complete. Max time remaining: 17 mins, 38 secs. Auto Shutoff: 0.992611
33.932% complete. Max time remaining: 17 mins, 20 secs. Auto Shutoff: 0.993877
35.0049% complete. Max time remaining: 17 mins, 3 secs. Auto Shutoff: 1.02031
36.0779% complete. Max time remaining: 16 mins, 45 secs. Auto Shutoff: 1.03584
37.1508% complete. Max time remaining: 16 mins, 26 secs. Auto Shutoff: 1.03199
38.1567% complete. Max time remaining: 16 mins, 10 secs. Auto Shutoff: 1.02955
39.1626% complete. Max time remaining: 15 mins, 54 secs. Auto Shutoff: 1.03155
40.1685% complete. Max time remaining: 15 mins, 39 secs. Auto Shutoff: 1.02275
41.1744% complete. Max time remaining: 15 mins, 25 secs. Auto Shutoff: 0.996349
42.2473% complete. Max time remaining: 15 mins, 8 secs. Auto Shutoff: 0.991437
43.2532% complete. Max time remaining: 14 mins, 52 secs. Auto Shutoff: 0.991418
44.2591% complete. Max time remaining: 14 mins, 36 secs. Auto Shutoff: 0.971919
45.265% complete. Max time remaining: 14 mins, 20 secs. Auto Shutoff: 0.862871
46.2709% complete. Max time remaining: 14 mins, 9 secs. Auto Shutoff: 0.249277
47.2768% complete. Max time remaining: 13 mins, 56 secs. Auto Shutoff: 0.131539
48.2827% complete. Max time remaining: 13 mins, 41 secs. Auto Shutoff: 0.059838
49.2885% complete. Max time remaining: 13 mins, 25 secs. Auto Shutoff: 0.0209433
50.3615% complete. Max time remaining: 13 mins, 8 secs. Auto Shutoff: 0.00594979
51.3674% complete. Max time remaining: 12 mins, 53 secs. Auto Shutoff: 0.000810272
52.3733% complete. Max time remaining: 12 mins, 38 secs. Auto Shutoff: 0.000604956
53.3792% complete. Max time remaining: 12 mins, 21 secs. Auto Shutoff: 0.000561739
54.385% complete. Max time remaining: 12 mins, 5 secs. Auto Shutoff: 0.000546623
55.458% complete. Max time remaining: 11 mins, 47 secs. Auto Shutoff: 0.000540455
56.4639% complete. Max time remaining: 11 mins, 32 secs. Auto Shutoff: 0.000519387
57.4698% complete. Max time remaining: 11 mins, 17 secs. Auto Shutoff: 0.000509991
58.4757% complete. Max time remaining: 11 mins, 2 secs. Auto Shutoff: 0.000504816
59.4815% complete. Max time remaining: 10 mins, 47 secs. Auto Shutoff: 0.000498893
60.4874% complete. Max time remaining: 10 mins, 33 secs. Auto Shutoff: 0.000491203
61.4933% complete. Max time remaining: 10 mins, 18 secs. Auto Shutoff: 0.000460959
62.4992% complete. Max time remaining: 10 mins, 3 secs. Auto Shutoff: 0.000438655
63.5051% complete. Max time remaining: 9 mins, 48 secs. Auto Shutoff: 0.000416883
64.511% complete. Max time remaining: 9 mins, 33 secs. Auto Shutoff: 0.000389504
65.5169% complete. Max time remaining: 9 mins, 17 secs. Auto Shutoff: 0.000367476
66.5228% complete. Max time remaining: 9 mins, 2 secs. Auto Shutoff: 0.000324679
67.5287% complete. Max time remaining: 8 mins, 46 secs. Auto Shutoff: 0.000302634
68.5345% complete. Max time remaining: 8 mins, 31 secs. Auto Shutoff: 0.000282733
69.5404% complete. Max time remaining: 8 mins, 15 secs. Auto Shutoff: 0.000257394
70.5463% complete. Max time remaining: 7 mins, 59 secs. Auto Shutoff: 0.00022831
71.5522% complete. Max time remaining: 7 mins, 42 secs. Auto Shutoff: 0.000199594
72.5581% complete. Max time remaining: 7 mins, 26 secs. Auto Shutoff: 0.000147727
73.564% complete. Max time remaining: 7 mins, 10 secs. Auto Shutoff: 0.000116031
74.6369% complete. Max time remaining: 6 mins, 52 secs. Auto Shutoff: 0.000100503
75.6428% complete. Max time remaining: 6 mins, 36 secs. Auto Shutoff: 9.43875e-05
76.6487% complete. Max time remaining: 6 mins, 19 secs. Auto Shutoff: 8.90209e-05
77.6546% complete. Max time remaining: 6 mins, 3 secs. Auto Shutoff: 7.65784e-05
78.6605% complete. Max time remaining: 5 mins, 47 secs. Auto Shutoff: 6.82913e-05
79.6664% complete. Max time remaining: 5 mins, 31 secs. Auto Shutoff: 6.18369e-05
80.6723% complete. Max time remaining: 5 mins, 14 secs. Auto Shutoff: 5.61616e-05
81.6782% complete. Max time remaining: 4 mins, 58 secs. Auto Shutoff: 4.89304e-05
82.684% complete. Max time remaining: 4 mins, 41 secs. Auto Shutoff: 3.61298e-05
83.6899% complete. Max time remaining: 4 mins, 25 secs. Auto Shutoff: 2.80643e-05
84.6958% complete. Max time remaining: 4 mins, 9 secs. Auto Shutoff: 1.86726e-05
100% complete. Max time remaining: 0 mins, 0 secs. Auto Shutoff: 9.33917e-06
Early termination of simulation, the autoshutoff criteria are satisfied.
Completed 10155 iterations, or 8.512332e-13s of Simulation Time
Process 0 starting to collect data
    collecting monitor data
    collecting source data
Using frequency dependent profile
Frequency range of source is less than 1e-3 of center frequency and will be increased to 1e-3 of center frequency.
Finished collecting data
left is a duplicate key.
bottom is a duplicate key.
z1 is a duplicate key.
z2 is a duplicate key.
Nx is a duplicate key.
Ny is a duplicate key.
Nz is a duplicate key.
left is a duplicate key.
bottom is a duplicate key.
z1 is a duplicate key.
z2 is a duplicate key.
Nx is a duplicate key.
Ny is a duplicate key.
Nz is a duplicate key.
left is a duplicate key.
bottom is a duplicate key.
z1 is a duplicate key.
z2 is a duplicate key.
Nx is a duplicate key.
Ny is a duplicate key.
Nz is a duplicate key.
left is a duplicate key.
bottom is a duplicate key.
z1 is a duplicate key.
z2 is a duplicate key.
Nx is a duplicate key.
Ny is a duplicate key.
Nz is a duplicate key.
Simulation completed successfully at: Mon Aug 1 18:02:22 2022
Overall wall time measurements in seconds: 1401.62
    time to mesh and initialize: 10.9999
    time to run FDTD simulation: 1385.76
    time to checkpoint simulation: 0
    time to finalize data and save to files: 1.52302
    miscellaneous time: 3.33031
    FDTD solver speed on process 0: 4.25263 Mnodes/s
    total FDTD solver speed on 8 processes: 34.0211 Mnodes/s
