Ansys Lumerical 2022 R1.4 FDTD Solver Version 8.27.3044 (Linux 64bit)
 expires (month/day/year): 5/2/2023
using config file: Ansys Licensing set with ANSYSLMD_LICENSE_FILE
license host: 1055@10.75.13.24
current time: Mon Aug 1 18:25:01 2022
Running on host: fotonica05-System-Product-Name
host available memory (GB): 27.843727
All processes are communicating and ready to proceed to simulation...
Running fsp file: /opt/lumerical/v221/bin/fdtd-engine-mpich2nem -t 1 -remote -hide -shared-solve-license QU5TWVNDTF9DT05URVhUX0RBVEE9PEFOU1lTQ0xfQ09OVEVYVF9EQVRBPjxJRD42MmMzMGM0NS1hYTY0LTQ3ZTAtYTg3MS0xNDU3NWMyMzg2MmI8L0lEPjxUWVBFPkFQUF9ERUZJTkVEPC9UWVBFPjxOQU1FPmx1bV9zdGFuZGFyZF9zb2x2ZV9zaGFyZTwvTkFNRT48SEFORExFUj41NDk1OUBmb3RvbmljYTA1LVN5c3RlbS1Qcm9kdWN0LU5hbWU8L0hBTkRMRVI+PC9BTlNZU0NMX0NPTlRFWFRfREFUQT4KQU5TWVNfQ09OVEVYVF9JRD02MmMzMGM0NS1hYTY0LTQ3ZTAtYTg3MS0xNDU3NWMyMzg2MmIKQU5TWVNfQ09OVEVYVF9TRVJWRVI9NTQ5NTlAZm90b25pY2EwNS1TeXN0ZW0tUHJvZHVjdC1OYW1lCg== /media/lucas/datam01/LucasLObo/Anelderessonancia/FDTD_sweep/sweep_10.fsp
Starting meshing
Simulation size in gridpoints: 1 x 71 x 22
Refined 0 mesh cells (0%)
Completed meshing!
Meshing complete in 0.001649 seconds of CPU time
Starting meshing
Simulation size in gridpoints: 1 x 71 x 22
Refined 0 mesh cells (0%)
Completed meshing!
Meshing complete in 0.001535 seconds of CPU time
Starting meshing
Simulation size in gridpoints: 1 x 71 x 22
Refined 0 mesh cells (0%)
Completed meshing!
Meshing complete in 0.001283 seconds of CPU time
Starting meshing
Simulation size in gridpoints: 1 x 71 x 22
Refined 0 mesh cells (0%)
Completed meshing!
Meshing complete in 0.001662 seconds of CPU time
Starting meshing
Simulation size in gridpoints: 1 x 71 x 22
Refined 0 mesh cells (0%)
Completed meshing!
Meshing complete in 0.001535 seconds of CPU time
Starting meshing
Simulation size in gridpoints: 1 x 71 x 22
Refined 0 mesh cells (0%)
Completed meshing!
Meshing complete in 0.001303 seconds of CPU time
left is a duplicate key.
bottom is a duplicate key.
z1 is a duplicate key.
z2 is a duplicate key.
Nx is a duplicate key.
Ny is a duplicate key.
Nz is a duplicate key.
Starting meshing
Simulation size in gridpoints: 1 x 71 x 22
Refined 0 mesh cells (0%)
Completed meshing!
Meshing complete in 0.001591 seconds of CPU time
Starting meshing
Simulation size in gridpoints: 1 x 71 x 22
Refined 0 mesh cells (0%)
Completed meshing!
Meshing complete in 0.001353 seconds of CPU time
Starting meshing
Simulation size in gridpoints: 1 x 71 x 22
Refined 0 mesh cells (0%)
Completed meshing!
Meshing complete in 0.001276 seconds of CPU time
left is a duplicate key.
bottom is a duplicate key.
z1 is a duplicate key.
z2 is a duplicate key.
Nx is a duplicate key.
Ny is a duplicate key.
Nz is a duplicate key.
Starting meshing
Simulation size in gridpoints: 93 x 1 x 22
Refined 0 mesh cells (0%)
Completed meshing!
Meshing complete in 0.001279 seconds of CPU time
Starting meshing
Simulation size in gridpoints: 93 x 1 x 22
Refined 0 mesh cells (0%)
Completed meshing!
Meshing complete in 0.00118 seconds of CPU time
Starting meshing
Simulation size in gridpoints: 93 x 1 x 22
Refined 0 mesh cells (0%)
Completed meshing!
Meshing complete in 0.001255 seconds of CPU time
left is a duplicate key.
bottom is a duplicate key.
z1 is a duplicate key.
z2 is a duplicate key.
Nx is a duplicate key.
Ny is a duplicate key.
Nz is a duplicate key.
Starting meshing
Simulation size in gridpoints: 93 x 1 x 22
Refined 0 mesh cells (0%)
Completed meshing!
Meshing complete in 0.001319 seconds of CPU time
Starting meshing
Simulation size in gridpoints: 93 x 1 x 22
Refined 0 mesh cells (0%)
Completed meshing!
Meshing complete in 0.001265 seconds of CPU time
Starting meshing
Simulation size in gridpoints: 93 x 1 x 22
Refined 0 mesh cells (0%)
Completed meshing!
Meshing complete in 0.001303 seconds of CPU time
left is a duplicate key.
bottom is a duplicate key.
z1 is a duplicate key.
z2 is a duplicate key.
Nx is a duplicate key.
Ny is a duplicate key.
Nz is a duplicate key.
number of processors is 8
processors are distributed as: 4x2x1
Running 3D Simulation
Starting meshing
Simulation size in gridpoints: 155 x 104 x 36
Refined 0 mesh cells (0%)
Completed meshing!
Meshing complete in 0.879454 seconds of CPU time
0 0
Starting meshing
Simulation size in gridpoints: 155 x 104 x 36
Refined 0 mesh cells (0%)
Completed meshing!
Meshing complete in 0.873467 seconds of CPU time
0 0
Starting meshing
Simulation size in gridpoints: 155 x 104 x 36
Refined 0 mesh cells (0%)
Completed meshing!
Meshing complete in 0.628661 seconds of CPU time
0 0
finished material properties
Meshing Time: 6.15498 seconds, Init Electrical Material Time: 0.294938 seconds, Init Magnetic Material Time: 0.001536
Using selected optimization level: 2
Selecting 3d kernel for splitFieldDirection=0 and optLevel=2
-----------------------------------------
Beginning initialization of 3D Simulation
Starting to add sources to simulation
Adding 3D Mode source propagating in X
Using frequency dependent profile
Frequency range of source is less than 1e-3 of center frequency and will be increased to 1e-3 of center frequency.
Starting to add boundary conditions to simulation
Adding 3D PML BC
Adding 3D Parallel BC
Adding 3D PML BC
Adding 3D Parallel BC
Adding 3D PML BC
Adding 3D PML BC
Starting to add monitors to Simulation
Adding analysis monitor
Adding 3D DFT monitor
Adding 3D DFT monitor
Adding 3D DFT monitor
Adding 3D DFT monitor
Adding 3D DFT monitor
Finished initialization of 3D Simulation
-----------------------------------------
All processes are communicating and ready to proceed to simulation...
Starting 11930 total iterations
0.268237% complete. Max time remaining: 24 mins, 10 secs. Auto Shutoff: 1
1.27413% complete. Max time remaining: 24 mins, 58 secs. Auto Shutoff: 1
2.34707% complete. Max time remaining: 24 mins, 36 secs. Auto Shutoff: 1
3.42002% complete. Max time remaining: 23 mins, 36 secs. Auto Shutoff: 1
4.42591% complete. Max time remaining: 23 mins, 2 secs. Auto Shutoff: 1
5.49886% complete. Max time remaining: 22 mins, 23 secs. Auto Shutoff: 1
6.57181% complete. Max time remaining: 21 mins, 55 secs. Auto Shutoff: 1
7.64475% complete. Max time remaining: 21 mins, 35 secs. Auto Shutoff: 0.997019
8.7177% complete. Max time remaining: 21 mins, 16 secs. Auto Shutoff: 0.997042
9.79065% complete. Max time remaining: 20 mins, 55 secs. Auto Shutoff: 0.995718
10.8636% complete. Max time remaining: 20 mins, 45 secs. Auto Shutoff: 1.00152
11.8695% complete. Max time remaining: 20 mins, 34 secs. Auto Shutoff: 1.04497
12.9424% complete. Max time remaining: 20 mins, 16 secs. Auto Shutoff: 1.08331
14.0154% complete. Max time remaining: 19 mins, 55 secs. Auto Shutoff: 0.997793
15.0883% complete. Max time remaining: 19 mins, 33 secs. Auto Shutoff: 0.997174
16.1613% complete. Max time remaining: 19 mins, 12 secs. Auto Shutoff: 0.999967
17.2342% complete. Max time remaining: 18 mins, 52 secs. Auto Shutoff: 1.00007
18.3072% complete. Max time remaining: 18 mins, 37 secs. Auto Shutoff: 0.999909
19.3131% complete. Max time remaining: 18 mins, 26 secs. Auto Shutoff: 0.999665
20.3189% complete. Max time remaining: 18 mins, 11 secs. Auto Shutoff: 0.999157
21.3248% complete. Max time remaining: 17 mins, 58 secs. Auto Shutoff: 0.999357
22.3978% complete. Max time remaining: 17 mins, 44 secs. Auto Shutoff: 0.999388
23.4707% complete. Max time remaining: 17 mins, 29 secs. Auto Shutoff: 1.05377
24.5437% complete. Max time remaining: 17 mins, 14 secs. Auto Shutoff: 1.06755
25.6166% complete. Max time remaining: 16 mins, 58 secs. Auto Shutoff: 1.01835
26.6896% complete. Max time remaining: 16 mins, 29 secs. Auto Shutoff: 1.00211
27.7625% complete. Max time remaining: 15 mins, 58 secs. Auto Shutoff: 0.997815
28.8355% complete. Max time remaining: 15 mins, 30 secs. Auto Shutoff: 0.997711
29.9084% complete. Max time remaining: 15 mins, 4 secs. Auto Shutoff: 0.997718
30.9814% complete. Max time remaining: 14 mins, 38 secs. Auto Shutoff: 0.997673
32.0543% complete. Max time remaining: 14 mins, 17 secs. Auto Shutoff: 0.99775
33.1273% complete. Max time remaining: 13 mins, 53 secs. Auto Shutoff: 0.997715
34.3343% complete. Max time remaining: 13 mins, 27 secs. Auto Shutoff: 1.01864
35.4073% complete. Max time remaining: 13 mins, 5 secs. Auto Shutoff: 1.04284
36.4802% complete. Max time remaining: 12 mins, 43 secs. Auto Shutoff: 1.03088
37.5532% complete. Max time remaining: 12 mins, 23 secs. Auto Shutoff: 1.01944
38.6261% complete. Max time remaining: 12 mins, 5 secs. Auto Shutoff: 1.01197
39.9673% complete. Max time remaining: 11 mins, 35 secs. Auto Shutoff: 1.01326
41.0403% complete. Max time remaining: 11 mins, 9 secs. Auto Shutoff: 1.03987
42.1132% complete. Max time remaining: 10 mins, 52 secs. Auto Shutoff: 1.00894
43.1861% complete. Max time remaining: 10 mins, 35 secs. Auto Shutoff: 0.999338
44.2591% complete. Max time remaining: 10 mins, 19 secs. Auto Shutoff: 0.975464
45.332% complete. Max time remaining: 10 mins, 4 secs. Auto Shutoff: 0.692492
46.405% complete. Max time remaining: 9 mins, 49 secs. Auto Shutoff: 0.574093
47.6121% complete. Max time remaining: 9 mins, 30 secs. Auto Shutoff: 0.411646
48.685% complete. Max time remaining: 9 mins, 15 secs. Auto Shutoff: 0.237497
49.758% complete. Max time remaining: 9 mins, 1 secs. Auto Shutoff: 0.0490021
50.965% complete. Max time remaining: 8 mins, 45 secs. Auto Shutoff: 0.0167079
52.038% complete. Max time remaining: 8 mins, 32 secs. Auto Shutoff: 0.00502331
53.1109% complete. Max time remaining: 8 mins, 18 secs. Auto Shutoff: 0.000931944
54.1839% complete. Max time remaining: 8 mins, 4 secs. Auto Shutoff: 0.000749719
55.2568% complete. Max time remaining: 7 mins, 51 secs. Auto Shutoff: 0.000701324
56.3298% complete. Max time remaining: 7 mins, 39 secs. Auto Shutoff: 0.000681259
57.4027% complete. Max time remaining: 7 mins, 26 secs. Auto Shutoff: 0.000657836
58.6098% complete. Max time remaining: 7 mins, 11 secs. Auto Shutoff: 0.000650129
59.6827% complete. Max time remaining: 6 mins, 58 secs. Auto Shutoff: 0.000641261
60.7557% complete. Max time remaining: 6 mins, 45 secs. Auto Shutoff: 0.000634373
61.9627% complete. Max time remaining: 6 mins, 30 secs. Auto Shutoff: 0.000619572
63.0357% complete. Max time remaining: 6 mins, 18 secs. Auto Shutoff: 0.000602126
64.1086% complete. Max time remaining: 6 mins, 6 secs. Auto Shutoff: 0.000574881
65.1816% complete. Max time remaining: 5 mins, 54 secs. Auto Shutoff: 0.000565245
66.2545% complete. Max time remaining: 5 mins, 42 secs. Auto Shutoff: 0.000540496
67.3275% complete. Max time remaining: 5 mins, 30 secs. Auto Shutoff: 0.000507377
68.4004% complete. Max time remaining: 5 mins, 18 secs. Auto Shutoff: 0.000463467
69.4734% complete. Max time remaining: 5 mins, 6 secs. Auto Shutoff: 0.000440091
70.6804% complete. Max time remaining: 4 mins, 53 secs. Auto Shutoff: 0.000424271
71.7534% complete. Max time remaining: 4 mins, 42 secs. Auto Shutoff: 0.000401943
72.8263% complete. Max time remaining: 4 mins, 30 secs. Auto Shutoff: 0.000382639
73.8993% complete. Max time remaining: 4 mins, 19 secs. Auto Shutoff: 0.000356415
74.9722% complete. Max time remaining: 4 mins, 8 secs. Auto Shutoff: 0.000277759
76.0452% complete. Max time remaining: 3 mins, 57 secs. Auto Shutoff: 0.000239274
77.1181% complete. Max time remaining: 3 mins, 46 secs. Auto Shutoff: 0.00020789
78.1911% complete. Max time remaining: 3 mins, 35 secs. Auto Shutoff: 0.00018429
79.264% complete. Max time remaining: 3 mins, 24 secs. Auto Shutoff: 0.000143901
80.337% complete. Max time remaining: 3 mins, 13 secs. Auto Shutoff: 0.000128628
81.4099% complete. Max time remaining: 3 mins, 2 secs. Auto Shutoff: 0.000113782
82.4829% complete. Max time remaining: 2 mins, 52 secs. Auto Shutoff: 9.72742e-05
83.5558% complete. Max time remaining: 2 mins, 41 secs. Auto Shutoff: 6.86176e-05
84.6288% complete. Max time remaining: 2 mins, 30 secs. Auto Shutoff: 5.60134e-05
85.7017% complete. Max time remaining: 2 mins, 19 secs. Auto Shutoff: 4.50561e-05
86.7747% complete. Max time remaining: 2 mins, 9 secs. Auto Shutoff: 3.43178e-05
87.8476% complete. Max time remaining: 1 min, 58 secs. Auto Shutoff: 1.40866e-05
100% complete. Max time remaining: 0 mins, 0 secs. Auto Shutoff: 8.81902e-06
Early termination of simulation, the autoshutoff criteria are satisfied.
Completed 10559 iterations, or 8.850981e-13s of Simulation Time
Process 0 starting to collect data
    collecting monitor data
    collecting source data
Using frequency dependent profile
Frequency range of source is less than 1e-3 of center frequency and will be increased to 1e-3 of center frequency.
Finished collecting data
left is a duplicate key.
bottom is a duplicate key.
z1 is a duplicate key.
z2 is a duplicate key.
Nx is a duplicate key.
Ny is a duplicate key.
Nz is a duplicate key.
left is a duplicate key.
bottom is a duplicate key.
z1 is a duplicate key.
z2 is a duplicate key.
Nx is a duplicate key.
Ny is a duplicate key.
Nz is a duplicate key.
left is a duplicate key.
bottom is a duplicate key.
z1 is a duplicate key.
z2 is a duplicate key.
Nx is a duplicate key.
Ny is a duplicate key.
Nz is a duplicate key.
left is a duplicate key.
bottom is a duplicate key.
z1 is a duplicate key.
z2 is a duplicate key.
Nx is a duplicate key.
Ny is a duplicate key.
Nz is a duplicate key.
Simulation completed successfully at: Mon Aug 1 18:39:28 2022
Overall wall time measurements in seconds: 869.107
    time to mesh and initialize: 13.0381
    time to run FDTD simulation: 851.979
    time to checkpoint simulation: 0
    time to finalize data and save to files: 0.07301
    miscellaneous time: 4.01627
    FDTD solver speed on process 0: 7.19219 Mnodes/s
    total FDTD solver speed on 8 processes: 57.5375 Mnodes/s
