Ansys Lumerical 2022 R1.4 FDTD Solver Version 8.27.3044 (Linux 64bit)
 expires (month/day/year): 5/2/2023
using config file: Ansys Licensing set with ANSYSLMD_LICENSE_FILE
license host: 1055@10.75.13.24
current time: Mon Aug 1 18:01:24 2022
Running on host: fotonica05-System-Product-Name
host available memory (GB): 27.310871
All processes are communicating and ready to proceed to simulation...
Running fsp file: /opt/lumerical/v221/bin/fdtd-engine-mpich2nem -t 1 -remote -hide -shared-solve-license QU5TWVNDTF9DT05URVhUX0RBVEE9PEFOU1lTQ0xfQ09OVEVYVF9EQVRBPjxJRD45YTcwZWJlNi01YmZhLTRiZWYtYmJhMC1mZTQ2ZWVmMGMwNDE8L0lEPjxUWVBFPkFQUF9ERUZJTkVEPC9UWVBFPjxOQU1FPmx1bV9zdGFuZGFyZF9zb2x2ZV9zaGFyZTwvTkFNRT48SEFORExFUj41NDk1OUBmb3RvbmljYTA1LVN5c3RlbS1Qcm9kdWN0LU5hbWU8L0hBTkRMRVI+PC9BTlNZU0NMX0NPTlRFWFRfREFUQT4KQU5TWVNfQ09OVEVYVF9JRD05YTcwZWJlNi01YmZhLTRiZWYtYmJhMC1mZTQ2ZWVmMGMwNDEKQU5TWVNfQ09OVEVYVF9TRVJWRVI9NTQ5NTlAZm90b25pY2EwNS1TeXN0ZW0tUHJvZHVjdC1OYW1lCg== /media/lucas/datam01/LucasLObo/Anelderessonancia/FDTD_sweep/sweep_5.fsp
Starting meshing
Simulation size in gridpoints: 1 x 71 x 22
Refined 0 mesh cells (0%)
Completed meshing!
Meshing complete in 0.001612 seconds of CPU time
Starting meshing
Simulation size in gridpoints: 1 x 71 x 22
Refined 0 mesh cells (0%)
Completed meshing!
Meshing complete in 0.001782 seconds of CPU time
Starting meshing
Simulation size in gridpoints: 1 x 71 x 22
Refined 0 mesh cells (0%)
Completed meshing!
Meshing complete in 0.001602 seconds of CPU time
Starting meshing
Simulation size in gridpoints: 1 x 71 x 22
Refined 0 mesh cells (0%)
Completed meshing!
Meshing complete in 0.001452 seconds of CPU time
Starting meshing
Simulation size in gridpoints: 1 x 71 x 22
Refined 0 mesh cells (0%)
Completed meshing!
Meshing complete in 0.00144 seconds of CPU time
Starting meshing
Simulation size in gridpoints: 1 x 71 x 22
Refined 0 mesh cells (0%)
Completed meshing!
Meshing complete in 0.001324 seconds of CPU time
left is a duplicate key.
bottom is a duplicate key.
z1 is a duplicate key.
z2 is a duplicate key.
Nx is a duplicate key.
Ny is a duplicate key.
Nz is a duplicate key.
Starting meshing
Simulation size in gridpoints: 1 x 71 x 22
Refined 0 mesh cells (0%)
Completed meshing!
Meshing complete in 0.00157 seconds of CPU time
Starting meshing
Simulation size in gridpoints: 1 x 71 x 22
Refined 0 mesh cells (0%)
Completed meshing!
Meshing complete in 0.001418 seconds of CPU time
Starting meshing
Simulation size in gridpoints: 1 x 71 x 22
Refined 0 mesh cells (0%)
Completed meshing!
Meshing complete in 0.001333 seconds of CPU time
left is a duplicate key.
bottom is a duplicate key.
z1 is a duplicate key.
z2 is a duplicate key.
Nx is a duplicate key.
Ny is a duplicate key.
Nz is a duplicate key.
Starting meshing
Simulation size in gridpoints: 90 x 1 x 22
Refined 0 mesh cells (0%)
Completed meshing!
Meshing complete in 0.001352 seconds of CPU time
Starting meshing
Simulation size in gridpoints: 90 x 1 x 22
Refined 0 mesh cells (0%)
Completed meshing!
Meshing complete in 0.001282 seconds of CPU time
Starting meshing
Simulation size in gridpoints: 90 x 1 x 22
Refined 0 mesh cells (0%)
Completed meshing!
Meshing complete in 0.001228 seconds of CPU time
left is a duplicate key.
bottom is a duplicate key.
z1 is a duplicate key.
z2 is a duplicate key.
Nx is a duplicate key.
Ny is a duplicate key.
Nz is a duplicate key.
Starting meshing
Simulation size in gridpoints: 90 x 1 x 22
Refined 0 mesh cells (0%)
Completed meshing!
Meshing complete in 0.00137 seconds of CPU time
Starting meshing
Simulation size in gridpoints: 90 x 1 x 22
Refined 0 mesh cells (0%)
Completed meshing!
Meshing complete in 0.00134 seconds of CPU time
Starting meshing
Simulation size in gridpoints: 90 x 1 x 22
Refined 0 mesh cells (0%)
Completed meshing!
Meshing complete in 0.001484 seconds of CPU time
left is a duplicate key.
bottom is a duplicate key.
z1 is a duplicate key.
z2 is a duplicate key.
Nx is a duplicate key.
Ny is a duplicate key.
Nz is a duplicate key.
number of processors is 8
processors are distributed as: 4x2x1
Running 3D Simulation
Starting meshing
Simulation size in gridpoints: 155 x 104 x 36
Refined 0 mesh cells (0%)
Completed meshing!
Meshing complete in 0.732058 seconds of CPU time
0 0
Starting meshing
Simulation size in gridpoints: 155 x 104 x 36
Refined 0 mesh cells (0%)
Completed meshing!
Meshing complete in 0.734309 seconds of CPU time
0 0
Starting meshing
Simulation size in gridpoints: 155 x 104 x 36
Refined 0 mesh cells (0%)
Completed meshing!
Meshing complete in 0.570576 seconds of CPU time
0 0
finished material properties
Meshing Time: 5.70785 seconds, Init Electrical Material Time: 0.33861 seconds, Init Magnetic Material Time: 0.003453
Using selected optimization level: 2
Selecting 3d kernel for splitFieldDirection=0 and optLevel=2
-----------------------------------------
Beginning initialization of 3D Simulation
Starting to add sources to simulation
Adding 3D Mode source propagating in X
Using frequency dependent profile
Frequency range of source is less than 1e-3 of center frequency and will be increased to 1e-3 of center frequency.
Starting to add boundary conditions to simulation
Adding 3D PML BC
Adding 3D Parallel BC
Adding 3D PML BC
Adding 3D Parallel BC
Adding 3D PML BC
Adding 3D PML BC
Starting to add monitors to Simulation
Adding analysis monitor
Adding 3D DFT monitor
Adding 3D DFT monitor
Adding 3D DFT monitor
Adding 3D DFT monitor
Adding 3D DFT monitor
Finished initialization of 3D Simulation
-----------------------------------------
All processes are communicating and ready to proceed to simulation...
Starting 11930 total iterations
0.201178% complete. Max time remaining: 25 mins, 32 secs. Auto Shutoff: 1
1.20707% complete. Max time remaining: 27 mins, 5 secs. Auto Shutoff: 1
2.21295% complete. Max time remaining: 27 mins, 43 secs. Auto Shutoff: 1
3.21884% complete. Max time remaining: 27 mins, 45 secs. Auto Shutoff: 1
4.22473% complete. Max time remaining: 27 mins, 17 secs. Auto Shutoff: 1
5.23062% complete. Max time remaining: 26 mins, 32 secs. Auto Shutoff: 1
6.23651% complete. Max time remaining: 25 mins, 59 secs. Auto Shutoff: 1
7.2424% complete. Max time remaining: 25 mins, 33 secs. Auto Shutoff: 0.997017
8.24829% complete. Max time remaining: 25 mins, 11 secs. Auto Shutoff: 0.997038
9.25417% complete. Max time remaining: 25 mins, 5 secs. Auto Shutoff: 0.997101
10.2601% complete. Max time remaining: 24 mins, 39 secs. Auto Shutoff: 0.995714
11.266% complete. Max time remaining: 24 mins, 24 secs. Auto Shutoff: 1.00152
12.2718% complete. Max time remaining: 24 mins, 5 secs. Auto Shutoff: 1.04499
13.2777% complete. Max time remaining: 23 mins, 49 secs. Auto Shutoff: 1.00558
14.2836% complete. Max time remaining: 23 mins, 30 secs. Auto Shutoff: 0.998005
15.2895% complete. Max time remaining: 23 mins, 16 secs. Auto Shutoff: 0.997467
16.2954% complete. Max time remaining: 22 mins, 52 secs. Auto Shutoff: 0.997454
17.3013% complete. Max time remaining: 22 mins, 31 secs. Auto Shutoff: 0.997564
18.3072% complete. Max time remaining: 22 mins, 10 secs. Auto Shutoff: 1.00018
19.3131% complete. Max time remaining: 21 mins, 54 secs. Auto Shutoff: 1.00034
20.3189% complete. Max time remaining: 21 mins, 37 secs. Auto Shutoff: 0.99997
21.3248% complete. Max time remaining: 21 mins, 20 secs. Auto Shutoff: 1.00006
22.3307% complete. Max time remaining: 21 mins, 0 secs. Auto Shutoff: 0.99956
23.3366% complete. Max time remaining: 20 mins, 44 secs. Auto Shutoff: 1.05753
24.3425% complete. Max time remaining: 20 mins, 29 secs. Auto Shutoff: 1.07854
25.3484% complete. Max time remaining: 20 mins, 12 secs. Auto Shutoff: 1.01955
26.3543% complete. Max time remaining: 19 mins, 56 secs. Auto Shutoff: 1.00225
27.3602% complete. Max time remaining: 19 mins, 37 secs. Auto Shutoff: 0.998431
28.3661% complete. Max time remaining: 19 mins, 22 secs. Auto Shutoff: 0.997759
29.3719% complete. Max time remaining: 19 mins, 5 secs. Auto Shutoff: 0.997593
30.3778% complete. Max time remaining: 18 mins, 47 secs. Auto Shutoff: 0.997621
31.3837% complete. Max time remaining: 18 mins, 30 secs. Auto Shutoff: 0.997059
32.3896% complete. Max time remaining: 18 mins, 14 secs. Auto Shutoff: 0.99652
33.3955% complete. Max time remaining: 17 mins, 58 secs. Auto Shutoff: 0.996008
34.4014% complete. Max time remaining: 17 mins, 43 secs. Auto Shutoff: 1.01855
35.4073% complete. Max time remaining: 17 mins, 26 secs. Auto Shutoff: 1.03807
36.4132% complete. Max time remaining: 17 mins, 9 secs. Auto Shutoff: 1.0428
37.4191% complete. Max time remaining: 16 mins, 52 secs. Auto Shutoff: 1.03793
38.4249% complete. Max time remaining: 16 mins, 35 secs. Auto Shutoff: 1.01973
39.4308% complete. Max time remaining: 16 mins, 20 secs. Auto Shutoff: 1.03646
40.4367% complete. Max time remaining: 16 mins, 6 secs. Auto Shutoff: 1.01771
41.4426% complete. Max time remaining: 15 mins, 51 secs. Auto Shutoff: 1.00185
42.4485% complete. Max time remaining: 15 mins, 35 secs. Auto Shutoff: 0.995414
43.4544% complete. Max time remaining: 15 mins, 19 secs. Auto Shutoff: 0.988366
44.4603% complete. Max time remaining: 15 mins, 1 secs. Auto Shutoff: 0.966555
45.4662% complete. Max time remaining: 14 mins, 45 secs. Auto Shutoff: 0.564721
46.4721% complete. Max time remaining: 14 mins, 29 secs. Auto Shutoff: 0.293709
47.545% complete. Max time remaining: 14 mins, 11 secs. Auto Shutoff: 0.163965
48.5509% complete. Max time remaining: 13 mins, 54 secs. Auto Shutoff: 0.0751794
49.5568% complete. Max time remaining: 13 mins, 37 secs. Auto Shutoff: 0.0264041
50.5627% complete. Max time remaining: 13 mins, 21 secs. Auto Shutoff: 0.00221413
51.5686% complete. Max time remaining: 13 mins, 4 secs. Auto Shutoff: 0.000913086
52.5744% complete. Max time remaining: 12 mins, 48 secs. Auto Shutoff: 0.0006392
53.5803% complete. Max time remaining: 12 mins, 31 secs. Auto Shutoff: 0.00057175
54.5862% complete. Max time remaining: 12 mins, 15 secs. Auto Shutoff: 0.000532489
55.5921% complete. Max time remaining: 11 mins, 58 secs. Auto Shutoff: 0.000493883
56.6651% complete. Max time remaining: 11 mins, 40 secs. Auto Shutoff: 0.000473975
57.6709% complete. Max time remaining: 11 mins, 24 secs. Auto Shutoff: 0.000461764
58.6768% complete. Max time remaining: 11 mins, 7 secs. Auto Shutoff: 0.000462693
59.6827% complete. Max time remaining: 10 mins, 50 secs. Auto Shutoff: 0.000447818
60.6886% complete. Max time remaining: 10 mins, 34 secs. Auto Shutoff: 0.000424249
61.6945% complete. Max time remaining: 10 mins, 17 secs. Auto Shutoff: 0.000416179
62.7004% complete. Max time remaining: 10 mins, 1 secs. Auto Shutoff: 0.000395782
63.7063% complete. Max time remaining: 9 mins, 44 secs. Auto Shutoff: 0.000383286
64.7122% complete. Max time remaining: 9 mins, 28 secs. Auto Shutoff: 0.000358577
65.7181% complete. Max time remaining: 9 mins, 12 secs. Auto Shutoff: 0.000305563
66.7239% complete. Max time remaining: 8 mins, 55 secs. Auto Shutoff: 0.0003018
67.7969% complete. Max time remaining: 8 mins, 38 secs. Auto Shutoff: 0.000287632
68.8028% complete. Max time remaining: 8 mins, 21 secs. Auto Shutoff: 0.000284794
69.8757% complete. Max time remaining: 8 mins, 4 secs. Auto Shutoff: 0.000273055
70.8816% complete. Max time remaining: 7 mins, 47 secs. Auto Shutoff: 0.000244723
71.8875% complete. Max time remaining: 7 mins, 31 secs. Auto Shutoff: 0.000226566
72.8934% complete. Max time remaining: 7 mins, 15 secs. Auto Shutoff: 0.000201955
73.8993% complete. Max time remaining: 6 mins, 59 secs. Auto Shutoff: 0.000176166
74.9722% complete. Max time remaining: 6 mins, 41 secs. Auto Shutoff: 0.000149288
75.9781% complete. Max time remaining: 6 mins, 25 secs. Auto Shutoff: 0.000136663
76.984% complete. Max time remaining: 6 mins, 9 secs. Auto Shutoff: 0.000124066
77.9899% complete. Max time remaining: 5 mins, 53 secs. Auto Shutoff: 0.000115706
78.9958% complete. Max time remaining: 5 mins, 37 secs. Auto Shutoff: 0.000107439
80.0017% complete. Max time remaining: 5 mins, 21 secs. Auto Shutoff: 9.72775e-05
81.0076% complete. Max time remaining: 5 mins, 5 secs. Auto Shutoff: 7.63443e-05
82.0134% complete. Max time remaining: 4 mins, 48 secs. Auto Shutoff: 6.35895e-05
83.0193% complete. Max time remaining: 4 mins, 32 secs. Auto Shutoff: 5.22421e-05
84.0252% complete. Max time remaining: 4 mins, 16 secs. Auto Shutoff: 4.33288e-05
85.0311% complete. Max time remaining: 4 mins, 0 secs. Auto Shutoff: 2.99453e-05
100% complete. Max time remaining: 0 mins, 0 secs. Auto Shutoff: 8.66272e-06
Early termination of simulation, the autoshutoff criteria are satisfied.
Completed 10256 iterations, or 8.596994e-13s of Simulation Time
Process 0 starting to collect data
    collecting monitor data
    collecting source data
Using frequency dependent profile
Frequency range of source is less than 1e-3 of center frequency and will be increased to 1e-3 of center frequency.
Finished collecting data
left is a duplicate key.
bottom is a duplicate key.
z1 is a duplicate key.
z2 is a duplicate key.
Nx is a duplicate key.
Ny is a duplicate key.
Nz is a duplicate key.
left is a duplicate key.
bottom is a duplicate key.
z1 is a duplicate key.
z2 is a duplicate key.
Nx is a duplicate key.
Ny is a duplicate key.
Nz is a duplicate key.
left is a duplicate key.
bottom is a duplicate key.
z1 is a duplicate key.
z2 is a duplicate key.
Nx is a duplicate key.
Ny is a duplicate key.
Nz is a duplicate key.
left is a duplicate key.
bottom is a duplicate key.
z1 is a duplicate key.
z2 is a duplicate key.
Nx is a duplicate key.
Ny is a duplicate key.
Nz is a duplicate key.
Simulation completed successfully at: Mon Aug 1 18:24:41 2022
Overall wall time measurements in seconds: 1397.24
    time to mesh and initialize: 12.558
    time to run FDTD simulation: 1379.22
    time to checkpoint simulation: 1e-06
    time to finalize data and save to files: 1.65874
    miscellaneous time: 3.80861
    FDTD solver speed on process 0: 4.31532 Mnodes/s
    total FDTD solver speed on 8 processes: 34.5225 Mnodes/s
