Ansys Lumerical 2022 R1.4 FDTD Solver Version 8.27.3044 (Linux 64bit)
 expires (month/day/year): 5/2/2023
using config file: Ansys Licensing set with ANSYSLMD_LICENSE_FILE
license host: 1055@10.75.13.24
current time: Mon Aug 1 18:02:24 2022
Running on host: fotonica05-System-Product-Name
host available memory (GB): 27.272561
All processes are communicating and ready to proceed to simulation...
Running fsp file: /opt/lumerical/v221/bin/fdtd-engine-mpich2nem -t 1 -remote -hide -shared-solve-license QU5TWVNDTF9DT05URVhUX0RBVEE9PEFOU1lTQ0xfQ09OVEVYVF9EQVRBPjxJRD45NWQwZjFiNS0xNTIzLTRkNmItYTEwZi1lNjE2MjJlOWEyNjk8L0lEPjxUWVBFPkFQUF9ERUZJTkVEPC9UWVBFPjxOQU1FPmx1bV9zdGFuZGFyZF9zb2x2ZV9zaGFyZTwvTkFNRT48SEFORExFUj41NDk1OUBmb3RvbmljYTA1LVN5c3RlbS1Qcm9kdWN0LU5hbWU8L0hBTkRMRVI+PC9BTlNZU0NMX0NPTlRFWFRfREFUQT4KQU5TWVNfQ09OVEVYVF9JRD05NWQwZjFiNS0xNTIzLTRkNmItYTEwZi1lNjE2MjJlOWEyNjkKQU5TWVNfQ09OVEVYVF9TRVJWRVI9NTQ5NTlAZm90b25pY2EwNS1TeXN0ZW0tUHJvZHVjdC1OYW1lCg== /media/lucas/datam01/LucasLObo/Anelderessonancia/FDTD_sweep/sweep_7.fsp
Starting meshing
Simulation size in gridpoints: 1 x 71 x 22
Refined 0 mesh cells (0%)
Completed meshing!
Meshing complete in 0.002395 seconds of CPU time
Starting meshing
Simulation size in gridpoints: 1 x 71 x 22
Refined 0 mesh cells (0%)
Completed meshing!
Meshing complete in 0.001655 seconds of CPU time
Starting meshing
Simulation size in gridpoints: 1 x 71 x 22
Refined 0 mesh cells (0%)
Completed meshing!
Meshing complete in 0.001336 seconds of CPU time
Starting meshing
Simulation size in gridpoints: 1 x 71 x 22
Refined 0 mesh cells (0%)
Completed meshing!
Meshing complete in 0.001407 seconds of CPU time
Starting meshing
Simulation size in gridpoints: 1 x 71 x 22
Refined 0 mesh cells (0%)
Completed meshing!
Meshing complete in 0.001382 seconds of CPU time
Starting meshing
Simulation size in gridpoints: 1 x 71 x 22
Refined 0 mesh cells (0%)
Completed meshing!
Meshing complete in 0.001261 seconds of CPU time
left is a duplicate key.
bottom is a duplicate key.
z1 is a duplicate key.
z2 is a duplicate key.
Nx is a duplicate key.
Ny is a duplicate key.
Nz is a duplicate key.
Starting meshing
Simulation size in gridpoints: 1 x 71 x 22
Refined 0 mesh cells (0%)
Completed meshing!
Meshing complete in 0.001461 seconds of CPU time
Starting meshing
Simulation size in gridpoints: 1 x 71 x 22
Refined 0 mesh cells (0%)
Completed meshing!
Meshing complete in 0.001371 seconds of CPU time
Starting meshing
Simulation size in gridpoints: 1 x 71 x 22
Refined 0 mesh cells (0%)
Completed meshing!
Meshing complete in 0.001494 seconds of CPU time
left is a duplicate key.
bottom is a duplicate key.
z1 is a duplicate key.
z2 is a duplicate key.
Nx is a duplicate key.
Ny is a duplicate key.
Nz is a duplicate key.
Starting meshing
Simulation size in gridpoints: 91 x 1 x 22
Refined 0 mesh cells (0%)
Completed meshing!
Meshing complete in 0.001424 seconds of CPU time
Starting meshing
Simulation size in gridpoints: 91 x 1 x 22
Refined 0 mesh cells (0%)
Completed meshing!
Meshing complete in 0.001233 seconds of CPU time
Starting meshing
Simulation size in gridpoints: 91 x 1 x 22
Refined 0 mesh cells (0%)
Completed meshing!
Meshing complete in 0.001228 seconds of CPU time
left is a duplicate key.
bottom is a duplicate key.
z1 is a duplicate key.
z2 is a duplicate key.
Nx is a duplicate key.
Ny is a duplicate key.
Nz is a duplicate key.
Starting meshing
Simulation size in gridpoints: 91 x 1 x 22
Refined 0 mesh cells (0%)
Completed meshing!
Meshing complete in 0.001715 seconds of CPU time
Starting meshing
Simulation size in gridpoints: 91 x 1 x 22
Refined 0 mesh cells (0%)
Completed meshing!
Meshing complete in 0.001422 seconds of CPU time
Starting meshing
Simulation size in gridpoints: 91 x 1 x 22
Refined 0 mesh cells (0%)
Completed meshing!
Meshing complete in 0.001458 seconds of CPU time
left is a duplicate key.
bottom is a duplicate key.
z1 is a duplicate key.
z2 is a duplicate key.
Nx is a duplicate key.
Ny is a duplicate key.
Nz is a duplicate key.
number of processors is 8
processors are distributed as: 4x2x1
Running 3D Simulation
Starting meshing
Simulation size in gridpoints: 155 x 104 x 36
Refined 0 mesh cells (0%)
Completed meshing!
Meshing complete in 0.781126 seconds of CPU time
0 0
Starting meshing
Simulation size in gridpoints: 155 x 104 x 36
Refined 0 mesh cells (0%)
Completed meshing!
Meshing complete in 0.796746 seconds of CPU time
0 0
Starting meshing
Simulation size in gridpoints: 155 x 104 x 36
Refined 0 mesh cells (0%)
Completed meshing!
Meshing complete in 0.597888 seconds of CPU time
0 0
finished material properties
Meshing Time: 5.9813 seconds, Init Electrical Material Time: 0.182858 seconds, Init Magnetic Material Time: 0.001443
Using selected optimization level: 2
Selecting 3d kernel for splitFieldDirection=0 and optLevel=2
-----------------------------------------
Beginning initialization of 3D Simulation
Starting to add sources to simulation
Adding 3D Mode source propagating in X
Using frequency dependent profile
Frequency range of source is less than 1e-3 of center frequency and will be increased to 1e-3 of center frequency.
Starting to add boundary conditions to simulation
Adding 3D PML BC
Adding 3D Parallel BC
Adding 3D PML BC
Adding 3D Parallel BC
Adding 3D PML BC
Adding 3D PML BC
Starting to add monitors to Simulation
Adding analysis monitor
Adding 3D DFT monitor
Adding 3D DFT monitor
Adding 3D DFT monitor
Adding 3D DFT monitor
Adding 3D DFT monitor
Finished initialization of 3D Simulation
-----------------------------------------
All processes are communicating and ready to proceed to simulation...
Starting 11930 total iterations
0.201178% complete. Max time remaining: 25 mins, 44 secs. Auto Shutoff: 1
1.20707% complete. Max time remaining: 26 mins, 55 secs. Auto Shutoff: 1
2.21295% complete. Max time remaining: 26 mins, 5 secs. Auto Shutoff: 1
3.21884% complete. Max time remaining: 25 mins, 46 secs. Auto Shutoff: 1
4.22473% complete. Max time remaining: 25 mins, 43 secs. Auto Shutoff: 1
5.23062% complete. Max time remaining: 25 mins, 37 secs. Auto Shutoff: 1
6.23651% complete. Max time remaining: 25 mins, 33 secs. Auto Shutoff: 1
7.2424% complete. Max time remaining: 25 mins, 14 secs. Auto Shutoff: 0.997017
8.24829% complete. Max time remaining: 24 mins, 56 secs. Auto Shutoff: 0.997039
9.25417% complete. Max time remaining: 24 mins, 36 secs. Auto Shutoff: 0.997103
10.2601% complete. Max time remaining: 24 mins, 13 secs. Auto Shutoff: 0.995715
11.266% complete. Max time remaining: 24 mins, 6 secs. Auto Shutoff: 1.00152
12.2718% complete. Max time remaining: 23 mins, 45 secs. Auto Shutoff: 1.04499
13.2777% complete. Max time remaining: 23 mins, 21 secs. Auto Shutoff: 1.00559
14.2836% complete. Max time remaining: 23 mins, 1 secs. Auto Shutoff: 0.997943
15.2895% complete. Max time remaining: 22 mins, 44 secs. Auto Shutoff: 0.997519
16.3625% complete. Max time remaining: 22 mins, 20 secs. Auto Shutoff: 0.997745
17.3683% complete. Max time remaining: 22 mins, 6 secs. Auto Shutoff: 0.999306
18.3742% complete. Max time remaining: 21 mins, 48 secs. Auto Shutoff: 1.00006
19.3801% complete. Max time remaining: 21 mins, 31 secs. Auto Shutoff: 1.00019
20.386% complete. Max time remaining: 21 mins, 17 secs. Auto Shutoff: 0.999744
21.3919% complete. Max time remaining: 21 mins, 6 secs. Auto Shutoff: 0.999575
22.3978% complete. Max time remaining: 20 mins, 49 secs. Auto Shutoff: 0.999586
23.4037% complete. Max time remaining: 20 mins, 31 secs. Auto Shutoff: 1.056
24.4096% complete. Max time remaining: 20 mins, 15 secs. Auto Shutoff: 1.07404
25.4155% complete. Max time remaining: 19 mins, 57 secs. Auto Shutoff: 1.01921
26.4213% complete. Max time remaining: 19 mins, 41 secs. Auto Shutoff: 1.00206
27.4272% complete. Max time remaining: 19 mins, 25 secs. Auto Shutoff: 0.998508
28.4331% complete. Max time remaining: 19 mins, 9 secs. Auto Shutoff: 0.997686
29.5061% complete. Max time remaining: 18 mins, 50 secs. Auto Shutoff: 0.997649
30.512% complete. Max time remaining: 18 mins, 35 secs. Auto Shutoff: 0.997636
31.5178% complete. Max time remaining: 18 mins, 19 secs. Auto Shutoff: 0.997641
32.5908% complete. Max time remaining: 18 mins, 1 secs. Auto Shutoff: 0.996764
33.5967% complete. Max time remaining: 17 mins, 44 secs. Auto Shutoff: 0.996967
34.6026% complete. Max time remaining: 17 mins, 27 secs. Auto Shutoff: 1.01799
35.6755% complete. Max time remaining: 17 mins, 10 secs. Auto Shutoff: 1.03574
36.6814% complete. Max time remaining: 16 mins, 56 secs. Auto Shutoff: 1.04594
37.6873% complete. Max time remaining: 16 mins, 41 secs. Auto Shutoff: 1.04067
38.6932% complete. Max time remaining: 16 mins, 26 secs. Auto Shutoff: 1.02803
39.6991% complete. Max time remaining: 16 mins, 10 secs. Auto Shutoff: 1.03623
40.705% complete. Max time remaining: 15 mins, 55 secs. Auto Shutoff: 1.03235
41.7779% complete. Max time remaining: 15 mins, 37 secs. Auto Shutoff: 1.01596
42.7838% complete. Max time remaining: 15 mins, 21 secs. Auto Shutoff: 1.00045
43.8567% complete. Max time remaining: 15 mins, 3 secs. Auto Shutoff: 0.973019
44.8626% complete. Max time remaining: 14 mins, 47 secs. Auto Shutoff: 0.890548
45.8685% complete. Max time remaining: 14 mins, 30 secs. Auto Shutoff: 0.646188
46.8744% complete. Max time remaining: 14 mins, 14 secs. Auto Shutoff: 0.400447
47.9474% complete. Max time remaining: 13 mins, 57 secs. Auto Shutoff: 0.123519
48.9532% complete. Max time remaining: 13 mins, 41 secs. Auto Shutoff: 0.0476591
49.9591% complete. Max time remaining: 13 mins, 26 secs. Auto Shutoff: 0.0148676
50.965% complete. Max time remaining: 13 mins, 9 secs. Auto Shutoff: 0.00432348
51.9709% complete. Max time remaining: 12 mins, 53 secs. Auto Shutoff: 0.00153016
52.9768% complete. Max time remaining: 12 mins, 36 secs. Auto Shutoff: 0.00075037
53.9827% complete. Max time remaining: 12 mins, 20 secs. Auto Shutoff: 0.00071785
54.9886% complete. Max time remaining: 12 mins, 4 secs. Auto Shutoff: 0.000701154
55.9945% complete. Max time remaining: 11 mins, 47 secs. Auto Shutoff: 0.000691643
57.0674% complete. Max time remaining: 11 mins, 29 secs. Auto Shutoff: 0.000681745
58.0733% complete. Max time remaining: 11 mins, 13 secs. Auto Shutoff: 0.000665228
59.0792% complete. Max time remaining: 10 mins, 57 secs. Auto Shutoff: 0.00065552
60.0851% complete. Max time remaining: 10 mins, 41 secs. Auto Shutoff: 0.000644764
61.091% complete. Max time remaining: 10 mins, 24 secs. Auto Shutoff: 0.000630781
62.0969% complete. Max time remaining: 10 mins, 9 secs. Auto Shutoff: 0.000615862
63.1027% complete. Max time remaining: 9 mins, 52 secs. Auto Shutoff: 0.000605448
64.1086% complete. Max time remaining: 9 mins, 36 secs. Auto Shutoff: 0.000573396
65.1145% complete. Max time remaining: 9 mins, 19 secs. Auto Shutoff: 0.000550601
66.1204% complete. Max time remaining: 9 mins, 3 secs. Auto Shutoff: 0.000526613
67.1934% complete. Max time remaining: 8 mins, 46 secs. Auto Shutoff: 0.000507084
68.1992% complete. Max time remaining: 8 mins, 30 secs. Auto Shutoff: 0.000476275
69.2051% complete. Max time remaining: 8 mins, 14 secs. Auto Shutoff: 0.000461339
70.211% complete. Max time remaining: 7 mins, 58 secs. Auto Shutoff: 0.000444214
71.2169% complete. Max time remaining: 7 mins, 42 secs. Auto Shutoff: 0.000424949
72.2228% complete. Max time remaining: 7 mins, 25 secs. Auto Shutoff: 0.000389665
73.2287% complete. Max time remaining: 7 mins, 9 secs. Auto Shutoff: 0.000368915
74.2346% complete. Max time remaining: 6 mins, 53 secs. Auto Shutoff: 0.000276589
75.2405% complete. Max time remaining: 6 mins, 37 secs. Auto Shutoff: 0.000209801
76.2464% complete. Max time remaining: 6 mins, 21 secs. Auto Shutoff: 0.000158978
77.2522% complete. Max time remaining: 6 mins, 5 secs. Auto Shutoff: 0.000122786
78.2581% complete. Max time remaining: 5 mins, 49 secs. Auto Shutoff: 9.6644e-05
79.264% complete. Max time remaining: 5 mins, 32 secs. Auto Shutoff: 6.3491e-05
80.337% complete. Max time remaining: 5 mins, 15 secs. Auto Shutoff: 5.40332e-05
81.3429% complete. Max time remaining: 4 mins, 59 secs. Auto Shutoff: 4.46748e-05
82.3487% complete. Max time remaining: 4 mins, 43 secs. Auto Shutoff: 3.44607e-05
83.3546% complete. Max time remaining: 4 mins, 26 secs. Auto Shutoff: 2.86382e-05
84.3605% complete. Max time remaining: 4 mins, 10 secs. Auto Shutoff: 1.95759e-05
85.3664% complete. Max time remaining: 3 mins, 54 secs. Auto Shutoff: 1.44913e-05
86.3723% complete. Max time remaining: 3 mins, 38 secs. Auto Shutoff: 1.01591e-05
100% complete. Max time remaining: 0 mins, 0 secs. Auto Shutoff: 6.97107e-06
Early termination of simulation, the autoshutoff criteria are satisfied.
Completed 10357 iterations, or 8.681657e-13s of Simulation Time
Process 0 starting to collect data
    collecting monitor data
    collecting source data
Using frequency dependent profile
Frequency range of source is less than 1e-3 of center frequency and will be increased to 1e-3 of center frequency.
Finished collecting data
left is a duplicate key.
bottom is a duplicate key.
z1 is a duplicate key.
z2 is a duplicate key.
Nx is a duplicate key.
Ny is a duplicate key.
Nz is a duplicate key.
left is a duplicate key.
bottom is a duplicate key.
z1 is a duplicate key.
z2 is a duplicate key.
Nx is a duplicate key.
Ny is a duplicate key.
Nz is a duplicate key.
left is a duplicate key.
bottom is a duplicate key.
z1 is a duplicate key.
z2 is a duplicate key.
Nx is a duplicate key.
Ny is a duplicate key.
Nz is a duplicate key.
left is a duplicate key.
bottom is a duplicate key.
z1 is a duplicate key.
z2 is a duplicate key.
Nx is a duplicate key.
Ny is a duplicate key.
Nz is a duplicate key.
Simulation completed successfully at: Mon Aug 1 18:25:48 2022
Overall wall time measurements in seconds: 1404.99
    time to mesh and initialize: 13.4639
    time to run FDTD simulation: 1386.65
    time to checkpoint simulation: 2e-06
    time to finalize data and save to files: 1.4546
    miscellaneous time: 3.42229
    FDTD solver speed on process 0: 4.33445 Mnodes/s
    total FDTD solver speed on 8 processes: 34.6756 Mnodes/s
