Ansys Lumerical 2022 R1.4 FDTD Solver Version 8.27.3044 (Linux 64bit)
 expires (month/day/year): 5/2/2023
using config file: Ansys Licensing set with ANSYSLMD_LICENSE_FILE
license host: 1055@10.75.13.24
current time: Mon Aug 1 17:39:01 2022
Running on host: fotonica05-System-Product-Name
host available memory (GB): 28.738961
All processes are communicating and ready to proceed to simulation...
Running fsp file: /opt/lumerical/v221/bin/fdtd-engine-mpich2nem -t 1 -remote -hide -shared-solve-license QU5TWVNDTF9DT05URVhUX0RBVEE9PEFOU1lTQ0xfQ09OVEVYVF9EQVRBPjxJRD45YTcwZWJlNi01YmZhLTRiZWYtYmJhMC1mZTQ2ZWVmMGMwNDE8L0lEPjxUWVBFPkFQUF9ERUZJTkVEPC9UWVBFPjxOQU1FPmx1bV9zdGFuZGFyZF9zb2x2ZV9zaGFyZTwvTkFNRT48SEFORExFUj41NDk1OUBmb3RvbmljYTA1LVN5c3RlbS1Qcm9kdWN0LU5hbWU8L0hBTkRMRVI+PC9BTlNZU0NMX0NPTlRFWFRfREFUQT4KQU5TWVNfQ09OVEVYVF9JRD05YTcwZWJlNi01YmZhLTRiZWYtYmJhMC1mZTQ2ZWVmMGMwNDEKQU5TWVNfQ09OVEVYVF9TRVJWRVI9NTQ5NTlAZm90b25pY2EwNS1TeXN0ZW0tUHJvZHVjdC1OYW1lCg== /media/lucas/datam01/LucasLObo/Anelderessonancia/FDTD_sweep/sweep_2.fsp
Starting meshing
Simulation size in gridpoints: 1 x 71 x 22
Refined 0 mesh cells (0%)
Completed meshing!
Meshing complete in 0.001329 seconds of CPU time
Starting meshing
Simulation size in gridpoints: 1 x 71 x 22
Refined 0 mesh cells (0%)
Completed meshing!
Meshing complete in 0.001229 seconds of CPU time
Starting meshing
Simulation size in gridpoints: 1 x 71 x 22
Refined 0 mesh cells (0%)
Completed meshing!
Meshing complete in 0.001109 seconds of CPU time
Starting meshing
Simulation size in gridpoints: 1 x 71 x 22
Refined 0 mesh cells (0%)
Completed meshing!
Meshing complete in 0.001275 seconds of CPU time
Starting meshing
Simulation size in gridpoints: 1 x 71 x 22
Refined 0 mesh cells (0%)
Completed meshing!
Meshing complete in 0.001221 seconds of CPU time
Starting meshing
Simulation size in gridpoints: 1 x 71 x 22
Refined 0 mesh cells (0%)
Completed meshing!
Meshing complete in 0.001155 seconds of CPU time
left is a duplicate key.
bottom is a duplicate key.
z1 is a duplicate key.
z2 is a duplicate key.
Nx is a duplicate key.
Ny is a duplicate key.
Nz is a duplicate key.
Starting meshing
Simulation size in gridpoints: 1 x 71 x 22
Refined 0 mesh cells (0%)
Completed meshing!
Meshing complete in 0.001245 seconds of CPU time
Starting meshing
Simulation size in gridpoints: 1 x 71 x 22
Refined 0 mesh cells (0%)
Completed meshing!
Meshing complete in 0.001179 seconds of CPU time
Starting meshing
Simulation size in gridpoints: 1 x 71 x 22
Refined 0 mesh cells (0%)
Completed meshing!
Meshing complete in 0.00107 seconds of CPU time
left is a duplicate key.
bottom is a duplicate key.
z1 is a duplicate key.
z2 is a duplicate key.
Nx is a duplicate key.
Ny is a duplicate key.
Nz is a duplicate key.
Starting meshing
Simulation size in gridpoints: 88 x 1 x 22
Refined 0 mesh cells (0%)
Completed meshing!
Meshing complete in 0.001104 seconds of CPU time
Starting meshing
Simulation size in gridpoints: 88 x 1 x 22
Refined 0 mesh cells (0%)
Completed meshing!
Meshing complete in 0.001076 seconds of CPU time
Starting meshing
Simulation size in gridpoints: 88 x 1 x 22
Refined 0 mesh cells (0%)
Completed meshing!
Meshing complete in 0.001037 seconds of CPU time
left is a duplicate key.
bottom is a duplicate key.
z1 is a duplicate key.
z2 is a duplicate key.
Nx is a duplicate key.
Ny is a duplicate key.
Nz is a duplicate key.
Starting meshing
Simulation size in gridpoints: 88 x 1 x 22
Refined 0 mesh cells (0%)
Completed meshing!
Meshing complete in 0.001107 seconds of CPU time
Starting meshing
Simulation size in gridpoints: 88 x 1 x 22
Refined 0 mesh cells (0%)
Completed meshing!
Meshing complete in 0.001024 seconds of CPU time
Starting meshing
Simulation size in gridpoints: 88 x 1 x 22
Refined 0 mesh cells (0%)
Completed meshing!
Meshing complete in 0.001053 seconds of CPU time
left is a duplicate key.
bottom is a duplicate key.
z1 is a duplicate key.
z2 is a duplicate key.
Nx is a duplicate key.
Ny is a duplicate key.
Nz is a duplicate key.
number of processors is 8
processors are distributed as: 4x2x1
Running 3D Simulation
Starting meshing
Simulation size in gridpoints: 155 x 104 x 36
Refined 0 mesh cells (0%)
Completed meshing!
Meshing complete in 0.578143 seconds of CPU time
0 0
Starting meshing
Simulation size in gridpoints: 155 x 104 x 36
Refined 0 mesh cells (0%)
Completed meshing!
Meshing complete in 0.583433 seconds of CPU time
0 0
Starting meshing
Simulation size in gridpoints: 155 x 104 x 36
Refined 0 mesh cells (0%)
Completed meshing!
Meshing complete in 0.489658 seconds of CPU time
0 0
finished material properties
Meshing Time: 4.51485 seconds, Init Electrical Material Time: 0.261443 seconds, Init Magnetic Material Time: 0.001362
Using selected optimization level: 2
Selecting 3d kernel for splitFieldDirection=0 and optLevel=2
-----------------------------------------
Beginning initialization of 3D Simulation
Starting to add sources to simulation
Adding 3D Mode source propagating in X
Using frequency dependent profile
Frequency range of source is less than 1e-3 of center frequency and will be increased to 1e-3 of center frequency.
Starting to add boundary conditions to simulation
Adding 3D PML BC
Adding 3D Parallel BC
Adding 3D PML BC
Adding 3D Parallel BC
Adding 3D PML BC
Adding 3D PML BC
Starting to add monitors to Simulation
Adding analysis monitor
Adding 3D DFT monitor
Adding 3D DFT monitor
Adding 3D DFT monitor
Adding 3D DFT monitor
Adding 3D DFT monitor
Finished initialization of 3D Simulation
-----------------------------------------
All processes are communicating and ready to proceed to simulation...
Starting 11930 total iterations
0.201178% complete. Max time remaining: 25 mins, 53 secs. Auto Shutoff: 1
1.20707% complete. Max time remaining: 25 mins, 36 secs. Auto Shutoff: 1
2.21295% complete. Max time remaining: 25 mins, 36 secs. Auto Shutoff: 1
3.21884% complete. Max time remaining: 25 mins, 14 secs. Auto Shutoff: 1
4.22473% complete. Max time remaining: 25 mins, 8 secs. Auto Shutoff: 1
5.23062% complete. Max time remaining: 24 mins, 56 secs. Auto Shutoff: 1
6.23651% complete. Max time remaining: 24 mins, 48 secs. Auto Shutoff: 1
7.30946% complete. Max time remaining: 24 mins, 31 secs. Auto Shutoff: 0.997011
8.31535% complete. Max time remaining: 24 mins, 15 secs. Auto Shutoff: 0.997035
9.38829% complete. Max time remaining: 23 mins, 56 secs. Auto Shutoff: 0.997098
10.3942% complete. Max time remaining: 23 mins, 34 secs. Auto Shutoff: 0.995711
11.4001% complete. Max time remaining: 23 mins, 21 secs. Auto Shutoff: 1.00151
12.473% complete. Max time remaining: 23 mins, 1 secs. Auto Shutoff: 1.08328
13.4789% complete. Max time remaining: 22 mins, 44 secs. Auto Shutoff: 1.0056
14.4848% complete. Max time remaining: 22 mins, 26 secs. Auto Shutoff: 0.998015
15.4907% complete. Max time remaining: 22 mins, 11 secs. Auto Shutoff: 0.997549
16.4966% complete. Max time remaining: 21 mins, 59 secs. Auto Shutoff: 0.997607
17.5025% complete. Max time remaining: 21 mins, 47 secs. Auto Shutoff: 0.997782
18.5083% complete. Max time remaining: 21 mins, 32 secs. Auto Shutoff: 0.999369
19.5813% complete. Max time remaining: 21 mins, 15 secs. Auto Shutoff: 1.00052
20.5872% complete. Max time remaining: 20 mins, 58 secs. Auto Shutoff: 1.00016
21.5931% complete. Max time remaining: 20 mins, 40 secs. Auto Shutoff: 1.00053
22.599% complete. Max time remaining: 20 mins, 23 secs. Auto Shutoff: 1.00477
23.6049% complete. Max time remaining: 20 mins, 6 secs. Auto Shutoff: 1.05941
24.6107% complete. Max time remaining: 19 mins, 48 secs. Auto Shutoff: 1.08552
25.6166% complete. Max time remaining: 19 mins, 32 secs. Auto Shutoff: 1.0204
26.6896% complete. Max time remaining: 19 mins, 14 secs. Auto Shutoff: 1.00216
27.6955% complete. Max time remaining: 18 mins, 58 secs. Auto Shutoff: 0.997698
28.7014% complete. Max time remaining: 18 mins, 42 secs. Auto Shutoff: 0.997651
29.7743% complete. Max time remaining: 18 mins, 25 secs. Auto Shutoff: 0.997551
30.7802% complete. Max time remaining: 18 mins, 9 secs. Auto Shutoff: 0.997487
31.7861% complete. Max time remaining: 17 mins, 51 secs. Auto Shutoff: 0.993377
32.792% complete. Max time remaining: 17 mins, 34 secs. Auto Shutoff: 0.993027
33.7979% complete. Max time remaining: 17 mins, 17 secs. Auto Shutoff: 0.999062
34.8037% complete. Max time remaining: 16 mins, 60 secs. Auto Shutoff: 1.01732
35.8096% complete. Max time remaining: 16 mins, 44 secs. Auto Shutoff: 1.03959
36.8155% complete. Max time remaining: 16 mins, 28 secs. Auto Shutoff: 1.05857
37.8214% complete. Max time remaining: 16 mins, 13 secs. Auto Shutoff: 1.04028
38.8944% complete. Max time remaining: 15 mins, 56 secs. Auto Shutoff: 1.03206
39.9673% complete. Max time remaining: 15 mins, 39 secs. Auto Shutoff: 1.01505
40.9732% complete. Max time remaining: 15 mins, 23 secs. Auto Shutoff: 1.00133
42.0461% complete. Max time remaining: 15 mins, 7 secs. Auto Shutoff: 0.990618
43.052% complete. Max time remaining: 14 mins, 52 secs. Auto Shutoff: 0.986784
44.0579% complete. Max time remaining: 14 mins, 36 secs. Auto Shutoff: 0.956511
45.0638% complete. Max time remaining: 14 mins, 20 secs. Auto Shutoff: 0.796517
46.0697% complete. Max time remaining: 14 mins, 6 secs. Auto Shutoff: 0.437474
47.0756% complete. Max time remaining: 13 mins, 57 secs. Auto Shutoff: 0.0846447
48.0815% complete. Max time remaining: 13 mins, 42 secs. Auto Shutoff: 0.0399864
49.0874% complete. Max time remaining: 13 mins, 27 secs. Auto Shutoff: 0.0143229
50.0933% complete. Max time remaining: 13 mins, 11 secs. Auto Shutoff: 0.00418203
51.0991% complete. Max time remaining: 12 mins, 54 secs. Auto Shutoff: 0.00132821
52.105% complete. Max time remaining: 12 mins, 39 secs. Auto Shutoff: 0.00052716
53.1109% complete. Max time remaining: 12 mins, 23 secs. Auto Shutoff: 0.000479841
54.1168% complete. Max time remaining: 12 mins, 7 secs. Auto Shutoff: 0.000452519
55.1227% complete. Max time remaining: 11 mins, 51 secs. Auto Shutoff: 0.000444229
56.1286% complete. Max time remaining: 11 mins, 35 secs. Auto Shutoff: 0.000438468
57.1345% complete. Max time remaining: 11 mins, 20 secs. Auto Shutoff: 0.000428831
58.1404% complete. Max time remaining: 11 mins, 6 secs. Auto Shutoff: 0.000421014
59.1462% complete. Max time remaining: 10 mins, 51 secs. Auto Shutoff: 0.000408361
60.1521% complete. Max time remaining: 10 mins, 36 secs. Auto Shutoff: 0.000396958
61.158% complete. Max time remaining: 10 mins, 23 secs. Auto Shutoff: 0.000386781
62.1639% complete. Max time remaining: 10 mins, 7 secs. Auto Shutoff: 0.000368384
63.1698% complete. Max time remaining: 9 mins, 53 secs. Auto Shutoff: 0.000323301
64.1757% complete. Max time remaining: 9 mins, 38 secs. Auto Shutoff: 0.000316592
65.1816% complete. Max time remaining: 9 mins, 23 secs. Auto Shutoff: 0.000309814
66.1875% complete. Max time remaining: 9 mins, 7 secs. Auto Shutoff: 0.000298778
67.1934% complete. Max time remaining: 8 mins, 51 secs. Auto Shutoff: 0.000283105
68.1992% complete. Max time remaining: 8 mins, 36 secs. Auto Shutoff: 0.000258898
69.2051% complete. Max time remaining: 8 mins, 19 secs. Auto Shutoff: 0.000230675
70.211% complete. Max time remaining: 8 mins, 3 secs. Auto Shutoff: 0.000199587
71.2169% complete. Max time remaining: 7 mins, 47 secs. Auto Shutoff: 0.000181527
72.2228% complete. Max time remaining: 7 mins, 31 secs. Auto Shutoff: 0.000161795
73.2287% complete. Max time remaining: 7 mins, 14 secs. Auto Shutoff: 0.000134965
74.2346% complete. Max time remaining: 6 mins, 58 secs. Auto Shutoff: 8.95322e-05
75.2405% complete. Max time remaining: 6 mins, 42 secs. Auto Shutoff: 7.70174e-05
76.3134% complete. Max time remaining: 6 mins, 24 secs. Auto Shutoff: 6.4588e-05
77.3864% complete. Max time remaining: 6 mins, 6 secs. Auto Shutoff: 5.11743e-05
78.3923% complete. Max time remaining: 5 mins, 50 secs. Auto Shutoff: 2.87091e-05
79.3981% complete. Max time remaining: 5 mins, 34 secs. Auto Shutoff: 2.4829e-05
80.4711% complete. Max time remaining: 5 mins, 17 secs. Auto Shutoff: 1.9717e-05
81.477% complete. Max time remaining: 5 mins, 1 secs. Auto Shutoff: 1.33204e-05
100% complete. Max time remaining: 0 mins, 0 secs. Auto Shutoff: 7.62902e-06
Early termination of simulation, the autoshutoff criteria are satisfied.
Completed 9751 iterations, or 8.173683e-13s of Simulation Time
Process 0 starting to collect data
    collecting monitor data
    collecting source data
Using frequency dependent profile
Frequency range of source is less than 1e-3 of center frequency and will be increased to 1e-3 of center frequency.
Finished collecting data
left is a duplicate key.
bottom is a duplicate key.
z1 is a duplicate key.
z2 is a duplicate key.
Nx is a duplicate key.
Ny is a duplicate key.
Nz is a duplicate key.
left is a duplicate key.
bottom is a duplicate key.
z1 is a duplicate key.
z2 is a duplicate key.
Nx is a duplicate key.
Ny is a duplicate key.
Nz is a duplicate key.
left is a duplicate key.
bottom is a duplicate key.
z1 is a duplicate key.
z2 is a duplicate key.
Nx is a duplicate key.
Ny is a duplicate key.
Nz is a duplicate key.
left is a duplicate key.
bottom is a duplicate key.
z1 is a duplicate key.
z2 is a duplicate key.
Nx is a duplicate key.
Ny is a duplicate key.
Nz is a duplicate key.
Simulation completed successfully at: Mon Aug 1 18:01:22 2022
Overall wall time measurements in seconds: 1341.69
    time to mesh and initialize: 11.4063
    time to run FDTD simulation: 1326.34
    time to checkpoint simulation: 1e-06
    time to finalize data and save to files: 0.957949
    miscellaneous time: 2.98116
    FDTD solver speed on process 0: 4.26639 Mnodes/s
    total FDTD solver speed on 8 processes: 34.1311 Mnodes/s
