Ansys Lumerical 2022 R1.4 FDTD Solver Version 8.27.3044 (Linux 64bit)
 expires (month/day/year): 5/2/2023
using config file: Ansys Licensing set with ANSYSLMD_LICENSE_FILE
license host: 1055@10.75.13.24
current time: Mon Aug 1 18:01:46 2022
Running on host: fotonica05-System-Product-Name
host available memory (GB): 27.284222
All processes are communicating and ready to proceed to simulation...
Running fsp file: /opt/lumerical/v221/bin/fdtd-engine-mpich2nem -t 1 -remote -hide -shared-solve-license QU5TWVNDTF9DT05URVhUX0RBVEE9PEFOU1lTQ0xfQ09OVEVYVF9EQVRBPjxJRD42MmMzMGM0NS1hYTY0LTQ3ZTAtYTg3MS0xNDU3NWMyMzg2MmI8L0lEPjxUWVBFPkFQUF9ERUZJTkVEPC9UWVBFPjxOQU1FPmx1bV9zdGFuZGFyZF9zb2x2ZV9zaGFyZTwvTkFNRT48SEFORExFUj41NDk1OUBmb3RvbmljYTA1LVN5c3RlbS1Qcm9kdWN0LU5hbWU8L0hBTkRMRVI+PC9BTlNZU0NMX0NPTlRFWFRfREFUQT4KQU5TWVNfQ09OVEVYVF9JRD02MmMzMGM0NS1hYTY0LTQ3ZTAtYTg3MS0xNDU3NWMyMzg2MmIKQU5TWVNfQ09OVEVYVF9TRVJWRVI9NTQ5NTlAZm90b25pY2EwNS1TeXN0ZW0tUHJvZHVjdC1OYW1lCg== /media/lucas/datam01/LucasLObo/Anelderessonancia/FDTD_sweep/sweep_6.fsp
Starting meshing
Simulation size in gridpoints: 1 x 71 x 22
Refined 0 mesh cells (0%)
Completed meshing!
Meshing complete in 0.001569 seconds of CPU time
Starting meshing
Simulation size in gridpoints: 1 x 71 x 22
Refined 0 mesh cells (0%)
Completed meshing!
Meshing complete in 0.001398 seconds of CPU time
Starting meshing
Simulation size in gridpoints: 1 x 71 x 22
Refined 0 mesh cells (0%)
Completed meshing!
Meshing complete in 0.001267 seconds of CPU time
Starting meshing
Simulation size in gridpoints: 1 x 71 x 22
Refined 0 mesh cells (0%)
Completed meshing!
Meshing complete in 0.001517 seconds of CPU time
Starting meshing
Simulation size in gridpoints: 1 x 71 x 22
Refined 0 mesh cells (0%)
Completed meshing!
Meshing complete in 0.001318 seconds of CPU time
Starting meshing
Simulation size in gridpoints: 1 x 71 x 22
Refined 0 mesh cells (0%)
Completed meshing!
Meshing complete in 0.001256 seconds of CPU time
left is a duplicate key.
bottom is a duplicate key.
z1 is a duplicate key.
z2 is a duplicate key.
Nx is a duplicate key.
Ny is a duplicate key.
Nz is a duplicate key.
Starting meshing
Simulation size in gridpoints: 1 x 71 x 22
Refined 0 mesh cells (0%)
Completed meshing!
Meshing complete in 0.001539 seconds of CPU time
Starting meshing
Simulation size in gridpoints: 1 x 71 x 22
Refined 0 mesh cells (0%)
Completed meshing!
Meshing complete in 0.00144 seconds of CPU time
Starting meshing
Simulation size in gridpoints: 1 x 71 x 22
Refined 0 mesh cells (0%)
Completed meshing!
Meshing complete in 0.001284 seconds of CPU time
left is a duplicate key.
bottom is a duplicate key.
z1 is a duplicate key.
z2 is a duplicate key.
Nx is a duplicate key.
Ny is a duplicate key.
Nz is a duplicate key.
Starting meshing
Simulation size in gridpoints: 90 x 1 x 22
Refined 0 mesh cells (0%)
Completed meshing!
Meshing complete in 0.001403 seconds of CPU time
Starting meshing
Simulation size in gridpoints: 90 x 1 x 22
Refined 0 mesh cells (0%)
Completed meshing!
Meshing complete in 0.001239 seconds of CPU time
Starting meshing
Simulation size in gridpoints: 90 x 1 x 22
Refined 0 mesh cells (0%)
Completed meshing!
Meshing complete in 0.001255 seconds of CPU time
left is a duplicate key.
bottom is a duplicate key.
z1 is a duplicate key.
z2 is a duplicate key.
Nx is a duplicate key.
Ny is a duplicate key.
Nz is a duplicate key.
Starting meshing
Simulation size in gridpoints: 90 x 1 x 22
Refined 0 mesh cells (0%)
Completed meshing!
Meshing complete in 0.001412 seconds of CPU time
Starting meshing
Simulation size in gridpoints: 90 x 1 x 22
Refined 0 mesh cells (0%)
Completed meshing!
Meshing complete in 0.001267 seconds of CPU time
Starting meshing
Simulation size in gridpoints: 90 x 1 x 22
Refined 0 mesh cells (0%)
Completed meshing!
Meshing complete in 0.001377 seconds of CPU time
left is a duplicate key.
bottom is a duplicate key.
z1 is a duplicate key.
z2 is a duplicate key.
Nx is a duplicate key.
Ny is a duplicate key.
Nz is a duplicate key.
number of processors is 8
processors are distributed as: 4x2x1
Running 3D Simulation
Starting meshing
Simulation size in gridpoints: 155 x 104 x 36
Refined 0 mesh cells (0%)
Completed meshing!
Meshing complete in 0.758681 seconds of CPU time
0 0
Starting meshing
Simulation size in gridpoints: 155 x 104 x 36
Refined 0 mesh cells (0%)
Completed meshing!
Meshing complete in 0.767692 seconds of CPU time
0 0
Starting meshing
Simulation size in gridpoints: 155 x 104 x 36
Refined 0 mesh cells (0%)
Completed meshing!
Meshing complete in 0.574554 seconds of CPU time
0 0
finished material properties
Meshing Time: 5.40149 seconds, Init Electrical Material Time: 0.321571 seconds, Init Magnetic Material Time: 0.0014
Using selected optimization level: 2
Selecting 3d kernel for splitFieldDirection=0 and optLevel=2
-----------------------------------------
Beginning initialization of 3D Simulation
Starting to add sources to simulation
Adding 3D Mode source propagating in X
Using frequency dependent profile
Frequency range of source is less than 1e-3 of center frequency and will be increased to 1e-3 of center frequency.
Starting to add boundary conditions to simulation
Adding 3D PML BC
Adding 3D Parallel BC
Adding 3D PML BC
Adding 3D Parallel BC
Adding 3D PML BC
Adding 3D PML BC
Starting to add monitors to Simulation
Adding analysis monitor
Adding 3D DFT monitor
Adding 3D DFT monitor
Adding 3D DFT monitor
Adding 3D DFT monitor
Adding 3D DFT monitor
Finished initialization of 3D Simulation
-----------------------------------------
All processes are communicating and ready to proceed to simulation...
Starting 11930 total iterations
0.201178% complete. Max time remaining: 25 mins, 18 secs. Auto Shutoff: 1
1.20707% complete. Max time remaining: 28 mins, 23 secs. Auto Shutoff: 1
2.21295% complete. Max time remaining: 27 mins, 49 secs. Auto Shutoff: 1
3.21884% complete. Max time remaining: 26 mins, 60 secs. Auto Shutoff: 1
4.22473% complete. Max time remaining: 26 mins, 24 secs. Auto Shutoff: 1
5.23062% complete. Max time remaining: 26 mins, 7 secs. Auto Shutoff: 1
6.23651% complete. Max time remaining: 25 mins, 44 secs. Auto Shutoff: 1
7.2424% complete. Max time remaining: 25 mins, 35 secs. Auto Shutoff: 0.997015
8.24829% complete. Max time remaining: 25 mins, 15 secs. Auto Shutoff: 0.997039
9.25417% complete. Max time remaining: 24 mins, 56 secs. Auto Shutoff: 0.997101
10.2601% complete. Max time remaining: 24 mins, 37 secs. Auto Shutoff: 0.995715
11.333% complete. Max time remaining: 24 mins, 17 secs. Auto Shutoff: 1.00152
12.3389% complete. Max time remaining: 23 mins, 55 secs. Auto Shutoff: 1.08326
13.3448% complete. Max time remaining: 23 mins, 41 secs. Auto Shutoff: 1.00559
14.3507% complete. Max time remaining: 23 mins, 24 secs. Auto Shutoff: 0.997975
15.3566% complete. Max time remaining: 23 mins, 6 secs. Auto Shutoff: 0.997577
16.3625% complete. Max time remaining: 22 mins, 46 secs. Auto Shutoff: 0.997278
17.3683% complete. Max time remaining: 22 mins, 28 secs. Auto Shutoff: 0.998696
18.3742% complete. Max time remaining: 22 mins, 12 secs. Auto Shutoff: 1.00014
19.3801% complete. Max time remaining: 21 mins, 55 secs. Auto Shutoff: 1.0002
20.386% complete. Max time remaining: 21 mins, 37 secs. Auto Shutoff: 0.99992
21.3919% complete. Max time remaining: 21 mins, 19 secs. Auto Shutoff: 0.999715
22.3978% complete. Max time remaining: 21 mins, 1 secs. Auto Shutoff: 0.999584
23.4037% complete. Max time remaining: 20 mins, 48 secs. Auto Shutoff: 1.05676
24.4766% complete. Max time remaining: 20 mins, 31 secs. Auto Shutoff: 1.07612
25.4825% complete. Max time remaining: 20 mins, 13 secs. Auto Shutoff: 1.01944
26.4884% complete. Max time remaining: 19 mins, 55 secs. Auto Shutoff: 1.00208
27.4943% complete. Max time remaining: 19 mins, 37 secs. Auto Shutoff: 0.998446
28.5002% complete. Max time remaining: 19 mins, 21 secs. Auto Shutoff: 0.997612
29.5061% complete. Max time remaining: 19 mins, 4 secs. Auto Shutoff: 0.997635
30.579% complete. Max time remaining: 18 mins, 46 secs. Auto Shutoff: 0.997518
31.5849% complete. Max time remaining: 18 mins, 29 secs. Auto Shutoff: 0.997601
32.5908% complete. Max time remaining: 18 mins, 13 secs. Auto Shutoff: 0.998859
33.5967% complete. Max time remaining: 17 mins, 57 secs. Auto Shutoff: 0.99621
34.6026% complete. Max time remaining: 17 mins, 39 secs. Auto Shutoff: 1.01296
35.6085% complete. Max time remaining: 17 mins, 21 secs. Auto Shutoff: 1.03533
36.6814% complete. Max time remaining: 17 mins, 2 secs. Auto Shutoff: 1.04953
37.7544% complete. Max time remaining: 16 mins, 44 secs. Auto Shutoff: 1.01702
38.7602% complete. Max time remaining: 16 mins, 29 secs. Auto Shutoff: 1.0283
39.7661% complete. Max time remaining: 16 mins, 13 secs. Auto Shutoff: 1.02733
40.772% complete. Max time remaining: 15 mins, 59 secs. Auto Shutoff: 1.01367
41.845% complete. Max time remaining: 15 mins, 41 secs. Auto Shutoff: 1.00043
42.8509% complete. Max time remaining: 15 mins, 24 secs. Auto Shutoff: 0.992873
43.8567% complete. Max time remaining: 15 mins, 8 secs. Auto Shutoff: 0.973454
44.8626% complete. Max time remaining: 14 mins, 51 secs. Auto Shutoff: 0.888631
45.8685% complete. Max time remaining: 14 mins, 34 secs. Auto Shutoff: 0.608957
46.8744% complete. Max time remaining: 14 mins, 18 secs. Auto Shutoff: 0.350792
47.8803% complete. Max time remaining: 14 mins, 1 secs. Auto Shutoff: 0.0990039
48.8862% complete. Max time remaining: 13 mins, 45 secs. Auto Shutoff: 0.0364333
49.8921% complete. Max time remaining: 13 mins, 28 secs. Auto Shutoff: 0.0107107
50.898% complete. Max time remaining: 13 mins, 12 secs. Auto Shutoff: 0.00289533
51.9709% complete. Max time remaining: 12 mins, 55 secs. Auto Shutoff: 0.00106815
52.9768% complete. Max time remaining: 12 mins, 39 secs. Auto Shutoff: 0.000605458
53.9827% complete. Max time remaining: 12 mins, 23 secs. Auto Shutoff: 0.000580622
54.9886% complete. Max time remaining: 12 mins, 7 secs. Auto Shutoff: 0.000568205
56.0615% complete. Max time remaining: 11 mins, 49 secs. Auto Shutoff: 0.000558882
57.0674% complete. Max time remaining: 11 mins, 32 secs. Auto Shutoff: 0.00054838
58.0733% complete. Max time remaining: 11 mins, 16 secs. Auto Shutoff: 0.000533764
59.0792% complete. Max time remaining: 10 mins, 59 secs. Auto Shutoff: 0.000529778
60.1521% complete. Max time remaining: 10 mins, 41 secs. Auto Shutoff: 0.000513947
61.158% complete. Max time remaining: 10 mins, 25 secs. Auto Shutoff: 0.000485913
62.1639% complete. Max time remaining: 10 mins, 9 secs. Auto Shutoff: 0.000467382
63.1698% complete. Max time remaining: 9 mins, 53 secs. Auto Shutoff: 0.000427561
64.1757% complete. Max time remaining: 9 mins, 36 secs. Auto Shutoff: 0.000409936
65.2486% complete. Max time remaining: 9 mins, 19 secs. Auto Shutoff: 0.000394349
66.2545% complete. Max time remaining: 9 mins, 2 secs. Auto Shutoff: 0.000384541
67.2604% complete. Max time remaining: 8 mins, 46 secs. Auto Shutoff: 0.000364621
68.2663% complete. Max time remaining: 8 mins, 30 secs. Auto Shutoff: 0.00030779
69.2722% complete. Max time remaining: 8 mins, 14 secs. Auto Shutoff: 0.000277129
70.2781% complete. Max time remaining: 7 mins, 57 secs. Auto Shutoff: 0.000248565
71.284% complete. Max time remaining: 7 mins, 41 secs. Auto Shutoff: 0.000227666
72.2899% complete. Max time remaining: 7 mins, 25 secs. Auto Shutoff: 0.000196134
73.2957% complete. Max time remaining: 7 mins, 8 secs. Auto Shutoff: 0.00014986
74.3016% complete. Max time remaining: 6 mins, 52 secs. Auto Shutoff: 0.000138737
75.3075% complete. Max time remaining: 6 mins, 36 secs. Auto Shutoff: 0.000129316
76.3134% complete. Max time remaining: 6 mins, 20 secs. Auto Shutoff: 0.000117988
77.3193% complete. Max time remaining: 6 mins, 4 secs. Auto Shutoff: 0.000106099
78.3252% complete. Max time remaining: 5 mins, 47 secs. Auto Shutoff: 9.65676e-05
79.3311% complete. Max time remaining: 5 mins, 31 secs. Auto Shutoff: 7.86323e-05
80.337% complete. Max time remaining: 5 mins, 15 secs. Auto Shutoff: 6.76494e-05
81.3429% complete. Max time remaining: 4 mins, 59 secs. Auto Shutoff: 5.57316e-05
82.4158% complete. Max time remaining: 4 mins, 42 secs. Auto Shutoff: 4.70869e-05
83.4217% complete. Max time remaining: 4 mins, 25 secs. Auto Shutoff: 3.77915e-05
84.4946% complete. Max time remaining: 4 mins, 8 secs. Auto Shutoff: 2.10469e-05
85.5005% complete. Max time remaining: 3 mins, 52 secs. Auto Shutoff: 1.38018e-05
100% complete. Max time remaining: 0 mins, 0 secs. Auto Shutoff: 8.34873e-06
Early termination of simulation, the autoshutoff criteria are satisfied.
Completed 10256 iterations, or 8.596994e-13s of Simulation Time
Process 0 starting to collect data
    collecting monitor data
    collecting source data
Using frequency dependent profile
Frequency range of source is less than 1e-3 of center frequency and will be increased to 1e-3 of center frequency.
Finished collecting data
left is a duplicate key.
bottom is a duplicate key.
z1 is a duplicate key.
z2 is a duplicate key.
Nx is a duplicate key.
Ny is a duplicate key.
Nz is a duplicate key.
left is a duplicate key.
bottom is a duplicate key.
z1 is a duplicate key.
z2 is a duplicate key.
Nx is a duplicate key.
Ny is a duplicate key.
Nz is a duplicate key.
left is a duplicate key.
bottom is a duplicate key.
z1 is a duplicate key.
z2 is a duplicate key.
Nx is a duplicate key.
Ny is a duplicate key.
Nz is a duplicate key.
left is a duplicate key.
bottom is a duplicate key.
z1 is a duplicate key.
z2 is a duplicate key.
Nx is a duplicate key.
Ny is a duplicate key.
Nz is a duplicate key.
Simulation completed successfully at: Mon Aug 1 18:24:58 2022
Overall wall time measurements in seconds: 1393.39
    time to mesh and initialize: 11.8799
    time to run FDTD simulation: 1376.34
    time to checkpoint simulation: 1e-06
    time to finalize data and save to files: 1.29224
    miscellaneous time: 3.87486
    FDTD solver speed on process 0: 4.32433 Mnodes/s
    total FDTD solver speed on 8 processes: 34.5946 Mnodes/s
