Ansys Lumerical 2022 R1.4 FDTD Solver Version 8.27.3044 (Linux 64bit)
 expires (month/day/year): 5/2/2023
using config file: Ansys Licensing set with ANSYSLMD_LICENSE_FILE
license host: 1055@10.75.13.24
current time: Mon Aug 1 18:24:43 2022
Running on host: fotonica05-System-Product-Name
host available memory (GB): 27.865850
All processes are communicating and ready to proceed to simulation...
Running fsp file: /opt/lumerical/v221/bin/fdtd-engine-mpich2nem -t 1 -remote -hide -shared-solve-license QU5TWVNDTF9DT05URVhUX0RBVEE9PEFOU1lTQ0xfQ09OVEVYVF9EQVRBPjxJRD5hZjk4M2U4My02NzcwLTRlMjYtODZkOC0yN2QxNmIxMjQwNWM8L0lEPjxUWVBFPkFQUF9ERUZJTkVEPC9UWVBFPjxOQU1FPmx1bV9zdGFuZGFyZF9zb2x2ZV9zaGFyZTwvTkFNRT48SEFORExFUj41NDk1OUBmb3RvbmljYTA1LVN5c3RlbS1Qcm9kdWN0LU5hbWU8L0hBTkRMRVI+PC9BTlNZU0NMX0NPTlRFWFRfREFUQT4KQU5TWVNfQ09OVEVYVF9JRD1hZjk4M2U4My02NzcwLTRlMjYtODZkOC0yN2QxNmIxMjQwNWMKQU5TWVNfQ09OVEVYVF9TRVJWRVI9NTQ5NTlAZm90b25pY2EwNS1TeXN0ZW0tUHJvZHVjdC1OYW1lCg== -shared-solve-license QU5TWVNDTF9DT05URVhUX0RBVEE9PEFOU1lTQ0xfQ09OVEVYVF9EQVRBPjxJRD45YTcwZWJlNi01YmZhLTRiZWYtYmJhMC1mZTQ2ZWVmMGMwNDE8L0lEPjxUWVBFPkFQUF9ERUZJTkVEPC9UWVBFPjxOQU1FPmx1bV9zdGFuZGFyZF9zb2x2ZV9zaGFyZTwvTkFNRT48SEFORExFUj41NDk1OUBmb3RvbmljYTA1LVN5c3RlbS1Qcm9kdWN0LU5hbWU8L0hBTkRMRVI+PC9BTlNZU0NMX0NPTlRFWFRfREFUQT4KQU5TWVNfQ09OVEVYVF9JRD05YTcwZWJlNi01YmZhLTRiZWYtYmJhMC1mZTQ2ZWVmMGMwNDEKQU5TWVNfQ09OVEVYVF9TRVJWRVI9NTQ5NTlAZm90b25pY2EwNS1TeXN0ZW0tUHJvZHVjdC1OYW1lCg== /media/lucas/datam01/LucasLObo/Anelderessonancia/FDTD_sweep/sweep_8.fsp
Starting meshing
Simulation size in gridpoints: 1 x 71 x 22
Refined 0 mesh cells (0%)
Completed meshing!
Meshing complete in 0.001644 seconds of CPU time
Starting meshing
Simulation size in gridpoints: 1 x 71 x 22
Refined 0 mesh cells (0%)
Completed meshing!
Meshing complete in 0.001445 seconds of CPU time
Starting meshing
Simulation size in gridpoints: 1 x 71 x 22
Refined 0 mesh cells (0%)
Completed meshing!
Meshing complete in 0.001319 seconds of CPU time
Starting meshing
Simulation size in gridpoints: 1 x 71 x 22
Refined 0 mesh cells (0%)
Completed meshing!
Meshing complete in 0.001512 seconds of CPU time
Starting meshing
Simulation size in gridpoints: 1 x 71 x 22
Refined 0 mesh cells (0%)
Completed meshing!
Meshing complete in 0.001381 seconds of CPU time
Starting meshing
Simulation size in gridpoints: 1 x 71 x 22
Refined 0 mesh cells (0%)
Completed meshing!
Meshing complete in 0.001342 seconds of CPU time
left is a duplicate key.
bottom is a duplicate key.
z1 is a duplicate key.
z2 is a duplicate key.
Nx is a duplicate key.
Ny is a duplicate key.
Nz is a duplicate key.
Starting meshing
Simulation size in gridpoints: 1 x 71 x 22
Refined 0 mesh cells (0%)
Completed meshing!
Meshing complete in 0.001515 seconds of CPU time
Starting meshing
Simulation size in gridpoints: 1 x 71 x 22
Refined 0 mesh cells (0%)
Completed meshing!
Meshing complete in 0.001403 seconds of CPU time
Starting meshing
Simulation size in gridpoints: 1 x 71 x 22
Refined 0 mesh cells (0%)
Completed meshing!
Meshing complete in 0.001389 seconds of CPU time
left is a duplicate key.
bottom is a duplicate key.
z1 is a duplicate key.
z2 is a duplicate key.
Nx is a duplicate key.
Ny is a duplicate key.
Nz is a duplicate key.
Starting meshing
Simulation size in gridpoints: 92 x 1 x 22
Refined 0 mesh cells (0%)
Completed meshing!
Meshing complete in 0.00133 seconds of CPU time
Starting meshing
Simulation size in gridpoints: 92 x 1 x 22
Refined 0 mesh cells (0%)
Completed meshing!
Meshing complete in 0.001274 seconds of CPU time
Starting meshing
Simulation size in gridpoints: 92 x 1 x 22
Refined 0 mesh cells (0%)
Completed meshing!
Meshing complete in 0.001348 seconds of CPU time
left is a duplicate key.
bottom is a duplicate key.
z1 is a duplicate key.
z2 is a duplicate key.
Nx is a duplicate key.
Ny is a duplicate key.
Nz is a duplicate key.
Starting meshing
Simulation size in gridpoints: 92 x 1 x 22
Refined 0 mesh cells (0%)
Completed meshing!
Meshing complete in 0.001395 seconds of CPU time
Starting meshing
Simulation size in gridpoints: 92 x 1 x 22
Refined 0 mesh cells (0%)
Completed meshing!
Meshing complete in 0.00168 seconds of CPU time
Starting meshing
Simulation size in gridpoints: 92 x 1 x 22
Refined 0 mesh cells (0%)
Completed meshing!
Meshing complete in 0.001395 seconds of CPU time
left is a duplicate key.
bottom is a duplicate key.
z1 is a duplicate key.
z2 is a duplicate key.
Nx is a duplicate key.
Ny is a duplicate key.
Nz is a duplicate key.
number of processors is 8
processors are distributed as: 4x2x1
Running 3D Simulation
Starting meshing
Simulation size in gridpoints: 155 x 104 x 36
Refined 0 mesh cells (0%)
Completed meshing!
Meshing complete in 0.831527 seconds of CPU time
0 0
Starting meshing
Simulation size in gridpoints: 155 x 104 x 36
Refined 0 mesh cells (0%)
Completed meshing!
Meshing complete in 0.83321 seconds of CPU time
0 0
Starting meshing
Simulation size in gridpoints: 155 x 104 x 36
Refined 0 mesh cells (0%)
Completed meshing!
Meshing complete in 0.603644 seconds of CPU time
0 0
finished material properties
Meshing Time: 5.99457 seconds, Init Electrical Material Time: 0.288809 seconds, Init Magnetic Material Time: 0.001651
Using selected optimization level: 2
Selecting 3d kernel for splitFieldDirection=0 and optLevel=2
-----------------------------------------
Beginning initialization of 3D Simulation
Starting to add sources to simulation
Adding 3D Mode source propagating in X
Using frequency dependent profile
Frequency range of source is less than 1e-3 of center frequency and will be increased to 1e-3 of center frequency.
Starting to add boundary conditions to simulation
Adding 3D PML BC
Adding 3D Parallel BC
Adding 3D PML BC
Adding 3D Parallel BC
Adding 3D PML BC
Adding 3D PML BC
Starting to add monitors to Simulation
Adding analysis monitor
Adding 3D DFT monitor
Adding 3D DFT monitor
Adding 3D DFT monitor
Adding 3D DFT monitor
Adding 3D DFT monitor
Finished initialization of 3D Simulation
-----------------------------------------
All processes are communicating and ready to proceed to simulation...
Starting 11930 total iterations
0.201178% complete. Max time remaining: 26 mins, 12 secs. Auto Shutoff: 1
1.20707% complete. Max time remaining: 25 mins, 13 secs. Auto Shutoff: 1
2.21295% complete. Max time remaining: 24 mins, 54 secs. Auto Shutoff: 1
3.21884% complete. Max time remaining: 25 mins, 18 secs. Auto Shutoff: 1
4.22473% complete. Max time remaining: 24 mins, 14 secs. Auto Shutoff: 1
5.29768% complete. Max time remaining: 23 mins, 20 secs. Auto Shutoff: 1
6.37063% complete. Max time remaining: 22 mins, 39 secs. Auto Shutoff: 1
7.44358% complete. Max time remaining: 22 mins, 15 secs. Auto Shutoff: 0.99702
8.44946% complete. Max time remaining: 21 mins, 52 secs. Auto Shutoff: 0.997041
9.45535% complete. Max time remaining: 21 mins, 34 secs. Auto Shutoff: 0.997104
10.5283% complete. Max time remaining: 21 mins, 13 secs. Auto Shutoff: 0.995716
11.5342% complete. Max time remaining: 21 mins, 2 secs. Auto Shutoff: 1.04499
12.6071% complete. Max time remaining: 20 mins, 41 secs. Auto Shutoff: 1.0833
13.613% complete. Max time remaining: 20 mins, 23 secs. Auto Shutoff: 1.00556
14.686% complete. Max time remaining: 20 mins, 10 secs. Auto Shutoff: 0.998025
15.7589% complete. Max time remaining: 19 mins, 55 secs. Auto Shutoff: 0.998058
16.8319% complete. Max time remaining: 19 mins, 36 secs. Auto Shutoff: 0.999852
17.9048% complete. Max time remaining: 19 mins, 18 secs. Auto Shutoff: 1.00031
18.9107% complete. Max time remaining: 19 mins, 2 secs. Auto Shutoff: 0.999891
19.9837% complete. Max time remaining: 18 mins, 44 secs. Auto Shutoff: 0.99942
20.9895% complete. Max time remaining: 18 mins, 26 secs. Auto Shutoff: 0.999479
22.0625% complete. Max time remaining: 18 mins, 10 secs. Auto Shutoff: 0.999466
23.1354% complete. Max time remaining: 17 mins, 55 secs. Auto Shutoff: 1.0045
24.2084% complete. Max time remaining: 17 mins, 41 secs. Auto Shutoff: 1.07189
25.2813% complete. Max time remaining: 17 mins, 22 secs. Auto Shutoff: 1.0189
26.2872% complete. Max time remaining: 17 mins, 9 secs. Auto Shutoff: 1.00198
27.3602% complete. Max time remaining: 16 mins, 34 secs. Auto Shutoff: 0.998532
28.4331% complete. Max time remaining: 16 mins, 2 secs. Auto Shutoff: 0.997643
29.5061% complete. Max time remaining: 15 mins, 36 secs. Auto Shutoff: 0.997656
30.579% complete. Max time remaining: 15 mins, 10 secs. Auto Shutoff: 0.997623
31.652% complete. Max time remaining: 14 mins, 44 secs. Auto Shutoff: 0.997564
32.859% complete. Max time remaining: 14 mins, 16 secs. Auto Shutoff: 0.999034
33.932% complete. Max time remaining: 13 mins, 51 secs. Auto Shutoff: 1.00083
35.0049% complete. Max time remaining: 13 mins, 27 secs. Auto Shutoff: 1.01691
36.0779% complete. Max time remaining: 13 mins, 7 secs. Auto Shutoff: 1.04323
37.1508% complete. Max time remaining: 12 mins, 46 secs. Auto Shutoff: 1.03071
38.2238% complete. Max time remaining: 12 mins, 27 secs. Auto Shutoff: 1.01774
39.2967% complete. Max time remaining: 12 mins, 7 secs. Auto Shutoff: 1.01218
40.3697% complete. Max time remaining: 11 mins, 49 secs. Auto Shutoff: 1.02508
41.4426% complete. Max time remaining: 11 mins, 31 secs. Auto Shutoff: 1.01145
42.5156% complete. Max time remaining: 11 mins, 14 secs. Auto Shutoff: 0.998574
43.7226% complete. Max time remaining: 10 mins, 54 secs. Auto Shutoff: 0.975202
44.7956% complete. Max time remaining: 10 mins, 37 secs. Auto Shutoff: 0.891608
45.8685% complete. Max time remaining: 10 mins, 20 secs. Auto Shutoff: 0.67102
46.9415% complete. Max time remaining: 10 mins, 4 secs. Auto Shutoff: 0.464271
48.0144% complete. Max time remaining: 9 mins, 49 secs. Auto Shutoff: 0.160308
49.0874% complete. Max time remaining: 9 mins, 33 secs. Auto Shutoff: 0.0676671
50.1603% complete. Max time remaining: 9 mins, 18 secs. Auto Shutoff: 0.0227644
51.2333% complete. Max time remaining: 9 mins, 2 secs. Auto Shutoff: 0.00642583
52.3062% complete. Max time remaining: 8 mins, 48 secs. Auto Shutoff: 0.000817248
53.5133% complete. Max time remaining: 8 mins, 31 secs. Auto Shutoff: 0.000575602
54.5862% complete. Max time remaining: 8 mins, 17 secs. Auto Shutoff: 0.000516878
55.7933% complete. Max time remaining: 8 mins, 1 secs. Auto Shutoff: 0.000470631
56.8662% complete. Max time remaining: 7 mins, 47 secs. Auto Shutoff: 0.000449896
57.9392% complete. Max time remaining: 7 mins, 34 secs. Auto Shutoff: 0.000433107
59.0121% complete. Max time remaining: 7 mins, 20 secs. Auto Shutoff: 0.000404773
60.0851% complete. Max time remaining: 7 mins, 7 secs. Auto Shutoff: 0.000397179
61.158% complete. Max time remaining: 6 mins, 53 secs. Auto Shutoff: 0.000389671
62.231% complete. Max time remaining: 6 mins, 40 secs. Auto Shutoff: 0.000382035
63.3039% complete. Max time remaining: 6 mins, 27 secs. Auto Shutoff: 0.000364571
64.3769% complete. Max time remaining: 6 mins, 14 secs. Auto Shutoff: 0.000349332
65.5839% complete. Max time remaining: 5 mins, 60 secs. Auto Shutoff: 0.000326833
66.6569% complete. Max time remaining: 5 mins, 47 secs. Auto Shutoff: 0.000284942
67.7298% complete. Max time remaining: 5 mins, 35 secs. Auto Shutoff: 0.000258249
68.8028% complete. Max time remaining: 5 mins, 23 secs. Auto Shutoff: 0.000228199
69.8757% complete. Max time remaining: 5 mins, 11 secs. Auto Shutoff: 0.000216254
70.9487% complete. Max time remaining: 4 mins, 59 secs. Auto Shutoff: 0.000200196
72.0216% complete. Max time remaining: 4 mins, 47 secs. Auto Shutoff: 0.000183046
73.0946% complete. Max time remaining: 4 mins, 35 secs. Auto Shutoff: 0.000168227
74.1675% complete. Max time remaining: 4 mins, 23 secs. Auto Shutoff: 0.000140839
75.2405% complete. Max time remaining: 4 mins, 12 secs. Auto Shutoff: 0.000123328
76.3134% complete. Max time remaining: 4 mins, 0 secs. Auto Shutoff: 0.000106246
77.3864% complete. Max time remaining: 3 mins, 49 secs. Auto Shutoff: 9.09223e-05
78.4593% complete. Max time remaining: 3 mins, 38 secs. Auto Shutoff: 6.46026e-05
79.5323% complete. Max time remaining: 3 mins, 26 secs. Auto Shutoff: 5.6649e-05
80.6052% complete. Max time remaining: 3 mins, 15 secs. Auto Shutoff: 5.08334e-05
81.6782% complete. Max time remaining: 3 mins, 4 secs. Auto Shutoff: 4.47311e-05
82.7511% complete. Max time remaining: 2 mins, 53 secs. Auto Shutoff: 3.38966e-05
83.824% complete. Max time remaining: 2 mins, 42 secs. Auto Shutoff: 2.86567e-05
85.0311% complete. Max time remaining: 2 mins, 29 secs. Auto Shutoff: 2.51557e-05
86.1041% complete. Max time remaining: 2 mins, 18 secs. Auto Shutoff: 1.52044e-05
100% complete. Max time remaining: 0 mins, 0 secs. Auto Shutoff: 9.20993e-06
Early termination of simulation, the autoshutoff criteria are satisfied.
Completed 10357 iterations, or 8.681657e-13s of Simulation Time
Process 0 starting to collect data
    collecting monitor data
    collecting source data
Using frequency dependent profile
Frequency range of source is less than 1e-3 of center frequency and will be increased to 1e-3 of center frequency.
Finished collecting data
left is a duplicate key.
bottom is a duplicate key.
z1 is a duplicate key.
z2 is a duplicate key.
Nx is a duplicate key.
Ny is a duplicate key.
Nz is a duplicate key.
left is a duplicate key.
bottom is a duplicate key.
z1 is a duplicate key.
z2 is a duplicate key.
Nx is a duplicate key.
Ny is a duplicate key.
Nz is a duplicate key.
left is a duplicate key.
bottom is a duplicate key.
z1 is a duplicate key.
z2 is a duplicate key.
Nx is a duplicate key.
Ny is a duplicate key.
Nz is a duplicate key.
left is a duplicate key.
bottom is a duplicate key.
z1 is a duplicate key.
z2 is a duplicate key.
Nx is a duplicate key.
Ny is a duplicate key.
Nz is a duplicate key.
Simulation completed successfully at: Mon Aug 1 18:39:24 2022
Overall wall time measurements in seconds: 882.272
    time to mesh and initialize: 12.2719
    time to run FDTD simulation: 867.16
    time to checkpoint simulation: 1e-06
    time to finalize data and save to files: 0.422314
    miscellaneous time: 2.41797
    FDTD solver speed on process 0: 6.9311 Mnodes/s
    total FDTD solver speed on 8 processes: 55.4488 Mnodes/s
