Ansys Lumerical 2020 R2 FDTD Solver Version 8.24.2387 (Windows 64bit)
 expires (month/day/year): 12/31/2035
using config file: Ansys Licensing set with ANSYSLMD_LICENSE_FILE
license host: 
current time: Tue Aug  2 21:16:42 2022
Running on host: DESKTOP-08OE850
host available memory (GB): 9.290207
All processes are communicating and ready to proceed to simulation...
Running fsp file: C:\Program Files\Lumerical\v202\bin\fdtd-engine-msmpi.exe -t 1 -remote -hide C:/Users/lucas/Desktop/TEEE Fotonica/Anelderessonancia/FDTD_sweepgrosso/sweepgrosso_2.fsp
Starting meshing
Simulation size in gridpoints: 1 x 194 x 35
Refined 0 mesh cells (0%)
Completed meshing!
Meshing complete in 0.015625 seconds of CPU time
Starting meshing
Simulation size in gridpoints: 1 x 194 x 35
Refined 0 mesh cells (0%)
Completed meshing!
Meshing complete in 0 seconds of CPU time
Starting meshing
Simulation size in gridpoints: 1 x 194 x 35
Refined 0 mesh cells (0%)
Completed meshing!
Meshing complete in 0.015625 seconds of CPU time
Starting meshing
Simulation size in gridpoints: 1 x 194 x 35
Refined 0 mesh cells (0%)
Completed meshing!
Meshing complete in 0 seconds of CPU time
Starting meshing
Simulation size in gridpoints: 1 x 194 x 35
Refined 0 mesh cells (0%)
Completed meshing!
Meshing complete in 0.015625 seconds of CPU time
Starting meshing
Simulation size in gridpoints: 1 x 194 x 35
Refined 0 mesh cells (0%)
Completed meshing!
Meshing complete in 0 seconds of CPU time
left is a duplicate key.
bottom is a duplicate key.
z1 is a duplicate key.
z2 is a duplicate key.
Nx is a duplicate key.
Ny is a duplicate key.
Nz is a duplicate key.
Starting meshing
Simulation size in gridpoints: 1 x 194 x 35
Refined 0 mesh cells (0%)
Completed meshing!
Meshing complete in 0.015625 seconds of CPU time
Starting meshing
Simulation size in gridpoints: 1 x 194 x 35
Refined 0 mesh cells (0%)
Completed meshing!
Meshing complete in 0 seconds of CPU time
Starting meshing
Simulation size in gridpoints: 1 x 194 x 35
Refined 0 mesh cells (0%)
Completed meshing!
Meshing complete in 0.015625 seconds of CPU time
left is a duplicate key.
bottom is a duplicate key.
z1 is a duplicate key.
z2 is a duplicate key.
Nx is a duplicate key.
Ny is a duplicate key.
Nz is a duplicate key.
Starting meshing
Simulation size in gridpoints: 200 x 1 x 35
Refined 0 mesh cells (0%)
Completed meshing!
Meshing complete in 0.015625 seconds of CPU time
Starting meshing
Simulation size in gridpoints: 200 x 1 x 35
Refined 0 mesh cells (0%)
Completed meshing!
Meshing complete in 0.03125 seconds of CPU time
Starting meshing
Simulation size in gridpoints: 200 x 1 x 35
Refined 0 mesh cells (0%)
Completed meshing!
Meshing complete in 0.03125 seconds of CPU time
left is a duplicate key.
bottom is a duplicate key.
z1 is a duplicate key.
z2 is a duplicate key.
Nx is a duplicate key.
Ny is a duplicate key.
Nz is a duplicate key.
Starting meshing
Simulation size in gridpoints: 200 x 1 x 35
Refined 0 mesh cells (0%)
Completed meshing!
Meshing complete in 0.015625 seconds of CPU time
Starting meshing
Simulation size in gridpoints: 200 x 1 x 35
Refined 0 mesh cells (0%)
Completed meshing!
Meshing complete in 0.03125 seconds of CPU time
Starting meshing
Simulation size in gridpoints: 200 x 1 x 35
Refined 0 mesh cells (0%)
Completed meshing!
Meshing complete in 0.015625 seconds of CPU time
left is a duplicate key.
bottom is a duplicate key.
z1 is a duplicate key.
z2 is a duplicate key.
Nx is a duplicate key.
Ny is a duplicate key.
Nz is a duplicate key.
number of processors is 16
processors are distributed as: 8x2x1
Running 3D Simulation
Starting meshing
Simulation size in gridpoints: 188 x 206 x 49
Refined 0 mesh cells (0%)
Completed meshing!
Meshing complete in 1.84375 seconds of CPU time
0 0
Starting meshing
Simulation size in gridpoints: 188 x 206 x 49
Refined 0 mesh cells (0%)
Completed meshing!
Meshing complete in 1.89062 seconds of CPU time
0 0
Starting meshing
Simulation size in gridpoints: 188 x 206 x 49
Refined 0 mesh cells (0%)
Completed meshing!
Meshing complete in 1.76562 seconds of CPU time
0 0
finished material properties
Meshing Time: 4.08844 seconds, Init Electrical Material Time: 0.263674 seconds, Init Magnetic Material Time: 0.007878
Using selected optimization level: 2
Selecting 3d kernel for splitFieldDirection=0 and optLevel=2
-----------------------------------------
Beginning initialization of 3D Simulation
Starting to add sources to simulation
Adding 3D Mode source propagating in X
Using frequency dependent profile
Frequency range of source is less than 1e-3 of center frequency and will be increased to 1e-3 of center frequency.
Starting to add boundary conditions to simulation
Adding 3D PML BC
Adding 3D Parallel BC
Adding 3D PML BC
Adding 3D Parallel BC
Adding 3D PML BC
Adding 3D PML BC
Starting to add monitors to Simulation
Adding analysis monitor
Adding 3D DFT monitor
Adding 3D DFT monitor
Adding 3D DFT monitor
Adding 3D DFT monitor
Finished initialization of 3D Simulation
-----------------------------------------
All processes are communicating and ready to proceed to simulation...
Starting 37147 total iterations
0.0646079% complete. Max time remaining: 1 hr, 33 mins, 37 secs. Auto Shutoff: 1
1.0768% complete. Max time remaining: 1 hr, 32 mins, 33 secs. Auto Shutoff: 1
2.08899% complete. Max time remaining: 1 hr, 31 mins, 41 secs. Auto Shutoff: 1
3.10118% complete. Max time remaining: 1 hr, 30 mins, 45 secs. Auto Shutoff: 1
4.11337% complete. Max time remaining: 1 hr, 29 mins, 54 secs. Auto Shutoff: 1
5.12556% complete. Max time remaining: 1 hr, 28 mins, 51 secs. Auto Shutoff: 1
6.13775% complete. Max time remaining: 1 hr, 27 mins, 50 secs. Auto Shutoff: 1
7.14994% complete. Max time remaining: 1 hr, 26 mins, 46 secs. Auto Shutoff: 0.970231
8.16213% complete. Max time remaining: 1 hr, 25 mins, 48 secs. Auto Shutoff: 0.969465
9.17432% complete. Max time remaining: 1 hr, 24 mins, 50 secs. Auto Shutoff: 0.969546
10.1865% complete. Max time remaining: 1 hr, 23 mins, 57 secs. Auto Shutoff: 0.96985
11.1987% complete. Max time remaining: 1 hr, 23 mins, 3 secs. Auto Shutoff: 1.01173
12.2109% complete. Max time remaining: 1 hr, 22 mins, 6 secs. Auto Shutoff: 0.976002
13.2231% complete. Max time remaining: 1 hr, 21 mins, 10 secs. Auto Shutoff: 0.969887
14.2353% complete. Max time remaining: 1 hr, 20 mins, 13 secs. Auto Shutoff: 0.969866
15.2475% complete. Max time remaining: 1 hr, 19 mins, 17 secs. Auto Shutoff: 0.970637
16.2597% complete. Max time remaining: 1 hr, 18 mins, 20 secs. Auto Shutoff: 1.00726
17.2718% complete. Max time remaining: 1 hr, 17 mins, 22 secs. Auto Shutoff: 1.00256
18.284% complete. Max time remaining: 1 hr, 16 mins, 26 secs. Auto Shutoff: 0.972719
19.2962% complete. Max time remaining: 1 hr, 15 mins, 28 secs. Auto Shutoff: 0.970305
20.3084% complete. Max time remaining: 1 hr, 14 mins, 31 secs. Auto Shutoff: 0.970911
21.3206% complete. Max time remaining: 1 hr, 13 mins, 37 secs. Auto Shutoff: 0.972836
22.3328% complete. Max time remaining: 1 hr, 12 mins, 45 secs. Auto Shutoff: 1.00124
23.345% complete. Max time remaining: 1 hr, 11 mins, 50 secs. Auto Shutoff: 0.975848
24.3572% complete. Max time remaining: 1 hr, 10 mins, 52 secs. Auto Shutoff: 0.972009
25.3694% complete. Max time remaining: 1 hr, 9 mins, 56 secs. Auto Shutoff: 0.971119
26.3816% complete. Max time remaining: 1 hr, 9 mins, 7 secs. Auto Shutoff: 0.972907
27.3938% complete. Max time remaining: 1 hr, 8 mins, 21 secs. Auto Shutoff: 0.992833
28.4059% complete. Max time remaining: 1 hr, 7 mins, 24 secs. Auto Shutoff: 0.97773
29.4181% complete. Max time remaining: 1 hr, 6 mins, 27 secs. Auto Shutoff: 0.973345
30.4303% complete. Max time remaining: 1 hr, 5 mins, 28 secs. Auto Shutoff: 0.972586
31.4425% complete. Max time remaining: 1 hr, 4 mins, 31 secs. Auto Shutoff: 0.975157
32.4547% complete. Max time remaining: 1 hr, 3 mins, 32 secs. Auto Shutoff: 0.98098
33.4669% complete. Max time remaining: 1 hr, 2 mins, 33 secs. Auto Shutoff: 0.983849
34.4791% complete. Max time remaining: 1 hr, 1 min, 35 secs. Auto Shutoff: 0.975004
35.4913% complete. Max time remaining: 1 hr, 37 secs. Auto Shutoff: 0.976932
36.5035% complete. Max time remaining: 59 mins, 38 secs. Auto Shutoff: 0.97851
37.5157% complete. Max time remaining: 58 mins, 36 secs. Auto Shutoff: 0.976237
38.5278% complete. Max time remaining: 57 mins, 36 secs. Auto Shutoff: 0.978371
39.54% complete. Max time remaining: 56 mins, 36 secs. Auto Shutoff: 0.969085
40.5522% complete. Max time remaining: 55 mins, 36 secs. Auto Shutoff: 0.962526
41.5644% complete. Max time remaining: 54 mins, 35 secs. Auto Shutoff: 0.939716
42.5766% complete. Max time remaining: 53 mins, 36 secs. Auto Shutoff: 0.75056
43.5888% complete. Max time remaining: 52 mins, 37 secs. Auto Shutoff: 0.51047
44.601% complete. Max time remaining: 51 mins, 38 secs. Auto Shutoff: 0.165338
45.6132% complete. Max time remaining: 50 mins, 39 secs. Auto Shutoff: 0.0694334
46.6254% complete. Max time remaining: 49 mins, 40 secs. Auto Shutoff: 0.0422267
47.6376% complete. Max time remaining: 48 mins, 41 secs. Auto Shutoff: 0.0140139
48.6497% complete. Max time remaining: 47 mins, 42 secs. Auto Shutoff: 0.00330343
49.6619% complete. Max time remaining: 46 mins, 44 secs. Auto Shutoff: 0.000591855
50.6741% complete. Max time remaining: 45 mins, 45 secs. Auto Shutoff: 0.000198093
51.6863% complete. Max time remaining: 44 mins, 46 secs. Auto Shutoff: 9.33911e-05
52.6985% complete. Max time remaining: 43 mins, 48 secs. Auto Shutoff: 7.62303e-05
53.7107% complete. Max time remaining: 42 mins, 50 secs. Auto Shutoff: 7.23968e-05
54.7229% complete. Max time remaining: 41 mins, 52 secs. Auto Shutoff: 6.84203e-05
55.7351% complete. Max time remaining: 40 mins, 54 secs. Auto Shutoff: 6.49051e-05
56.7473% complete. Max time remaining: 39 mins, 56 secs. Auto Shutoff: 6.19001e-05
57.7595% complete. Max time remaining: 38 mins, 59 secs. Auto Shutoff: 5.95751e-05
58.7717% complete. Max time remaining: 38 mins, 3 secs. Auto Shutoff: 5.6568e-05
59.7838% complete. Max time remaining: 37 mins, 7 secs. Auto Shutoff: 5.36441e-05
60.796% complete. Max time remaining: 36 mins, 10 secs. Auto Shutoff: 5.14261e-05
61.8082% complete. Max time remaining: 35 mins, 13 secs. Auto Shutoff: 5.04662e-05
62.8204% complete. Max time remaining: 34 mins, 16 secs. Auto Shutoff: 4.95357e-05
63.8326% complete. Max time remaining: 33 mins, 22 secs. Auto Shutoff: 4.90954e-05
64.8448% complete. Max time remaining: 32 mins, 28 secs. Auto Shutoff: 4.79931e-05
65.857% complete. Max time remaining: 31 mins, 32 secs. Auto Shutoff: 4.63014e-05
66.8692% complete. Max time remaining: 30 mins, 36 secs. Auto Shutoff: 4.53359e-05
67.8814% complete. Max time remaining: 29 mins, 40 secs. Auto Shutoff: 4.43436e-05
68.8936% complete. Max time remaining: 28 mins, 44 secs. Auto Shutoff: 4.37069e-05
69.9057% complete. Max time remaining: 27 mins, 47 secs. Auto Shutoff: 4.08417e-05
70.9179% complete. Max time remaining: 26 mins, 52 secs. Auto Shutoff: 3.65648e-05
71.9301% complete. Max time remaining: 25 mins, 56 secs. Auto Shutoff: 3.34712e-05
72.9423% complete. Max time remaining: 24 mins, 59 secs. Auto Shutoff: 3.00879e-05
73.9545% complete. Max time remaining: 24 mins, 4 secs. Auto Shutoff: 2.14661e-05
74.9667% complete. Max time remaining: 23 mins, 8 secs. Auto Shutoff: 1.21502e-05
100% complete. Max time remaining: 0 mins, 0 secs. Auto Shutoff: 9.20716e-06
Early termination of simulation, the autoshutoff criteria are satisfied.
Completed 28033 iterations, or 7.546472e-13s of Simulation Time
Process 0 starting to collect data
    collecting monitor data
    collecting source data
Using frequency dependent profile
Frequency range of source is less than 1e-3 of center frequency and will be increased to 1e-3 of center frequency.
Finished collecting data
left is a duplicate key.
bottom is a duplicate key.
z1 is a duplicate key.
z2 is a duplicate key.
Nx is a duplicate key.
Ny is a duplicate key.
Nz is a duplicate key.
left is a duplicate key.
bottom is a duplicate key.
z1 is a duplicate key.
z2 is a duplicate key.
Nx is a duplicate key.
Ny is a duplicate key.
Nz is a duplicate key.
left is a duplicate key.
bottom is a duplicate key.
z1 is a duplicate key.
z2 is a duplicate key.
Nx is a duplicate key.
Ny is a duplicate key.
Nz is a duplicate key.
left is a duplicate key.
bottom is a duplicate key.
z1 is a duplicate key.
z2 is a duplicate key.
Nx is a duplicate key.
Ny is a duplicate key.
Nz is a duplicate key.
Simulation completed successfully at: Tue Aug  2 22:27:54 2022
Overall wall time measurements in seconds: 4273.3
    time to mesh and initialize: 85.4331
    time to run FDTD simulation: 4184.18
    time to checkpoint simulation: 5e-07
    time to finalize data and save to files: 0.205445
    miscellaneous time: 3.48258
    FDTD solver speed on process 0: 12.7139 Mnodes/s
    total FDTD solver speed on 16 processes: 203.423 Mnodes/s
