Ansys Lumerical 2020 R2 FDTD Solver Version 8.24.2387 (Windows 64bit)
 expires (month/day/year): 12/31/2035
using config file: Ansys Licensing set with ANSYSLMD_LICENSE_FILE
license host: 
current time: Wed Aug  3 12:37:44 2022
Running on host: DESKTOP-08OE850
host available memory (GB): 8.954565
All processes are communicating and ready to proceed to simulation...
Running fsp file: C:\Program Files\Lumerical\v202\bin\fdtd-engine-msmpi.exe -t 1 -remote -hide C:/Users/lucas/Desktop/TEEE Fotonica/Anelderessonancia/FDTD_sweepgrosso/sweepgrosso_6.fsp
Starting meshing
Simulation size in gridpoints: 1 x 194 x 35
Refined 0 mesh cells (0%)
Completed meshing!
Meshing complete in 0 seconds of CPU time
Starting meshing
Simulation size in gridpoints: 1 x 194 x 35
Refined 0 mesh cells (0%)
Completed meshing!
Meshing complete in 0.015625 seconds of CPU time
Starting meshing
Simulation size in gridpoints: 1 x 194 x 35
Refined 0 mesh cells (0%)
Completed meshing!
Meshing complete in 0.015625 seconds of CPU time
Starting meshing
Simulation size in gridpoints: 1 x 194 x 35
Refined 0 mesh cells (0%)
Completed meshing!
Meshing complete in 0.015625 seconds of CPU time
Starting meshing
Simulation size in gridpoints: 1 x 194 x 35
Refined 0 mesh cells (0%)
Completed meshing!
Meshing complete in 0 seconds of CPU time
Starting meshing
Simulation size in gridpoints: 1 x 194 x 35
Refined 0 mesh cells (0%)
Completed meshing!
Meshing complete in 0.015625 seconds of CPU time
left is a duplicate key.
bottom is a duplicate key.
z1 is a duplicate key.
z2 is a duplicate key.
Nx is a duplicate key.
Ny is a duplicate key.
Nz is a duplicate key.
Starting meshing
Simulation size in gridpoints: 1 x 194 x 35
Refined 0 mesh cells (0%)
Completed meshing!
Meshing complete in 0 seconds of CPU time
Starting meshing
Simulation size in gridpoints: 1 x 194 x 35
Refined 0 mesh cells (0%)
Completed meshing!
Meshing complete in 0.015625 seconds of CPU time
Starting meshing
Simulation size in gridpoints: 1 x 194 x 35
Refined 0 mesh cells (0%)
Completed meshing!
Meshing complete in 0 seconds of CPU time
left is a duplicate key.
bottom is a duplicate key.
z1 is a duplicate key.
z2 is a duplicate key.
Nx is a duplicate key.
Ny is a duplicate key.
Nz is a duplicate key.
Starting meshing
Simulation size in gridpoints: 200 x 1 x 35
Refined 0 mesh cells (0%)
Completed meshing!
Meshing complete in 0.015625 seconds of CPU time
Starting meshing
Simulation size in gridpoints: 200 x 1 x 35
Refined 0 mesh cells (0%)
Completed meshing!
Meshing complete in 0.046875 seconds of CPU time
Starting meshing
Simulation size in gridpoints: 200 x 1 x 35
Refined 0 mesh cells (0%)
Completed meshing!
Meshing complete in 0.015625 seconds of CPU time
left is a duplicate key.
bottom is a duplicate key.
z1 is a duplicate key.
z2 is a duplicate key.
Nx is a duplicate key.
Ny is a duplicate key.
Nz is a duplicate key.
Starting meshing
Simulation size in gridpoints: 200 x 1 x 35
Refined 0 mesh cells (0%)
Completed meshing!
Meshing complete in 0.015625 seconds of CPU time
Starting meshing
Simulation size in gridpoints: 200 x 1 x 35
Refined 0 mesh cells (0%)
Completed meshing!
Meshing complete in 0.03125 seconds of CPU time
Starting meshing
Simulation size in gridpoints: 200 x 1 x 35
Refined 0 mesh cells (0%)
Completed meshing!
Meshing complete in 0.015625 seconds of CPU time
left is a duplicate key.
bottom is a duplicate key.
z1 is a duplicate key.
z2 is a duplicate key.
Nx is a duplicate key.
Ny is a duplicate key.
Nz is a duplicate key.
number of processors is 16
processors are distributed as: 8x2x1
Running 3D Simulation
Starting meshing
Simulation size in gridpoints: 188 x 206 x 49
Refined 0 mesh cells (0%)
Completed meshing!
Meshing complete in 20.1406 seconds of CPU time
0 0
Starting meshing
Simulation size in gridpoints: 188 x 206 x 49
Refined 0 mesh cells (0%)
Completed meshing!
Meshing complete in 15.6562 seconds of CPU time
0 0
Starting meshing
Simulation size in gridpoints: 188 x 206 x 49
Refined 0 mesh cells (0%)
Completed meshing!
Meshing complete in 17.125 seconds of CPU time
0 0
finished material properties
Meshing Time: 37.664 seconds, Init Electrical Material Time: 0.257522 seconds, Init Magnetic Material Time: 0.0069204
Using selected optimization level: 2
Selecting 3d kernel for splitFieldDirection=0 and optLevel=2
-----------------------------------------
Beginning initialization of 3D Simulation
Starting to add sources to simulation
Adding 3D Mode source propagating in X
Using frequency dependent profile
Frequency range of source is less than 1e-3 of center frequency and will be increased to 1e-3 of center frequency.
Starting to add boundary conditions to simulation
Adding 3D PML BC
Adding 3D Parallel BC
Adding 3D PML BC
Adding 3D Parallel BC
Adding 3D PML BC
Adding 3D PML BC
Starting to add monitors to Simulation
Adding analysis monitor
Adding 3D DFT monitor
Adding 3D DFT monitor
Adding 3D DFT monitor
Adding 3D DFT monitor
Finished initialization of 3D Simulation
-----------------------------------------
All processes are communicating and ready to proceed to simulation...
Starting 37147 total iterations
0.0646079% complete. Max time remaining: 1 hr, 30 mins, 34 secs. Auto Shutoff: 1
1.0768% complete. Max time remaining: 1 hr, 29 mins, 29 secs. Auto Shutoff: 1
2.08899% complete. Max time remaining: 1 hr, 28 mins, 10 secs. Auto Shutoff: 1
3.10118% complete. Max time remaining: 1 hr, 26 mins, 58 secs. Auto Shutoff: 1
4.11337% complete. Max time remaining: 1 hr, 25 mins, 59 secs. Auto Shutoff: 1
5.12556% complete. Max time remaining: 1 hr, 25 mins, 5 secs. Auto Shutoff: 1
6.13775% complete. Max time remaining: 1 hr, 24 mins, 16 secs. Auto Shutoff: 1
7.14994% complete. Max time remaining: 1 hr, 23 mins, 26 secs. Auto Shutoff: 0.970228
8.16213% complete. Max time remaining: 1 hr, 22 mins, 34 secs. Auto Shutoff: 0.969457
9.17432% complete. Max time remaining: 1 hr, 21 mins, 43 secs. Auto Shutoff: 0.969584
10.1865% complete. Max time remaining: 1 hr, 20 mins, 47 secs. Auto Shutoff: 0.969856
11.1987% complete. Max time remaining: 1 hr, 19 mins, 54 secs. Auto Shutoff: 1.02329
12.2109% complete. Max time remaining: 1 hr, 19 mins, 2 secs. Auto Shutoff: 0.975884
13.2231% complete. Max time remaining: 1 hr, 18 mins, 9 secs. Auto Shutoff: 0.969813
14.2353% complete. Max time remaining: 1 hr, 17 mins, 15 secs. Auto Shutoff: 0.96981
15.2475% complete. Max time remaining: 1 hr, 16 mins, 21 secs. Auto Shutoff: 0.970401
16.2597% complete. Max time remaining: 1 hr, 15 mins, 27 secs. Auto Shutoff: 1.0069
17.2718% complete. Max time remaining: 1 hr, 14 mins, 33 secs. Auto Shutoff: 0.995984
18.284% complete. Max time remaining: 1 hr, 13 mins, 38 secs. Auto Shutoff: 0.972832
19.2962% complete. Max time remaining: 1 hr, 12 mins, 44 secs. Auto Shutoff: 0.970478
20.3084% complete. Max time remaining: 1 hr, 11 mins, 49 secs. Auto Shutoff: 0.97079
21.3206% complete. Max time remaining: 1 hr, 10 mins, 55 secs. Auto Shutoff: 0.97372
22.3328% complete. Max time remaining: 1 hr, 10 mins, 0 secs. Auto Shutoff: 0.993335
23.345% complete. Max time remaining: 1 hr, 9 mins, 6 secs. Auto Shutoff: 0.97476
24.3572% complete. Max time remaining: 1 hr, 8 mins, 12 secs. Auto Shutoff: 0.972422
25.3694% complete. Max time remaining: 1 hr, 7 mins, 17 secs. Auto Shutoff: 0.971459
26.3816% complete. Max time remaining: 1 hr, 6 mins, 22 secs. Auto Shutoff: 0.973718
27.3938% complete. Max time remaining: 1 hr, 5 mins, 28 secs. Auto Shutoff: 0.987427
28.4059% complete. Max time remaining: 1 hr, 4 mins, 33 secs. Auto Shutoff: 0.976091
29.4181% complete. Max time remaining: 1 hr, 3 mins, 38 secs. Auto Shutoff: 0.973276
30.4303% complete. Max time remaining: 1 hr, 2 mins, 43 secs. Auto Shutoff: 0.973266
31.4425% complete. Max time remaining: 1 hr, 1 min, 49 secs. Auto Shutoff: 0.974586
32.4547% complete. Max time remaining: 1 hr, 54 secs. Auto Shutoff: 0.978637
33.4669% complete. Max time remaining: 59 mins, 59 secs. Auto Shutoff: 0.977444
34.4791% complete. Max time remaining: 59 mins, 5 secs. Auto Shutoff: 0.97626
35.4913% complete. Max time remaining: 58 mins, 10 secs. Auto Shutoff: 0.977072
36.5035% complete. Max time remaining: 57 mins, 15 secs. Auto Shutoff: 0.975168
37.5157% complete. Max time remaining: 56 mins, 21 secs. Auto Shutoff: 0.975426
38.5278% complete. Max time remaining: 55 mins, 26 secs. Auto Shutoff: 0.99531
39.54% complete. Max time remaining: 54 mins, 31 secs. Auto Shutoff: 0.996317
40.5522% complete. Max time remaining: 53 mins, 36 secs. Auto Shutoff: 0.977598
41.5644% complete. Max time remaining: 52 mins, 42 secs. Auto Shutoff: 0.95877
42.5766% complete. Max time remaining: 51 mins, 47 secs. Auto Shutoff: 0.883655
43.5888% complete. Max time remaining: 50 mins, 52 secs. Auto Shutoff: 0.729158
44.601% complete. Max time remaining: 49 mins, 58 secs. Auto Shutoff: 0.557751
45.6132% complete. Max time remaining: 49 mins, 3 secs. Auto Shutoff: 0.354003
46.6254% complete. Max time remaining: 48 mins, 8 secs. Auto Shutoff: 0.209681
47.6376% complete. Max time remaining: 47 mins, 14 secs. Auto Shutoff: 0.0999787
48.6497% complete. Max time remaining: 46 mins, 19 secs. Auto Shutoff: 0.036668
49.6619% complete. Max time remaining: 45 mins, 25 secs. Auto Shutoff: 0.0101993
50.6741% complete. Max time remaining: 44 mins, 30 secs. Auto Shutoff: 0.0032158
51.6863% complete. Max time remaining: 43 mins, 36 secs. Auto Shutoff: 0.000608308
52.6985% complete. Max time remaining: 42 mins, 41 secs. Auto Shutoff: 0.000185024
53.7107% complete. Max time remaining: 41 mins, 46 secs. Auto Shutoff: 0.000123279
54.7229% complete. Max time remaining: 40 mins, 52 secs. Auto Shutoff: 0.000106748
55.7351% complete. Max time remaining: 39 mins, 57 secs. Auto Shutoff: 0.00010118
56.7473% complete. Max time remaining: 39 mins, 2 secs. Auto Shutoff: 9.70365e-05
57.7595% complete. Max time remaining: 38 mins, 7 secs. Auto Shutoff: 9.43548e-05
58.7717% complete. Max time remaining: 37 mins, 12 secs. Auto Shutoff: 9.08652e-05
59.7838% complete. Max time remaining: 36 mins, 18 secs. Auto Shutoff: 8.8163e-05
60.796% complete. Max time remaining: 35 mins, 23 secs. Auto Shutoff: 8.62436e-05
61.8082% complete. Max time remaining: 34 mins, 28 secs. Auto Shutoff: 8.46619e-05
62.8204% complete. Max time remaining: 33 mins, 33 secs. Auto Shutoff: 8.16894e-05
63.8326% complete. Max time remaining: 32 mins, 39 secs. Auto Shutoff: 7.88921e-05
64.8448% complete. Max time remaining: 31 mins, 44 secs. Auto Shutoff: 7.7519e-05
65.857% complete. Max time remaining: 30 mins, 49 secs. Auto Shutoff: 7.60538e-05
66.8692% complete. Max time remaining: 29 mins, 54 secs. Auto Shutoff: 7.50322e-05
67.8814% complete. Max time remaining: 28 mins, 59 secs. Auto Shutoff: 7.40018e-05
68.8936% complete. Max time remaining: 28 mins, 5 secs. Auto Shutoff: 7.30686e-05
69.9057% complete. Max time remaining: 27 mins, 11 secs. Auto Shutoff: 7.23998e-05
70.9179% complete. Max time remaining: 26 mins, 16 secs. Auto Shutoff: 7.22397e-05
71.9301% complete. Max time remaining: 25 mins, 21 secs. Auto Shutoff: 7.22004e-05
72.9423% complete. Max time remaining: 24 mins, 26 secs. Auto Shutoff: 7.20157e-05
73.9545% complete. Max time remaining: 23 mins, 31 secs. Auto Shutoff: 7.15524e-05
74.9667% complete. Max time remaining: 22 mins, 37 secs. Auto Shutoff: 7.08452e-05
75.9789% complete. Max time remaining: 21 mins, 42 secs. Auto Shutoff: 6.98423e-05
76.9911% complete. Max time remaining: 20 mins, 47 secs. Auto Shutoff: 6.4401e-05
78.0033% complete. Max time remaining: 19 mins, 52 secs. Auto Shutoff: 5.12551e-05
79.0155% complete. Max time remaining: 18 mins, 57 secs. Auto Shutoff: 3.46322e-05
80.0277% complete. Max time remaining: 18 mins, 3 secs. Auto Shutoff: 2.40707e-05
81.0398% complete. Max time remaining: 17 mins, 8 secs. Auto Shutoff: 1.5046e-05
82.052% complete. Max time remaining: 16 mins, 13 secs. Auto Shutoff: 1.05284e-05
100% complete. Max time remaining: 0 mins, 0 secs. Auto Shutoff: 9.86077e-06
Early termination of simulation, the autoshutoff criteria are satisfied.
Completed 30558 iterations, or 8.226201e-13s of Simulation Time
Process 0 starting to collect data
    collecting monitor data
    collecting source data
Using frequency dependent profile
Frequency range of source is less than 1e-3 of center frequency and will be increased to 1e-3 of center frequency.
Finished collecting data
left is a duplicate key.
bottom is a duplicate key.
z1 is a duplicate key.
z2 is a duplicate key.
Nx is a duplicate key.
Ny is a duplicate key.
Nz is a duplicate key.
left is a duplicate key.
bottom is a duplicate key.
z1 is a duplicate key.
z2 is a duplicate key.
Nx is a duplicate key.
Ny is a duplicate key.
Nz is a duplicate key.
left is a duplicate key.
bottom is a duplicate key.
z1 is a duplicate key.
z2 is a duplicate key.
Nx is a duplicate key.
Ny is a duplicate key.
Nz is a duplicate key.
left is a duplicate key.
bottom is a duplicate key.
z1 is a duplicate key.
z2 is a duplicate key.
Nx is a duplicate key.
Ny is a duplicate key.
Nz is a duplicate key.
Simulation completed successfully at: Wed Aug  3 13:53:28 2022
Overall wall time measurements in seconds: 4545.74
    time to mesh and initialize: 81.8308
    time to run FDTD simulation: 4460
    time to checkpoint simulation: 3e-07
    time to finalize data and save to files: 0.208208
    miscellaneous time: 3.69818
    FDTD solver speed on process 0: 13.002 Mnodes/s
    total FDTD solver speed on 16 processes: 208.032 Mnodes/s
