Ansys Lumerical 2020 R2 FDTD Solver Version 8.24.2387 (Windows 64bit)
 expires (month/day/year): 12/31/2035
using config file: Ansys Licensing set with ANSYSLMD_LICENSE_FILE
license host: 
current time: Tue Aug  2 23:39:07 2022
Running on host: DESKTOP-08OE850
host available memory (GB): 9.543770
All processes are communicating and ready to proceed to simulation...
Running fsp file: C:\Program Files\Lumerical\v202\bin\fdtd-engine-msmpi.exe -t 1 -remote -hide C:/Users/lucas/Desktop/TEEE Fotonica/Anelderessonancia/FDTD_sweepgrosso/sweepgrosso_4.fsp
Starting meshing
Simulation size in gridpoints: 1 x 194 x 35
Refined 0 mesh cells (0%)
Completed meshing!
Meshing complete in 0 seconds of CPU time
Starting meshing
Simulation size in gridpoints: 1 x 194 x 35
Refined 0 mesh cells (0%)
Completed meshing!
Meshing complete in 0.015625 seconds of CPU time
Starting meshing
Simulation size in gridpoints: 1 x 194 x 35
Refined 0 mesh cells (0%)
Completed meshing!
Meshing complete in 0 seconds of CPU time
Starting meshing
Simulation size in gridpoints: 1 x 194 x 35
Refined 0 mesh cells (0%)
Completed meshing!
Meshing complete in 0.015625 seconds of CPU time
Starting meshing
Simulation size in gridpoints: 1 x 194 x 35
Refined 0 mesh cells (0%)
Completed meshing!
Meshing complete in 0 seconds of CPU time
Starting meshing
Simulation size in gridpoints: 1 x 194 x 35
Refined 0 mesh cells (0%)
Completed meshing!
Meshing complete in 0.015625 seconds of CPU time
left is a duplicate key.
bottom is a duplicate key.
z1 is a duplicate key.
z2 is a duplicate key.
Nx is a duplicate key.
Ny is a duplicate key.
Nz is a duplicate key.
Starting meshing
Simulation size in gridpoints: 1 x 194 x 35
Refined 0 mesh cells (0%)
Completed meshing!
Meshing complete in 0 seconds of CPU time
Starting meshing
Simulation size in gridpoints: 1 x 194 x 35
Refined 0 mesh cells (0%)
Completed meshing!
Meshing complete in 0.015625 seconds of CPU time
Starting meshing
Simulation size in gridpoints: 1 x 194 x 35
Refined 0 mesh cells (0%)
Completed meshing!
Meshing complete in 0 seconds of CPU time
left is a duplicate key.
bottom is a duplicate key.
z1 is a duplicate key.
z2 is a duplicate key.
Nx is a duplicate key.
Ny is a duplicate key.
Nz is a duplicate key.
Starting meshing
Simulation size in gridpoints: 200 x 1 x 35
Refined 0 mesh cells (0%)
Completed meshing!
Meshing complete in 0.03125 seconds of CPU time
Starting meshing
Simulation size in gridpoints: 200 x 1 x 35
Refined 0 mesh cells (0%)
Completed meshing!
Meshing complete in 0.03125 seconds of CPU time
Starting meshing
Simulation size in gridpoints: 200 x 1 x 35
Refined 0 mesh cells (0%)
Completed meshing!
Meshing complete in 0.015625 seconds of CPU time
left is a duplicate key.
bottom is a duplicate key.
z1 is a duplicate key.
z2 is a duplicate key.
Nx is a duplicate key.
Ny is a duplicate key.
Nz is a duplicate key.
Starting meshing
Simulation size in gridpoints: 200 x 1 x 35
Refined 0 mesh cells (0%)
Completed meshing!
Meshing complete in 0.015625 seconds of CPU time
Starting meshing
Simulation size in gridpoints: 200 x 1 x 35
Refined 0 mesh cells (0%)
Completed meshing!
Meshing complete in 0.015625 seconds of CPU time
Starting meshing
Simulation size in gridpoints: 200 x 1 x 35
Refined 0 mesh cells (0%)
Completed meshing!
Meshing complete in 0.03125 seconds of CPU time
left is a duplicate key.
bottom is a duplicate key.
z1 is a duplicate key.
z2 is a duplicate key.
Nx is a duplicate key.
Ny is a duplicate key.
Nz is a duplicate key.
number of processors is 16
processors are distributed as: 8x2x1
Running 3D Simulation
Starting meshing
Simulation size in gridpoints: 188 x 206 x 49
Refined 0 mesh cells (0%)
Completed meshing!
Meshing complete in 6.59375 seconds of CPU time
0 0
Starting meshing
Simulation size in gridpoints: 188 x 206 x 49
Refined 0 mesh cells (0%)
Completed meshing!
Meshing complete in 6.5 seconds of CPU time
0 0
Starting meshing
Simulation size in gridpoints: 188 x 206 x 49
Refined 0 mesh cells (0%)
Completed meshing!
Meshing complete in 7.51562 seconds of CPU time
0 0
finished material properties
Meshing Time: 14.575 seconds, Init Electrical Material Time: 0.26427 seconds, Init Magnetic Material Time: 0.0071947
Using selected optimization level: 2
Selecting 3d kernel for splitFieldDirection=0 and optLevel=2
-----------------------------------------
Beginning initialization of 3D Simulation
Starting to add sources to simulation
Adding 3D Mode source propagating in X
Using frequency dependent profile
Frequency range of source is less than 1e-3 of center frequency and will be increased to 1e-3 of center frequency.
Starting to add boundary conditions to simulation
Adding 3D PML BC
Adding 3D Parallel BC
Adding 3D PML BC
Adding 3D Parallel BC
Adding 3D PML BC
Adding 3D PML BC
Starting to add monitors to Simulation
Adding analysis monitor
Adding 3D DFT monitor
Adding 3D DFT monitor
Adding 3D DFT monitor
Adding 3D DFT monitor
Finished initialization of 3D Simulation
-----------------------------------------
All processes are communicating and ready to proceed to simulation...
Starting 37147 total iterations
0.0646079% complete. Max time remaining: 1 hr, 33 mins, 15 secs. Auto Shutoff: 1
1.0768% complete. Max time remaining: 1 hr, 32 mins, 18 secs. Auto Shutoff: 1
2.08899% complete. Max time remaining: 1 hr, 31 mins, 22 secs. Auto Shutoff: 1
3.10118% complete. Max time remaining: 1 hr, 30 mins, 20 secs. Auto Shutoff: 1
4.11337% complete. Max time remaining: 1 hr, 29 mins, 19 secs. Auto Shutoff: 1
5.12556% complete. Max time remaining: 1 hr, 28 mins, 25 secs. Auto Shutoff: 1
6.13775% complete. Max time remaining: 1 hr, 27 mins, 30 secs. Auto Shutoff: 1
7.14994% complete. Max time remaining: 1 hr, 26 mins, 36 secs. Auto Shutoff: 0.970233
8.16213% complete. Max time remaining: 1 hr, 25 mins, 41 secs. Auto Shutoff: 0.969464
9.17432% complete. Max time remaining: 1 hr, 24 mins, 46 secs. Auto Shutoff: 0.969549
10.1865% complete. Max time remaining: 1 hr, 23 mins, 49 secs. Auto Shutoff: 0.969885
11.1987% complete. Max time remaining: 1 hr, 22 mins, 51 secs. Auto Shutoff: 1.01365
12.2109% complete. Max time remaining: 1 hr, 21 mins, 53 secs. Auto Shutoff: 0.975989
13.2231% complete. Max time remaining: 1 hr, 20 mins, 57 secs. Auto Shutoff: 0.969878
14.2353% complete. Max time remaining: 1 hr, 19 mins, 59 secs. Auto Shutoff: 0.969836
15.2475% complete. Max time remaining: 1 hr, 19 mins, 2 secs. Auto Shutoff: 0.970517
16.2597% complete. Max time remaining: 1 hr, 18 mins, 6 secs. Auto Shutoff: 1.00764
17.2718% complete. Max time remaining: 1 hr, 17 mins, 16 secs. Auto Shutoff: 0.999444
18.284% complete. Max time remaining: 1 hr, 16 mins, 16 secs. Auto Shutoff: 0.972793
19.2962% complete. Max time remaining: 1 hr, 15 mins, 16 secs. Auto Shutoff: 0.970396
20.3084% complete. Max time remaining: 1 hr, 14 mins, 16 secs. Auto Shutoff: 0.970851
21.3206% complete. Max time remaining: 1 hr, 13 mins, 16 secs. Auto Shutoff: 0.973384
22.3328% complete. Max time remaining: 1 hr, 12 mins, 16 secs. Auto Shutoff: 0.997298
23.345% complete. Max time remaining: 1 hr, 11 mins, 18 secs. Auto Shutoff: 0.975303
24.3572% complete. Max time remaining: 1 hr, 10 mins, 19 secs. Auto Shutoff: 0.972259
25.3694% complete. Max time remaining: 1 hr, 9 mins, 20 secs. Auto Shutoff: 0.971291
26.3816% complete. Max time remaining: 1 hr, 8 mins, 22 secs. Auto Shutoff: 0.973263
27.3938% complete. Max time remaining: 1 hr, 7 mins, 24 secs. Auto Shutoff: 0.990105
28.4059% complete. Max time remaining: 1 hr, 6 mins, 25 secs. Auto Shutoff: 0.97686
29.4181% complete. Max time remaining: 1 hr, 5 mins, 22 secs. Auto Shutoff: 0.973368
30.4303% complete. Max time remaining: 1 hr, 4 mins, 21 secs. Auto Shutoff: 0.972917
31.4425% complete. Max time remaining: 1 hr, 3 mins, 21 secs. Auto Shutoff: 0.973985
32.4547% complete. Max time remaining: 1 hr, 2 mins, 20 secs. Auto Shutoff: 0.978553
33.4669% complete. Max time remaining: 1 hr, 1 min, 20 secs. Auto Shutoff: 0.981188
34.4791% complete. Max time remaining: 1 hr, 24 secs. Auto Shutoff: 0.975766
35.4913% complete. Max time remaining: 59 mins, 31 secs. Auto Shutoff: 0.974082
36.5035% complete. Max time remaining: 58 mins, 38 secs. Auto Shutoff: 0.97415
37.5157% complete. Max time remaining: 57 mins, 44 secs. Auto Shutoff: 0.982649
38.5278% complete. Max time remaining: 56 mins, 49 secs. Auto Shutoff: 0.982333
39.54% complete. Max time remaining: 55 mins, 55 secs. Auto Shutoff: 0.974496
40.5522% complete. Max time remaining: 54 mins, 60 secs. Auto Shutoff: 0.977534
41.5644% complete. Max time remaining: 54 mins, 4 secs. Auto Shutoff: 0.973813
42.5766% complete. Max time remaining: 53 mins, 9 secs. Auto Shutoff: 0.888283
43.5888% complete. Max time remaining: 52 mins, 14 secs. Auto Shutoff: 0.706405
44.601% complete. Max time remaining: 51 mins, 19 secs. Auto Shutoff: 0.324639
45.6132% complete. Max time remaining: 50 mins, 24 secs. Auto Shutoff: 0.173735
46.6254% complete. Max time remaining: 49 mins, 28 secs. Auto Shutoff: 0.102365
47.6376% complete. Max time remaining: 48 mins, 33 secs. Auto Shutoff: 0.0344652
48.6497% complete. Max time remaining: 47 mins, 37 secs. Auto Shutoff: 0.00785758
49.6619% complete. Max time remaining: 46 mins, 41 secs. Auto Shutoff: 0.00147119
50.6741% complete. Max time remaining: 45 mins, 45 secs. Auto Shutoff: 0.000414821
51.6863% complete. Max time remaining: 44 mins, 50 secs. Auto Shutoff: 0.000141219
52.6985% complete. Max time remaining: 43 mins, 54 secs. Auto Shutoff: 0.000100812
53.7107% complete. Max time remaining: 42 mins, 58 secs. Auto Shutoff: 9.37356e-05
54.7229% complete. Max time remaining: 42 mins, 2 secs. Auto Shutoff: 8.81563e-05
55.7351% complete. Max time remaining: 41 mins, 6 secs. Auto Shutoff: 8.43594e-05
56.7473% complete. Max time remaining: 40 mins, 10 secs. Auto Shutoff: 8.15229e-05
57.7595% complete. Max time remaining: 39 mins, 14 secs. Auto Shutoff: 7.98534e-05
58.7717% complete. Max time remaining: 38 mins, 18 secs. Auto Shutoff: 7.7592e-05
59.7838% complete. Max time remaining: 37 mins, 22 secs. Auto Shutoff: 7.54594e-05
60.796% complete. Max time remaining: 36 mins, 26 secs. Auto Shutoff: 7.32217e-05
61.8082% complete. Max time remaining: 35 mins, 29 secs. Auto Shutoff: 7.16354e-05
62.8204% complete. Max time remaining: 34 mins, 33 secs. Auto Shutoff: 6.99285e-05
63.8326% complete. Max time remaining: 33 mins, 37 secs. Auto Shutoff: 6.85598e-05
64.8448% complete. Max time remaining: 32 mins, 41 secs. Auto Shutoff: 6.75792e-05
65.857% complete. Max time remaining: 31 mins, 45 secs. Auto Shutoff: 6.65716e-05
66.8692% complete. Max time remaining: 30 mins, 48 secs. Auto Shutoff: 6.57689e-05
67.8814% complete. Max time remaining: 29 mins, 52 secs. Auto Shutoff: 6.56041e-05
68.8936% complete. Max time remaining: 28 mins, 56 secs. Auto Shutoff: 6.55641e-05
69.9057% complete. Max time remaining: 27 mins, 60 secs. Auto Shutoff: 6.5628e-05
70.9179% complete. Max time remaining: 27 mins, 3 secs. Auto Shutoff: 6.53391e-05
71.9301% complete. Max time remaining: 26 mins, 7 secs. Auto Shutoff: 6.3896e-05
72.9423% complete. Max time remaining: 25 mins, 10 secs. Auto Shutoff: 6.22845e-05
73.1361% complete. Max time remaining: 4 hrs, 15 mins, 53 secs. Auto Shutoff: 6.16902e-05
74.143% complete. Max time remaining: 4 hrs, 3 mins, 22 secs. Auto Shutoff: 5.64858e-05
75.1551% complete. Max time remaining: 3 hrs, 51 mins, 0 secs. Auto Shutoff: 5.05245e-05
76.1673% complete. Max time remaining: 3 hrs, 38 mins, 56 secs. Auto Shutoff: 3.96353e-05
77.1795% complete. Max time remaining: 3 hrs, 27 mins, 10 secs. Auto Shutoff: 2.56488e-05
78.1917% complete. Max time remaining: 3 hrs, 15 mins, 41 secs. Auto Shutoff: 1.65276e-05
79.2039% complete. Max time remaining: 3 hrs, 4 mins, 30 secs. Auto Shutoff: 1.31133e-05
80.2161% complete. Max time remaining: 2 hrs, 53 mins, 35 secs. Auto Shutoff: 1.01982e-05
100% complete. Max time remaining: 0 mins, 0 secs. Auto Shutoff: 9.5732e-06
Early termination of simulation, the autoshutoff criteria are satisfied.
Completed 29851 iterations, or 8.035877e-13s of Simulation Time
Process 0 starting to collect data
    collecting monitor data
    collecting source data
Using frequency dependent profile
Frequency range of source is less than 1e-3 of center frequency and will be increased to 1e-3 of center frequency.
Finished collecting data
left is a duplicate key.
bottom is a duplicate key.
z1 is a duplicate key.
z2 is a duplicate key.
Nx is a duplicate key.
Ny is a duplicate key.
Nz is a duplicate key.
left is a duplicate key.
bottom is a duplicate key.
z1 is a duplicate key.
z2 is a duplicate key.
Nx is a duplicate key.
Ny is a duplicate key.
Nz is a duplicate key.
left is a duplicate key.
bottom is a duplicate key.
z1 is a duplicate key.
z2 is a duplicate key.
Nx is a duplicate key.
Ny is a duplicate key.
Nz is a duplicate key.
left is a duplicate key.
bottom is a duplicate key.
z1 is a duplicate key.
z2 is a duplicate key.
Nx is a duplicate key.
Ny is a duplicate key.
Nz is a duplicate key.
Simulation completed successfully at: Wed Aug  3 11:24:24 2022
Overall wall time measurements in seconds: 42319.2
    time to mesh and initialize: 74.6673
    time to run FDTD simulation: 42241
    time to checkpoint simulation: 6e-07
    time to finalize data and save to files: 0.228292
    miscellaneous time: 3.29778
    FDTD solver speed on process 0: 1.34105 Mnodes/s
    total FDTD solver speed on 16 processes: 21.4568 Mnodes/s
